{"total": {"lines":{"total":4472,"covered":2496,"skipped":0,"pct":55.81},"statements":{"total":4612,"covered":2566,"skipped":0,"pct":55.63},"functions":{"total":920,"covered":445,"skipped":0,"pct":48.36},"branches":{"total":3184,"covered":1457,"skipped":0,"pct":45.76},"branchesTrue":{"total":0,"covered":0,"skipped":0,"pct":100}}
,"/home/vtopia/git/sepilot_desktop/components/browser/BookmarksList.tsx": {"lines":{"total":118,"covered":90,"skipped":0,"pct":76.27},"functions":{"total":30,"covered":22,"skipped":0,"pct":73.33},"statements":{"total":127,"covered":94,"skipped":0,"pct":74.01},"branches":{"total":71,"covered":55,"skipped":0,"pct":77.46}}
,"/home/vtopia/git/sepilot_desktop/components/browser/BrowserAgentLogsView.tsx": {"lines":{"total":41,"covered":41,"skipped":0,"pct":100},"functions":{"total":8,"covered":8,"skipped":0,"pct":100},"statements":{"total":41,"covered":41,"skipped":0,"pct":100},"branches":{"total":48,"covered":46,"skipped":0,"pct":95.83}}
,"/home/vtopia/git/sepilot_desktop/components/browser/BrowserSettings.tsx": {"lines":{"total":74,"covered":50,"skipped":0,"pct":67.56},"functions":{"total":16,"covered":7,"skipped":0,"pct":43.75},"statements":{"total":74,"covered":50,"skipped":0,"pct":67.56},"branches":{"total":38,"covered":25,"skipped":0,"pct":65.78}}
,"/home/vtopia/git/sepilot_desktop/components/browser/BrowserToolsList.tsx": {"lines":{"total":10,"covered":10,"skipped":0,"pct":100},"functions":{"total":3,"covered":3,"skipped":0,"pct":100},"statements":{"total":10,"covered":10,"skipped":0,"pct":100},"branches":{"total":4,"covered":4,"skipped":0,"pct":100}}
,"/home/vtopia/git/sepilot_desktop/components/browser/SnapshotsList.tsx": {"lines":{"total":53,"covered":53,"skipped":0,"pct":100},"functions":{"total":11,"covered":11,"skipped":0,"pct":100},"statements":{"total":55,"covered":55,"skipped":0,"pct":100},"branches":{"total":26,"covered":26,"skipped":0,"pct":100}}
,"/home/vtopia/git/sepilot_desktop/components/chat/CodeDiffViewer.tsx": {"lines":{"total":48,"covered":48,"skipped":0,"pct":100},"functions":{"total":8,"covered":8,"skipped":0,"pct":100},"statements":{"total":52,"covered":52,"skipped":0,"pct":100},"branches":{"total":29,"covered":29,"skipped":0,"pct":100}}
,"/home/vtopia/git/sepilot_desktop/components/chat/CompressConversationDialog.tsx": {"lines":{"total":66,"covered":14,"skipped":0,"pct":21.21},"functions":{"total":10,"covered":2,"skipped":0,"pct":20},"statements":{"total":67,"covered":14,"skipped":0,"pct":20.89},"branches":{"total":45,"covered":9,"skipped":0,"pct":20}}
,"/home/vtopia/git/sepilot_desktop/components/chat/ImageGenerationProgressBar.tsx": {"lines":{"total":23,"covered":23,"skipped":0,"pct":100},"functions":{"total":4,"covered":4,"skipped":0,"pct":100},"statements":{"total":23,"covered":23,"skipped":0,"pct":100},"branches":{"total":26,"covered":26,"skipped":0,"pct":100}}
,"/home/vtopia/git/sepilot_desktop/components/chat/InteractiveInput.tsx": {"lines":{"total":22,"covered":7,"skipped":0,"pct":31.81},"functions":{"total":5,"covered":0,"skipped":0,"pct":0},"statements":{"total":23,"covered":7,"skipped":0,"pct":30.43},"branches":{"total":34,"covered":0,"skipped":0,"pct":0}}
,"/home/vtopia/git/sepilot_desktop/components/chat/InteractiveSelect.tsx": {"lines":{"total":16,"covered":5,"skipped":0,"pct":31.25},"functions":{"total":4,"covered":0,"skipped":0,"pct":0},"statements":{"total":17,"covered":5,"skipped":0,"pct":29.41},"branches":{"total":16,"covered":0,"skipped":0,"pct":0}}
,"/home/vtopia/git/sepilot_desktop/components/chat/LLMStatusBar.tsx": {"lines":{"total":55,"covered":52,"skipped":0,"pct":94.54},"functions":{"total":13,"covered":13,"skipped":0,"pct":100},"statements":{"total":55,"covered":52,"skipped":0,"pct":94.54},"branches":{"total":48,"covered":46,"skipped":0,"pct":95.83}}
,"/home/vtopia/git/sepilot_desktop/components/chat/MessageBubble.tsx": {"lines":{"total":115,"covered":104,"skipped":0,"pct":90.43},"functions":{"total":25,"covered":24,"skipped":0,"pct":96},"statements":{"total":116,"covered":105,"skipped":0,"pct":90.51},"branches":{"total":125,"covered":107,"skipped":0,"pct":85.6}}
,"/home/vtopia/git/sepilot_desktop/components/chat/SaveKnowledgeDialog.tsx": {"lines":{"total":60,"covered":17,"skipped":0,"pct":28.33},"functions":{"total":10,"covered":2,"skipped":0,"pct":20},"statements":{"total":60,"covered":17,"skipped":0,"pct":28.33},"branches":{"total":49,"covered":9,"skipped":0,"pct":18.36}}
,"/home/vtopia/git/sepilot_desktop/components/chat/ToolApprovalDialog.tsx": {"lines":{"total":66,"covered":65,"skipped":0,"pct":98.48},"functions":{"total":11,"covered":11,"skipped":0,"pct":100},"statements":{"total":66,"covered":65,"skipped":0,"pct":98.48},"branches":{"total":34,"covered":29,"skipped":0,"pct":85.29}}
,"/home/vtopia/git/sepilot_desktop/components/chat/ToolApprovalRequest.tsx": {"lines":{"total":25,"covered":5,"skipped":0,"pct":20},"functions":{"total":4,"covered":0,"skipped":0,"pct":0},"statements":{"total":25,"covered":5,"skipped":0,"pct":20},"branches":{"total":38,"covered":0,"skipped":0,"pct":0}}
,"/home/vtopia/git/sepilot_desktop/components/chat/ToolResult.tsx": {"lines":{"total":10,"covered":5,"skipped":0,"pct":50},"functions":{"total":2,"covered":0,"skipped":0,"pct":0},"statements":{"total":10,"covered":5,"skipped":0,"pct":50},"branches":{"total":19,"covered":0,"skipped":0,"pct":0}}
,"/home/vtopia/git/sepilot_desktop/components/chat/WorkingDirectoryIndicator.tsx": {"lines":{"total":28,"covered":28,"skipped":0,"pct":100},"functions":{"total":4,"covered":4,"skipped":0,"pct":100},"statements":{"total":28,"covered":28,"skipped":0,"pct":100},"branches":{"total":16,"covered":16,"skipped":0,"pct":100}}
,"/home/vtopia/git/sepilot_desktop/components/editor/SearchPanel.tsx": {"lines":{"total":74,"covered":74,"skipped":0,"pct":100},"functions":{"total":16,"covered":16,"skipped":0,"pct":100},"statements":{"total":75,"covered":75,"skipped":0,"pct":100},"branches":{"total":55,"covered":48,"skipped":0,"pct":87.27}}
,"/home/vtopia/git/sepilot_desktop/components/layout/ChatHistory.tsx": {"lines":{"total":196,"covered":98,"skipped":0,"pct":50},"functions":{"total":47,"covered":24,"skipped":0,"pct":51.06},"statements":{"total":199,"covered":99,"skipped":0,"pct":49.74},"branches":{"total":106,"covered":47,"skipped":0,"pct":44.33}}
,"/home/vtopia/git/sepilot_desktop/components/layout/FileExplorer.tsx": {"lines":{"total":99,"covered":65,"skipped":0,"pct":65.65},"functions":{"total":22,"covered":8,"skipped":0,"pct":36.36},"statements":{"total":101,"covered":65,"skipped":0,"pct":64.35},"branches":{"total":54,"covered":34,"skipped":0,"pct":62.96}}
,"/home/vtopia/git/sepilot_desktop/components/layout/FileTreeContextMenu.tsx": {"lines":{"total":6,"covered":6,"skipped":0,"pct":100},"functions":{"total":1,"covered":1,"skipped":0,"pct":100},"statements":{"total":6,"covered":6,"skipped":0,"pct":100},"branches":{"total":46,"covered":38,"skipped":0,"pct":82.6}}
,"/home/vtopia/git/sepilot_desktop/components/layout/FileTreeItem.tsx": {"lines":{"total":123,"covered":50,"skipped":0,"pct":40.65},"functions":{"total":18,"covered":4,"skipped":0,"pct":22.22},"statements":{"total":123,"covered":50,"skipped":0,"pct":40.65},"branches":{"total":79,"covered":32,"skipped":0,"pct":40.5}}
,"/home/vtopia/git/sepilot_desktop/components/markdown/CodeBlock.tsx": {"lines":{"total":16,"covered":16,"skipped":0,"pct":100},"functions":{"total":3,"covered":3,"skipped":0,"pct":100},"statements":{"total":17,"covered":17,"skipped":0,"pct":100},"branches":{"total":6,"covered":6,"skipped":0,"pct":100}}
,"/home/vtopia/git/sepilot_desktop/components/markdown/MarkdownRenderer.tsx": {"lines":{"total":110,"covered":64,"skipped":0,"pct":58.18},"functions":{"total":10,"covered":10,"skipped":0,"pct":100},"statements":{"total":111,"covered":65,"skipped":0,"pct":58.55},"branches":{"total":64,"covered":35,"skipped":0,"pct":54.68}}
,"/home/vtopia/git/sepilot_desktop/components/markdown/MermaidDiagram.tsx": {"lines":{"total":127,"covered":65,"skipped":0,"pct":51.18},"functions":{"total":18,"covered":9,"skipped":0,"pct":50},"statements":{"total":131,"covered":66,"skipped":0,"pct":50.38},"branches":{"total":81,"covered":26,"skipped":0,"pct":32.09}}
,"/home/vtopia/git/sepilot_desktop/components/markdown/PlotlyChart.tsx": {"lines":{"total":30,"covered":27,"skipped":0,"pct":90},"functions":{"total":7,"covered":4,"skipped":0,"pct":57.14},"statements":{"total":32,"covered":28,"skipped":0,"pct":87.5},"branches":{"total":14,"covered":12,"skipped":0,"pct":85.71}}
,"/home/vtopia/git/sepilot_desktop/components/mcp/MCPServerConfig.tsx": {"lines":{"total":111,"covered":104,"skipped":0,"pct":93.69},"functions":{"total":23,"covered":22,"skipped":0,"pct":95.65},"statements":{"total":111,"covered":104,"skipped":0,"pct":93.69},"branches":{"total":86,"covered":72,"skipped":0,"pct":83.72}}
,"/home/vtopia/git/sepilot_desktop/components/mcp/MCPServerList.tsx": {"lines":{"total":116,"covered":75,"skipped":0,"pct":64.65},"functions":{"total":20,"covered":11,"skipped":0,"pct":55},"statements":{"total":116,"covered":75,"skipped":0,"pct":64.65},"branches":{"total":118,"covered":59,"skipped":0,"pct":50}}
,"/home/vtopia/git/sepilot_desktop/components/rag/DocsSyncDialog.tsx": {"lines":{"total":209,"covered":33,"skipped":0,"pct":15.78},"functions":{"total":42,"covered":2,"skipped":0,"pct":4.76},"statements":{"total":213,"covered":33,"skipped":0,"pct":15.49},"branches":{"total":207,"covered":13,"skipped":0,"pct":6.28}}
,"/home/vtopia/git/sepilot_desktop/components/rag/DocumentList.tsx": {"lines":{"total":319,"covered":141,"skipped":0,"pct":44.2},"functions":{"total":70,"covered":30,"skipped":0,"pct":42.85},"statements":{"total":326,"covered":145,"skipped":0,"pct":44.47},"branches":{"total":244,"covered":108,"skipped":0,"pct":44.26}}
,"/home/vtopia/git/sepilot_desktop/components/rag/FolderManageDialog.tsx": {"lines":{"total":29,"covered":11,"skipped":0,"pct":37.93},"functions":{"total":6,"covered":1,"skipped":0,"pct":16.66},"statements":{"total":30,"covered":11,"skipped":0,"pct":36.66},"branches":{"total":15,"covered":5,"skipped":0,"pct":33.33}}
,"/home/vtopia/git/sepilot_desktop/components/rag/VectorDBSettings.tsx": {"lines":{"total":113,"covered":107,"skipped":0,"pct":94.69},"functions":{"total":26,"covered":21,"skipped":0,"pct":80.76},"statements":{"total":119,"covered":111,"skipped":0,"pct":93.27},"branches":{"total":100,"covered":85,"skipped":0,"pct":85}}
,"/home/vtopia/git/sepilot_desktop/components/settings/BackupRestoreSettings.tsx": {"lines":{"total":175,"covered":109,"skipped":0,"pct":62.28},"functions":{"total":12,"covered":5,"skipped":0,"pct":41.66},"statements":{"total":175,"covered":109,"skipped":0,"pct":62.28},"branches":{"total":106,"covered":46,"skipped":0,"pct":43.39}}
,"/home/vtopia/git/sepilot_desktop/components/settings/ConnectionManager.tsx": {"lines":{"total":79,"covered":7,"skipped":0,"pct":8.86},"functions":{"total":25,"covered":0,"skipped":0,"pct":0},"statements":{"total":84,"covered":7,"skipped":0,"pct":8.33},"branches":{"total":96,"covered":0,"skipped":0,"pct":0}}
,"/home/vtopia/git/sepilot_desktop/components/settings/LLMSettingsTab.tsx": {"lines":{"total":17,"covered":7,"skipped":0,"pct":41.17},"functions":{"total":9,"covered":0,"skipped":0,"pct":0},"statements":{"total":20,"covered":7,"skipped":0,"pct":35},"branches":{"total":14,"covered":0,"skipped":0,"pct":0}}
,"/home/vtopia/git/sepilot_desktop/components/settings/MCPSettingsTab.tsx": {"lines":{"total":8,"covered":8,"skipped":0,"pct":100},"functions":{"total":5,"covered":5,"skipped":0,"pct":100},"statements":{"total":10,"covered":10,"skipped":0,"pct":100},"branches":{"total":0,"covered":0,"skipped":0,"pct":100}}
,"/home/vtopia/git/sepilot_desktop/components/settings/ModelListView.tsx": {"lines":{"total":112,"covered":8,"skipped":0,"pct":7.14},"functions":{"total":43,"covered":0,"skipped":0,"pct":0},"statements":{"total":118,"covered":8,"skipped":0,"pct":6.77},"branches":{"total":125,"covered":0,"skipped":0,"pct":0}}
,"/home/vtopia/git/sepilot_desktop/components/settings/NetworkSettingsTab.tsx": {"lines":{"total":11,"covered":11,"skipped":0,"pct":100},"functions":{"total":5,"covered":5,"skipped":0,"pct":100},"statements":{"total":11,"covered":11,"skipped":0,"pct":100},"branches":{"total":30,"covered":22,"skipped":0,"pct":73.33}}
,"/home/vtopia/git/sepilot_desktop/components/settings/QuickInputSettingsTab.tsx": {"lines":{"total":35,"covered":33,"skipped":0,"pct":94.28},"functions":{"total":14,"covered":14,"skipped":0,"pct":100},"statements":{"total":35,"covered":33,"skipped":0,"pct":94.28},"branches":{"total":26,"covered":23,"skipped":0,"pct":88.46}}
,"/home/vtopia/git/sepilot_desktop/components/settings/SettingsSectionHeader.tsx": {"lines":{"total":2,"covered":2,"skipped":0,"pct":100},"functions":{"total":1,"covered":1,"skipped":0,"pct":100},"statements":{"total":2,"covered":2,"skipped":0,"pct":100},"branches":{"total":4,"covered":4,"skipped":0,"pct":100}}
,"/home/vtopia/git/sepilot_desktop/components/settings/settingsUtils.ts": {"lines":{"total":81,"covered":73,"skipped":0,"pct":90.12},"functions":{"total":17,"covered":13,"skipped":0,"pct":76.47},"statements":{"total":103,"covered":93,"skipped":0,"pct":90.29},"branches":{"total":102,"covered":88,"skipped":0,"pct":86.27}}
,"/home/vtopia/git/sepilot_desktop/components/theme/ThemeToggle.tsx": {"lines":{"total":14,"covered":14,"skipped":0,"pct":100},"functions":{"total":3,"covered":3,"skipped":0,"pct":100},"statements":{"total":14,"covered":14,"skipped":0,"pct":100},"branches":{"total":8,"covered":8,"skipped":0,"pct":100}}
,"/home/vtopia/git/sepilot_desktop/components/ui/alert-dialog.tsx": {"lines":{"total":42,"covered":42,"skipped":0,"pct":100},"functions":{"total":8,"covered":8,"skipped":0,"pct":100},"statements":{"total":42,"covered":42,"skipped":0,"pct":100},"branches":{"total":0,"covered":0,"skipped":0,"pct":100}}
,"/home/vtopia/git/sepilot_desktop/components/ui/alert.tsx": {"lines":{"total":14,"covered":14,"skipped":0,"pct":100},"functions":{"total":3,"covered":3,"skipped":0,"pct":100},"statements":{"total":16,"covered":16,"skipped":0,"pct":100},"branches":{"total":0,"covered":0,"skipped":0,"pct":100}}
,"/home/vtopia/git/sepilot_desktop/components/ui/avatar.tsx": {"lines":{"total":13,"covered":13,"skipped":0,"pct":100},"functions":{"total":3,"covered":3,"skipped":0,"pct":100},"statements":{"total":15,"covered":15,"skipped":0,"pct":100},"branches":{"total":0,"covered":0,"skipped":0,"pct":100}}
,"/home/vtopia/git/sepilot_desktop/components/ui/badge.tsx": {"lines":{"total":6,"covered":6,"skipped":0,"pct":100},"functions":{"total":1,"covered":1,"skipped":0,"pct":100},"statements":{"total":7,"covered":7,"skipped":0,"pct":100},"branches":{"total":0,"covered":0,"skipped":0,"pct":100}}
,"/home/vtopia/git/sepilot_desktop/components/ui/button.tsx": {"lines":{"total":8,"covered":8,"skipped":0,"pct":100},"functions":{"total":1,"covered":1,"skipped":0,"pct":100},"statements":{"total":9,"covered":9,"skipped":0,"pct":100},"branches":{"total":0,"covered":0,"skipped":0,"pct":100}}
,"/home/vtopia/git/sepilot_desktop/components/ui/card.tsx": {"lines":{"total":21,"covered":21,"skipped":0,"pct":100},"functions":{"total":6,"covered":6,"skipped":0,"pct":100},"statements":{"total":26,"covered":26,"skipped":0,"pct":100},"branches":{"total":0,"covered":0,"skipped":0,"pct":100}}
,"/home/vtopia/git/sepilot_desktop/components/ui/collapsible.tsx": {"lines":{"total":5,"covered":5,"skipped":0,"pct":100},"functions":{"total":0,"covered":0,"skipped":0,"pct":100},"statements":{"total":7,"covered":7,"skipped":0,"pct":100},"branches":{"total":0,"covered":0,"skipped":0,"pct":100}}
,"/home/vtopia/git/sepilot_desktop/components/ui/context-menu.tsx": {"lines":{"total":52,"covered":48,"skipped":0,"pct":92.3},"functions":{"total":9,"covered":5,"skipped":0,"pct":55.55},"statements":{"total":52,"covered":48,"skipped":0,"pct":92.3},"branches":{"total":6,"covered":3,"skipped":0,"pct":50}}
,"/home/vtopia/git/sepilot_desktop/components/ui/dialog.tsx": {"lines":{"total":17,"covered":17,"skipped":0,"pct":100},"functions":{"total":7,"covered":7,"skipped":0,"pct":100},"statements":{"total":17,"covered":17,"skipped":0,"pct":100},"branches":{"total":4,"covered":4,"skipped":0,"pct":100}}
,"/home/vtopia/git/sepilot_desktop/components/ui/dropdown-menu.tsx": {"lines":{"total":111,"covered":106,"skipped":0,"pct":95.49},"functions":{"total":25,"covered":22,"skipped":0,"pct":88},"statements":{"total":112,"covered":107,"skipped":0,"pct":95.53},"branches":{"total":60,"covered":52,"skipped":0,"pct":86.66}}
,"/home/vtopia/git/sepilot_desktop/components/ui/input.tsx": {"lines":{"total":6,"covered":6,"skipped":0,"pct":100},"functions":{"total":1,"covered":1,"skipped":0,"pct":100},"statements":{"total":6,"covered":6,"skipped":0,"pct":100},"branches":{"total":0,"covered":0,"skipped":0,"pct":100}}
,"/home/vtopia/git/sepilot_desktop/components/ui/label.tsx": {"lines":{"total":6,"covered":6,"skipped":0,"pct":100},"functions":{"total":1,"covered":1,"skipped":0,"pct":100},"statements":{"total":6,"covered":6,"skipped":0,"pct":100},"branches":{"total":0,"covered":0,"skipped":0,"pct":100}}
,"/home/vtopia/git/sepilot_desktop/components/ui/popover.tsx": {"lines":{"total":9,"covered":9,"skipped":0,"pct":100},"functions":{"total":1,"covered":1,"skipped":0,"pct":100},"statements":{"total":11,"covered":11,"skipped":0,"pct":100},"branches":{"total":2,"covered":1,"skipped":0,"pct":50}}
,"/home/vtopia/git/sepilot_desktop/components/ui/scroll-area.tsx": {"lines":{"total":6,"covered":6,"skipped":0,"pct":100},"functions":{"total":1,"covered":1,"skipped":0,"pct":100},"statements":{"total":6,"covered":6,"skipped":0,"pct":100},"branches":{"total":0,"covered":0,"skipped":0,"pct":100}}
,"/home/vtopia/git/sepilot_desktop/components/ui/select.tsx": {"lines":{"total":38,"covered":36,"skipped":0,"pct":94.73},"functions":{"total":7,"covered":5,"skipped":0,"pct":71.42},"statements":{"total":38,"covered":36,"skipped":0,"pct":94.73},"branches":{"total":5,"covered":5,"skipped":0,"pct":100}}
,"/home/vtopia/git/sepilot_desktop/components/ui/switch.tsx": {"lines":{"total":7,"covered":7,"skipped":0,"pct":100},"functions":{"total":1,"covered":1,"skipped":0,"pct":100},"statements":{"total":7,"covered":7,"skipped":0,"pct":100},"branches":{"total":0,"covered":0,"skipped":0,"pct":100}}
,"/home/vtopia/git/sepilot_desktop/components/ui/tabs.tsx": {"lines":{"total":14,"covered":14,"skipped":0,"pct":100},"functions":{"total":3,"covered":3,"skipped":0,"pct":100},"statements":{"total":17,"covered":17,"skipped":0,"pct":100},"branches":{"total":0,"covered":0,"skipped":0,"pct":100}}
,"/home/vtopia/git/sepilot_desktop/components/ui/textarea.tsx": {"lines":{"total":6,"covered":6,"skipped":0,"pct":100},"functions":{"total":1,"covered":1,"skipped":0,"pct":100},"statements":{"total":6,"covered":6,"skipped":0,"pct":100},"branches":{"total":0,"covered":0,"skipped":0,"pct":100}}
,"/home/vtopia/git/sepilot_desktop/components/ui/tooltip.tsx": {"lines":{"total":10,"covered":10,"skipped":0,"pct":100},"functions":{"total":1,"covered":1,"skipped":0,"pct":100},"statements":{"total":13,"covered":13,"skipped":0,"pct":100},"branches":{"total":1,"covered":1,"skipped":0,"pct":100}}
,"/home/vtopia/git/sepilot_desktop/hooks/use-file-clipboard.ts": {"lines":{"total":55,"covered":10,"skipped":0,"pct":18.18},"functions":{"total":3,"covered":1,"skipped":0,"pct":33.33},"statements":{"total":55,"covered":10,"skipped":0,"pct":18.18},"branches":{"total":35,"covered":1,"skipped":0,"pct":2.85}}
,"/home/vtopia/git/sepilot_desktop/hooks/use-file-system.ts": {"lines":{"total":92,"covered":92,"skipped":0,"pct":100},"functions":{"total":9,"covered":9,"skipped":0,"pct":100},"statements":{"total":92,"covered":92,"skipped":0,"pct":100},"branches":{"total":51,"covered":42,"skipped":0,"pct":82.35}}
,"/home/vtopia/git/sepilot_desktop/lib/platform.ts": {"lines":{"total":14,"covered":12,"skipped":0,"pct":85.71},"functions":{"total":4,"covered":4,"skipped":0,"pct":100},"statements":{"total":14,"covered":12,"skipped":0,"pct":85.71},"branches":{"total":10,"covered":8,"skipped":0,"pct":80}}
,"/home/vtopia/git/sepilot_desktop/lib/utils.ts": {"lines":{"total":24,"covered":24,"skipped":0,"pct":100},"functions":{"total":5,"covered":5,"skipped":0,"pct":100},"statements":{"total":24,"covered":24,"skipped":0,"pct":100},"branches":{"total":29,"covered":29,"skipped":0,"pct":100}}
,"/home/vtopia/git/sepilot_desktop/lib/hooks/use-keyboard-shortcuts.ts": {"lines":{"total":36,"covered":35,"skipped":0,"pct":97.22},"functions":{"total":6,"covered":6,"skipped":0,"pct":100},"statements":{"total":36,"covered":35,"skipped":0,"pct":97.22},"branches":{"total":32,"covered":31,"skipped":0,"pct":96.87}}
,"/home/vtopia/git/sepilot_desktop/lib/store/chat-store.ts": {"lines":{"total":624,"covered":41,"skipped":0,"pct":6.57},"functions":{"total":165,"covered":8,"skipped":0,"pct":4.84},"statements":{"total":652,"covered":42,"skipped":0,"pct":6.44},"branches":{"total":380,"covered":12,"skipped":0,"pct":3.15}}
,"/home/vtopia/git/sepilot_desktop/lib/utils/file-language.ts": {"lines":{"total":19,"covered":17,"skipped":0,"pct":89.47},"functions":{"total":4,"covered":4,"skipped":0,"pct":100},"statements":{"total":19,"covered":17,"skipped":0,"pct":89.47},"branches":{"total":12,"covered":10,"skipped":0,"pct":83.33}}
,"/home/vtopia/git/sepilot_desktop/lib/utils/interactive-parser.ts": {"lines":{"total":111,"covered":11,"skipped":0,"pct":9.9},"functions":{"total":6,"covered":1,"skipped":0,"pct":16.66},"statements":{"total":112,"covered":11,"skipped":0,"pct":9.82},"branches":{"total":74,"covered":3,"skipped":0,"pct":4.05}}
,"/home/vtopia/git/sepilot_desktop/lib/utils/token-counter.ts": {"lines":{"total":60,"covered":45,"skipped":0,"pct":75},"functions":{"total":7,"covered":5,"skipped":0,"pct":71.42},"statements":{"total":60,"covered":45,"skipped":0,"pct":75},"branches":{"total":31,"covered":17,"skipped":0,"pct":54.83}}
,"/home/vtopia/git/sepilot_desktop/types/editor-settings.ts": {"lines":{"total":3,"covered":3,"skipped":0,"pct":100},"functions":{"total":0,"covered":0,"skipped":0,"pct":100},"statements":{"total":3,"covered":3,"skipped":0,"pct":100},"branches":{"total":0,"covered":0,"skipped":0,"pct":100}}
,"/home/vtopia/git/sepilot_desktop/types/persona.ts": {"lines":{"total":1,"covered":1,"skipped":0,"pct":100},"functions":{"total":0,"covered":0,"skipped":0,"pct":100},"statements":{"total":1,"covered":1,"skipped":0,"pct":100},"branches":{"total":0,"covered":0,"skipped":0,"pct":100}}
}
