TN:
SF:components/browser/BookmarksList.tsx
FN:30,BookmarksList
FN:40,(anonymous_1)
FN:45,(anonymous_2)
FN:70,(anonymous_3)
FN:79,(anonymous_4)
FN:92,(anonymous_5)
FN:103,(anonymous_6)
FN:103,(anonymous_7)
FN:104,(anonymous_8)
FN:104,(anonymous_9)
FN:118,(anonymous_10)
FN:129,(anonymous_11)
FN:129,(anonymous_12)
FN:140,(anonymous_13)
FN:160,(anonymous_14)
FN:172,(anonymous_15)
FN:185,(anonymous_16)
FN:186,(anonymous_17)
FN:189,(anonymous_18)
FN:199,(anonymous_19)
FN:219,(anonymous_20)
FN:223,(anonymous_21)
FN:224,(anonymous_22)
FN:231,(anonymous_23)
FN:247,(anonymous_24)
FN:264,(anonymous_25)
FN:265,(anonymous_26)
FN:296,(anonymous_27)
FN:300,(anonymous_28)
FN:311,(anonymous_29)
FNF:30
FNH:22
FNDA:77,BookmarksList
FNDA:25,(anonymous_1)
FNDA:24,(anonymous_2)
FNDA:2,(anonymous_3)
FNDA:0,(anonymous_4)
FNDA:0,(anonymous_5)
FNDA:0,(anonymous_6)
FNDA:0,(anonymous_7)
FNDA:0,(anonymous_8)
FNDA:0,(anonymous_9)
FNDA:3,(anonymous_10)
FNDA:1,(anonymous_11)
FNDA:1,(anonymous_12)
FNDA:3,(anonymous_13)
FNDA:2,(anonymous_14)
FNDA:1,(anonymous_15)
FNDA:2,(anonymous_16)
FNDA:17,(anonymous_17)
FNDA:1,(anonymous_18)
FNDA:1,(anonymous_19)
FNDA:0,(anonymous_20)
FNDA:13,(anonymous_21)
FNDA:1,(anonymous_22)
FNDA:0,(anonymous_23)
FNDA:4,(anonymous_24)
FNDA:2,(anonymous_25)
FNDA:3,(anonymous_26)
FNDA:13,(anonymous_27)
FNDA:3,(anonymous_28)
FNDA:3,(anonymous_29)
DA:3,1
DA:4,1
DA:5,1
DA:6,1
DA:7,1
DA:8,1
DA:9,1
DA:30,1
DA:31,77
DA:32,77
DA:33,77
DA:34,77
DA:35,77
DA:36,77
DA:37,77
DA:40,77
DA:41,25
DA:42,1
DA:45,24
DA:46,24
DA:47,24
DA:48,24
DA:53,22
DA:54,22
DA:57,22
DA:58,22
DA:61,1
DA:63,23
DA:67,24
DA:70,77
DA:71,2
DA:72,0
DA:75,2
DA:76,2
DA:77,2
DA:78,1
DA:79,1
DA:80,1
DA:81,1
DA:83,1
DA:84,1
DA:87,0
DA:88,0
DA:92,77
DA:93,0
DA:94,0
DA:96,0
DA:97,0
DA:100,0
DA:101,0
DA:102,0
DA:103,0
DA:104,0
DA:105,0
DA:106,0
DA:109,0
DA:110,0
DA:113,0
DA:114,0
DA:118,77
DA:119,3
DA:120,1
DA:122,2
DA:123,0
DA:126,2
DA:127,2
DA:128,2
DA:129,1
DA:131,1
DA:132,1
DA:135,0
DA:136,0
DA:140,77
DA:141,3
DA:142,0
DA:145,3
DA:146,3
DA:147,2
DA:148,1
DA:149,1
DA:151,1
DA:152,1
DA:155,1
DA:156,1
DA:160,77
DA:161,2
DA:162,0
DA:165,2
DA:166,2
DA:170,2
DA:171,1
DA:172,1
DA:173,1
DA:175,1
DA:176,1
DA:179,0
DA:180,0
DA:184,77
DA:185,2
DA:186,17
DA:188,77
DA:189,1
DA:192,77
DA:199,1
DA:219,0
DA:224,13
DA:232,0
DA:233,0
DA:247,4
DA:264,2
DA:266,3
DA:267,2
DA:269,3
DA:270,1
DA:297,13
DA:300,3
DA:312,3
DA:313,3
LF:118
LH:90
BRDA:41,0,0,1
BRDA:41,0,1,24
BRDA:41,1,0,25
BRDA:41,1,1,24
BRDA:53,2,0,22
BRDA:53,2,1,0
BRDA:53,3,0,22
BRDA:53,3,1,22
BRDA:57,4,0,22
BRDA:57,4,1,0
BRDA:57,5,0,22
BRDA:57,5,1,22
BRDA:71,6,0,0
BRDA:71,6,1,2
BRDA:71,7,0,2
BRDA:71,7,1,2
BRDA:71,7,2,2
BRDA:77,8,0,1
BRDA:77,8,1,1
BRDA:77,9,0,2
BRDA:77,9,1,1
BRDA:93,10,0,0
BRDA:93,10,1,0
BRDA:96,11,0,0
BRDA:96,11,1,0
BRDA:96,12,0,0
BRDA:96,12,1,0
BRDA:102,13,0,0
BRDA:102,13,1,0
BRDA:105,14,0,0
BRDA:105,14,1,0
BRDA:119,15,0,1
BRDA:119,15,1,2
BRDA:122,16,0,0
BRDA:122,16,1,2
BRDA:122,17,0,2
BRDA:122,17,1,2
BRDA:128,18,0,1
BRDA:128,18,1,1
BRDA:141,19,0,0
BRDA:141,19,1,3
BRDA:141,20,0,3
BRDA:141,20,1,3
BRDA:147,21,0,1
BRDA:147,21,1,1
BRDA:161,22,0,0
BRDA:161,22,1,2
BRDA:161,23,0,2
BRDA:161,23,1,2
BRDA:167,24,0,2
BRDA:167,24,1,2
BRDA:170,25,0,1
BRDA:170,25,1,1
BRDA:170,26,0,2
BRDA:170,26,1,1
BRDA:184,27,0,1
BRDA:184,27,1,76
BRDA:188,28,0,1
BRDA:188,28,1,76
BRDA:250,29,0,6
BRDA:250,29,1,71
BRDA:260,30,0,77
BRDA:260,30,1,6
BRDA:266,31,0,2
BRDA:266,31,1,1
BRDA:269,32,0,1
BRDA:269,32,1,2
BRDA:281,33,0,24
BRDA:281,33,1,53
BRDA:285,34,0,40
BRDA:285,34,1,13
BRF:71
BRH:55
end_of_record
TN:
SF:components/browser/BrowserAgentLogsView.tsx
FN:24,BrowserAgentLogsView
FN:31,(anonymous_1)
FN:46,(anonymous_2)
FN:84,(anonymous_3)
FN:94,LogEntry
FN:198,getLogIcon
FN:220,getLevelColor
FN:240,getPhaseLabel
FNF:8
FNH:8
FNDA:29,BrowserAgentLogsView
FNDA:29,(anonymous_1)
FNDA:1,(anonymous_2)
FNDA:32,(anonymous_3)
FNDA:32,LogEntry
FNDA:32,getLogIcon
FNDA:32,getLevelColor
FNDA:32,getPhaseLabel
DA:3,1
DA:4,1
DA:5,1
DA:15,1
DA:17,1
DA:24,1
DA:26,29
DA:28,29
DA:31,29
DA:32,29
DA:33,29
DA:37,29
DA:46,1
DA:84,32
DA:95,32
DA:96,32
DA:97,32
DA:99,32
DA:199,32
DA:201,11
DA:203,7
DA:205,8
DA:207,1
DA:209,2
DA:211,2
DA:213,1
DA:221,32
DA:223,10
DA:225,10
DA:227,1
DA:229,2
DA:231,7
DA:233,2
DA:241,32
DA:243,11
DA:245,7
DA:247,8
DA:249,1
DA:251,2
DA:253,2
DA:255,1
LF:41
LH:41
BRDA:32,0,0,29
BRDA:32,0,1,0
BRDA:54,1,0,29
BRDA:54,1,1,2
BRDA:75,2,0,11
BRDA:75,2,1,18
BRDA:107,3,0,32
BRDA:107,3,1,7
BRDA:121,4,0,32
BRDA:121,4,1,24
BRDA:124,5,0,24
BRDA:124,5,1,7
BRDA:131,6,0,24
BRDA:131,6,1,7
BRDA:137,7,0,7
BRDA:137,7,1,7
BRDA:146,8,0,24
BRDA:146,8,1,8
BRDA:156,9,0,8
BRDA:156,9,1,1
BRDA:162,10,0,24
BRDA:162,10,1,1
BRDA:175,11,0,24
BRDA:175,11,1,1
BRDA:181,12,0,1
BRDA:181,12,1,0
BRDA:184,13,0,1
BRDA:184,13,1,1
BRDA:199,14,0,11
BRDA:199,14,1,7
BRDA:199,14,2,8
BRDA:199,14,3,1
BRDA:199,14,4,2
BRDA:199,14,5,2
BRDA:199,14,6,1
BRDA:221,15,0,10
BRDA:221,15,1,10
BRDA:221,15,2,1
BRDA:221,15,3,2
BRDA:221,15,4,7
BRDA:221,15,5,2
BRDA:241,16,0,11
BRDA:241,16,1,7
BRDA:241,16,2,8
BRDA:241,16,3,1
BRDA:241,16,4,2
BRDA:241,16,5,2
BRDA:241,16,6,1
BRF:48
BRH:46
end_of_record
TN:
SF:components/browser/BrowserSettings.tsx
FN:32,BrowserSettings
FN:59,(anonymous_1)
FN:68,(anonymous_2)
FN:78,(anonymous_3)
FN:83,(anonymous_4)
FN:101,(anonymous_5)
FN:113,(anonymous_6)
FN:126,(anonymous_7)
FN:137,(anonymous_8)
FN:161,(anonymous_9)
FN:242,(anonymous_10)
FN:259,(anonymous_11)
FN:276,(anonymous_12)
FN:291,(anonymous_13)
FN:329,(anonymous_14)
FN:347,(anonymous_15)
FNF:16
FNH:7
FNDA:38,BrowserSettings
FNDA:0,(anonymous_1)
FNDA:0,(anonymous_2)
FNDA:14,(anonymous_3)
FNDA:13,(anonymous_4)
FNDA:2,(anonymous_5)
FNDA:2,(anonymous_6)
FNDA:0,(anonymous_7)
FNDA:0,(anonymous_8)
FNDA:1,(anonymous_9)
FNDA:0,(anonymous_10)
FNDA:0,(anonymous_11)
FNDA:0,(anonymous_12)
FNDA:0,(anonymous_13)
FNDA:250,(anonymous_14)
FNDA:0,(anonymous_15)
DA:3,1
DA:4,1
DA:5,1
DA:6,1
DA:7,1
DA:14,1
DA:15,1
DA:16,1
DA:19,1
DA:32,1
DA:33,38
DA:34,38
DA:35,38
DA:44,38
DA:47,38
DA:48,38
DA:49,38
DA:50,38
DA:53,38
DA:56,38
DA:59,38
DA:60,0
DA:64,0
DA:68,38
DA:69,0
DA:70,0
DA:71,0
DA:72,0
DA:73,0
DA:78,38
DA:79,14
DA:80,1
DA:83,13
DA:84,13
DA:85,13
DA:86,13
DA:87,11
DA:88,11
DA:89,11
DA:92,1
DA:94,12
DA:98,13
DA:101,38
DA:102,2
DA:103,0
DA:106,2
DA:107,2
DA:109,1
DA:113,38
DA:114,2
DA:115,0
DA:118,2
DA:119,2
DA:121,1
DA:126,38
DA:127,0
DA:133,0
DA:137,38
DA:138,0
DA:139,0
DA:140,0
DA:146,0
DA:147,0
DA:148,0
DA:149,0
DA:150,0
DA:154,38
DA:161,1
DA:242,0
DA:259,0
DA:276,0
DA:291,0
DA:330,250
DA:347,0
LF:74
LH:50
BRDA:47,0,0,38
BRDA:47,0,1,0
BRDA:48,1,0,38
BRDA:48,1,1,0
BRDA:49,2,0,38
BRDA:49,2,1,0
BRDA:50,3,0,38
BRDA:50,3,1,0
BRDA:54,4,0,38
BRDA:54,4,1,0
BRDA:56,5,0,38
BRDA:56,5,1,0
BRDA:69,6,0,0
BRDA:69,6,1,0
BRDA:79,7,0,1
BRDA:79,7,1,13
BRDA:79,8,0,14
BRDA:79,8,1,13
BRDA:87,9,0,11
BRDA:87,9,1,0
BRDA:87,10,0,11
BRDA:87,10,1,11
BRDA:102,11,0,0
BRDA:102,11,1,2
BRDA:102,12,0,2
BRDA:102,12,1,2
BRDA:114,13,0,0
BRDA:114,13,1,2
BRDA:114,14,0,2
BRDA:114,14,1,2
BRDA:138,15,0,0
BRDA:138,15,1,0
BRDA:171,16,0,13
BRDA:171,16,1,25
BRDA:182,17,0,25
BRDA:182,17,1,17
BRDA:205,18,0,25
BRDA:205,18,1,17
BRF:38
BRH:25
end_of_record
TN:
SF:components/browser/BrowserToolsList.tsx
FN:21,BrowserToolsList
FN:32,(anonymous_1)
FN:221,ToolItem
FNF:3
FNH:3
FNDA:30,BrowserToolsList
FNDA:1,(anonymous_1)
FNDA:810,ToolItem
DA:3,1
DA:13,1
DA:14,1
DA:15,1
DA:16,1
DA:21,1
DA:22,30
DA:24,30
DA:32,1
DA:230,810
LF:10
LH:10
BRDA:234,0,0,810
BRDA:234,0,1,420
BRDA:239,1,0,810
BRDA:239,1,1,30
BRF:4
BRH:4
end_of_record
TN:
SF:components/browser/SnapshotsList.tsx
FN:19,SnapshotsList
FN:25,(anonymous_1)
FN:30,(anonymous_2)
FN:49,(anonymous_3)
FN:62,(anonymous_4)
FN:62,(anonymous_5)
FN:73,(anonymous_6)
FN:100,(anonymous_7)
FN:125,(anonymous_8)
FN:129,(anonymous_9)
FN:148,(anonymous_10)
FNF:11
FNH:11
FNDA:52,SnapshotsList
FNDA:18,(anonymous_1)
FNDA:17,(anonymous_2)
FNDA:5,(anonymous_3)
FNDA:1,(anonymous_4)
FNDA:2,(anonymous_5)
FNDA:4,(anonymous_6)
FNDA:1,(anonymous_7)
FNDA:23,(anonymous_8)
FNDA:4,(anonymous_9)
FNDA:5,(anonymous_10)
DA:3,1
DA:4,1
DA:5,1
DA:6,1
DA:7,1
DA:19,1
DA:20,52
DA:21,52
DA:22,52
DA:25,52
DA:26,18
DA:27,1
DA:30,17
DA:31,17
DA:32,17
DA:33,17
DA:34,15
DA:35,14
DA:37,1
DA:40,1
DA:42,16
DA:46,17
DA:49,52
DA:50,5
DA:51,1
DA:54,4
DA:55,1
DA:58,3
DA:59,3
DA:60,2
DA:62,2
DA:64,1
DA:65,1
DA:68,1
DA:69,1
DA:73,52
DA:74,4
DA:75,1
DA:78,3
DA:79,3
DA:80,2
DA:81,1
DA:82,1
DA:84,1
DA:85,1
DA:88,1
DA:89,1
DA:93,52
DA:100,1
DA:126,23
DA:129,4
DA:149,5
DA:150,5
LF:53
LH:53
BRDA:26,0,0,1
BRDA:26,0,1,17
BRDA:26,1,0,18
BRDA:26,1,1,17
BRDA:34,2,0,14
BRDA:34,2,1,1
BRDA:34,3,0,15
BRDA:34,3,1,14
BRDA:50,4,0,1
BRDA:50,4,1,4
BRDA:54,5,0,1
BRDA:54,5,1,3
BRDA:54,6,0,4
BRDA:54,6,1,3
BRDA:60,7,0,1
BRDA:60,7,1,1
BRDA:74,8,0,1
BRDA:74,8,1,3
BRDA:74,9,0,4
BRDA:74,9,1,3
BRDA:80,10,0,1
BRDA:80,10,1,1
BRDA:110,11,0,17
BRDA:110,11,1,35
BRDA:114,12,0,23
BRDA:114,12,1,12
BRF:26
BRH:26
end_of_record
TN:
SF:components/chat/CodeDiffViewer.tsx
FN:25,CodeDiffViewer
FN:35,(anonymous_1)
FN:65,(anonymous_2)
FN:66,(anonymous_3)
FN:67,(anonymous_4)
FN:68,(anonymous_5)
FN:77,(anonymous_6)
FN:94,(anonymous_7)
FNF:8
FNH:8
FNDA:40,CodeDiffViewer
FNDA:35,(anonymous_1)
FNDA:35,(anonymous_2)
FNDA:122,(anonymous_3)
FNDA:122,(anonymous_4)
FNDA:122,(anonymous_5)
FNDA:5,(anonymous_6)
FNDA:131,(anonymous_7)
DA:3,3
DA:4,3
DA:5,3
DA:25,3
DA:32,40
DA:35,40
DA:36,35
DA:37,35
DA:38,35
DA:45,35
DA:47,35
DA:48,122
DA:49,122
DA:51,122
DA:52,43
DA:53,79
DA:54,27
DA:55,52
DA:56,6
DA:58,46
DA:62,35
DA:65,40
DA:66,122
DA:67,122
DA:68,122
DA:69,35
DA:72,40
DA:77,5
DA:95,131
DA:96,131
DA:97,131
DA:99,131
DA:101,29
DA:102,29
DA:103,29
DA:104,29
DA:106,6
DA:107,6
DA:108,6
DA:109,6
DA:111,50
DA:112,50
DA:113,50
DA:114,50
DA:116,46
DA:117,46
DA:120,131
DA:122,131
LF:48
LH:48
BRDA:51,0,0,43
BRDA:51,0,1,79
BRDA:53,1,0,27
BRDA:53,1,1,52
BRDA:55,2,0,6
BRDA:55,2,1,46
BRDA:80,3,0,37
BRDA:80,3,1,3
BRDA:83,4,0,40
BRDA:83,4,1,29
BRDA:84,5,0,40
BRDA:84,5,1,3
BRDA:85,6,0,40
BRDA:85,6,1,32
BRDA:91,7,0,40
BRDA:91,7,1,37
BRDA:99,8,0,29
BRDA:99,8,1,6
BRDA:99,8,2,50
BRDA:99,8,3,46
BRDA:120,9,0,125
BRDA:120,9,1,6
BRDA:135,10,0,37
BRDA:135,10,1,31
BRDA:135,10,2,8
BRDA:137,11,0,8
BRDA:137,11,1,6
BRDA:143,12,0,8
BRDA:143,12,1,6
BRF:29
BRH:29
end_of_record
TN:
SF:components/chat/CompressConversationDialog.tsx
FN:24,CompressConversationDialog
FN:40,(anonymous_1)
FN:46,(anonymous_2)
FN:53,(anonymous_3)
FN:55,(anonymous_4)
FN:108,(anonymous_5)
FN:162,(anonymous_6)
FN:175,(anonymous_7)
FN:254,(anonymous_8)
FN:302,(anonymous_9)
FNF:10
FNH:2
FNDA:72,CompressConversationDialog
FNDA:35,(anonymous_1)
FNDA:0,(anonymous_2)
FNDA:0,(anonymous_3)
FNDA:0,(anonymous_4)
FNDA:0,(anonymous_5)
FNDA:0,(anonymous_6)
FNDA:0,(anonymous_7)
FNDA:0,(anonymous_8)
FNDA:0,(anonymous_9)
DA:3,1
DA:4,1
DA:12,1
DA:13,1
DA:24,1
DA:31,72
DA:32,72
DA:33,72
DA:38,72
DA:40,72
DA:41,35
DA:42,0
DA:46,72
DA:47,0
DA:48,0
DA:50,0
DA:52,0
DA:53,0
DA:55,0
DA:60,0
DA:99,0
DA:100,0
DA:103,0
DA:105,0
DA:108,0
DA:109,0
DA:111,0
DA:113,0
DA:114,0
DA:115,0
DA:117,0
DA:124,0
DA:125,0
DA:126,0
DA:128,0
DA:136,0
DA:140,0
DA:142,0
DA:143,0
DA:146,0
DA:147,0
DA:154,0
DA:156,0
DA:157,0
DA:158,0
DA:162,72
DA:163,0
DA:164,0
DA:165,0
DA:168,0
DA:169,0
DA:171,0
DA:172,0
DA:174,0
DA:175,0
DA:176,0
DA:178,0
DA:179,0
DA:180,0
DA:181,0
DA:184,0
DA:185,0
DA:186,0
DA:190,72
DA:255,0
DA:302,0
LF:66
LH:14
BRDA:41,0,0,0
BRDA:41,0,1,35
BRDA:41,1,0,35
BRDA:41,1,1,0
BRDA:41,1,2,0
BRDA:55,2,0,0
BRDA:55,2,1,0
BRDA:99,3,0,0
BRDA:99,3,1,0
BRDA:99,4,0,0
BRDA:99,4,1,0
BRDA:100,5,0,0
BRDA:100,5,1,0
BRDA:124,6,0,0
BRDA:124,6,1,0
BRDA:124,7,0,0
BRDA:124,7,1,0
BRDA:142,8,0,0
BRDA:142,8,1,0
BRDA:157,9,0,0
BRDA:157,9,1,0
BRDA:163,10,0,0
BRDA:163,10,1,0
BRDA:185,11,0,0
BRDA:185,11,1,0
BRDA:206,12,0,72
BRDA:206,12,1,72
BRDA:216,13,0,72
BRDA:216,13,1,0
BRDA:218,14,0,0
BRDA:218,14,1,0
BRDA:230,15,0,0
BRDA:230,15,1,0
BRDA:257,16,0,0
BRDA:257,16,1,0
BRDA:280,17,0,72
BRDA:280,17,1,0
BRDA:290,18,0,72
BRDA:290,18,1,0
BRDA:303,19,0,72
BRDA:303,19,1,0
BRDA:303,19,2,0
BRDA:307,20,0,72
BRDA:307,20,1,0
BRDA:307,20,2,0
BRF:45
BRH:9
end_of_record
TN:
SF:components/chat/ImageGenerationProgressBar.tsx
FN:12,ImageGenerationProgressBar
FN:16,(anonymous_1)
FN:31,(anonymous_2)
FN:46,(anonymous_3)
FNF:4
FNH:4
FNDA:38,ImageGenerationProgressBar
FNDA:38,(anonymous_1)
FNDA:38,(anonymous_2)
FNDA:38,(anonymous_3)
DA:4,2
DA:5,2
DA:12,2
DA:16,38
DA:17,38
DA:19,9
DA:21,14
DA:23,8
DA:25,5
DA:27,2
DA:31,38
DA:32,38
DA:34,9
DA:36,14
DA:38,8
DA:40,5
DA:42,2
DA:46,38
DA:47,38
DA:49,8
DA:51,5
DA:53,25
DA:57,38
LF:23
LH:23
BRDA:17,0,0,9
BRDA:17,0,1,14
BRDA:17,0,2,8
BRDA:17,0,3,5
BRDA:17,0,4,2
BRDA:32,1,0,9
BRDA:32,1,1,14
BRDA:32,1,2,8
BRDA:32,1,3,5
BRDA:32,1,4,2
BRDA:47,2,0,8
BRDA:47,2,1,5
BRDA:47,2,2,25
BRDA:69,3,0,38
BRDA:69,3,1,9
BRDA:70,4,0,38
BRDA:70,4,1,14
BRDA:71,5,0,38
BRDA:71,5,1,8
BRDA:72,6,0,38
BRDA:72,6,1,5
BRDA:82,7,0,38
BRDA:82,7,1,14
BRDA:95,8,0,38
BRDA:95,8,1,4
BRDA:95,8,2,4
BRF:26
BRH:26
end_of_record
TN:
SF:components/chat/InteractiveInput.tsx
FN:18,InteractiveInput
FN:28,(anonymous_1)
FN:46,(anonymous_2)
FN:69,(anonymous_3)
FN:82,(anonymous_4)
FNF:5
FNH:0
FNDA:0,InteractiveInput
FNDA:0,(anonymous_1)
FNDA:0,(anonymous_2)
FNDA:0,(anonymous_3)
FNDA:0,(anonymous_4)
DA:3,2
DA:4,2
DA:5,2
DA:6,2
DA:7,2
DA:8,2
DA:18,2
DA:25,0
DA:26,0
DA:28,0
DA:29,0
DA:31,0
DA:34,0
DA:41,0
DA:42,0
DA:46,0
DA:48,0
DA:49,0
DA:50,0
DA:54,0
DA:69,0
DA:82,0
LF:22
LH:7
BRDA:21,0,0,0
BRDA:23,1,0,0
BRDA:29,2,0,0
BRDA:29,2,1,0
BRDA:29,3,0,0
BRDA:29,3,1,0
BRDA:41,4,0,0
BRDA:41,4,1,0
BRDA:48,5,0,0
BRDA:48,5,1,0
BRDA:48,6,0,0
BRDA:48,6,1,0
BRDA:48,6,2,0
BRDA:57,7,0,0
BRDA:57,7,1,0
BRDA:66,8,0,0
BRDA:66,8,1,0
BRDA:71,9,0,0
BRDA:71,9,1,0
BRDA:72,10,0,0
BRDA:72,10,1,0
BRDA:75,11,0,0
BRDA:75,11,1,0
BRDA:84,12,0,0
BRDA:84,12,1,0
BRDA:85,13,0,0
BRDA:85,13,1,0
BRDA:88,14,0,0
BRDA:88,14,1,0
BRDA:95,15,0,0
BRDA:95,15,1,0
BRDA:95,15,2,0
BRDA:104,16,0,0
BRDA:104,16,1,0
BRF:34
BRH:0
end_of_record
TN:
SF:components/chat/InteractiveSelect.tsx
FN:15,InteractiveSelect
FN:23,(anonymous_1)
FN:53,(anonymous_2)
FN:60,(anonymous_3)
FNF:4
FNH:0
FNDA:0,InteractiveSelect
FNDA:0,(anonymous_1)
FNDA:0,(anonymous_2)
FNDA:0,(anonymous_3)
DA:3,2
DA:4,2
DA:5,2
DA:6,2
DA:15,2
DA:21,0
DA:23,0
DA:24,0
DA:26,0
DA:29,0
DA:36,0
DA:37,0
DA:41,0
DA:54,0
DA:56,0
DA:60,0
LF:16
LH:5
BRDA:19,0,0,0
BRDA:24,1,0,0
BRDA:24,1,1,0
BRDA:36,2,0,0
BRDA:36,2,1,0
BRDA:44,3,0,0
BRDA:44,3,1,0
BRDA:59,4,0,0
BRDA:59,4,1,0
BRDA:64,5,0,0
BRDA:64,5,1,0
BRDA:65,6,0,0
BRDA:65,6,1,0
BRDA:65,6,2,0
BRDA:75,7,0,0
BRDA:75,7,1,0
BRF:16
BRH:0
end_of_record
TN:
SF:components/chat/LLMStatusBar.tsx
FN:28,LLMStatusBar
FN:42,(anonymous_1)
FN:44,(anonymous_2)
FN:57,(anonymous_3)
FN:71,(anonymous_4)
FN:82,(anonymous_5)
FN:113,(anonymous_6)
FN:135,(anonymous_7)
FN:144,(anonymous_8)
FN:156,(anonymous_9)
FN:167,(anonymous_10)
FN:196,(anonymous_11)
FN:205,(anonymous_12)
FNF:13
FNH:13
FNDA:83,LLMStatusBar
FNDA:65,(anonymous_1)
FNDA:53,(anonymous_2)
FNDA:34,(anonymous_3)
FNDA:13,(anonymous_4)
FNDA:9,(anonymous_5)
FNDA:23,(anonymous_6)
FNDA:18,(anonymous_7)
FNDA:8,(anonymous_8)
FNDA:7,(anonymous_9)
FNDA:5,(anonymous_10)
FNDA:65,(anonymous_11)
FNDA:98,(anonymous_12)
DA:3,2
DA:4,2
DA:5,2
DA:6,2
DA:7,2
DA:9,2
DA:28,2
DA:38,83
DA:39,83
DA:42,83
DA:43,65
DA:44,65
DA:45,53
DA:46,35
DA:48,53
DA:50,65
DA:55,83
DA:57,83
DA:58,34
DA:59,3
DA:67,31
DA:71,83
DA:72,13
DA:73,0
DA:75,13
DA:76,13
DA:82,83
DA:83,9
DA:84,0
DA:85,0
DA:89,9
DA:90,5
DA:91,5
DA:92,2
DA:93,2
DA:96,4
DA:97,4
DA:98,2
DA:99,2
DA:103,5
DA:108,5
DA:109,5
DA:113,83
DA:114,23
DA:115,5
DA:116,5
DA:117,18
DA:118,2
DA:122,83
DA:135,18
DA:144,8
DA:156,7
DA:167,5
DA:197,65
DA:206,98
LF:55
LH:52
BRDA:34,0,0,45
BRDA:45,1,0,35
BRDA:45,1,1,18
BRDA:58,2,0,3
BRDA:58,2,1,31
BRDA:72,3,0,0
BRDA:72,3,1,13
BRDA:77,4,0,8
BRDA:77,4,1,5
BRDA:83,5,0,0
BRDA:83,5,1,9
BRDA:83,6,0,9
BRDA:83,6,1,9
BRDA:89,7,0,5
BRDA:89,7,1,4
BRDA:91,8,0,2
BRDA:91,8,1,3
BRDA:91,9,0,5
BRDA:91,9,1,5
BRDA:97,10,0,2
BRDA:97,10,1,2
BRDA:97,11,0,4
BRDA:97,11,1,4
BRDA:97,11,2,4
BRDA:114,12,0,5
BRDA:114,12,1,18
BRDA:117,13,0,2
BRDA:117,13,1,16
BRDA:125,14,0,3
BRDA:125,14,1,80
BRDA:127,15,0,77
BRDA:127,15,1,3
BRDA:131,16,0,26
BRDA:131,16,1,51
BRDA:152,17,0,12
BRDA:152,17,1,65
BRDA:174,18,0,77
BRDA:174,18,1,33
BRDA:199,19,0,33
BRDA:199,19,1,32
BRDA:231,20,0,1
BRDA:231,20,1,82
BRDA:231,21,0,1
BRDA:231,21,1,82
BRDA:236,22,0,83
BRDA:236,22,1,82
BRDA:236,22,2,35
BRDA:236,22,3,2
BRF:48
BRH:46
end_of_record
TN:
SF:components/chat/MessageBubble.tsx
FN:41,MessageBubble
FN:63,(anonymous_1)
FN:66,(anonymous_2)
FN:69,(anonymous_3)
FN:72,(anonymous_4)
FN:79,(anonymous_5)
FN:84,(anonymous_6)
FN:91,(anonymous_7)
FN:105,(anonymous_8)
FN:116,(anonymous_9)
FN:125,(anonymous_10)
FN:191,(anonymous_11)
FN:192,(anonymous_12)
FN:229,(anonymous_13)
FN:255,(anonymous_14)
FN:261,(anonymous_15)
FN:282,(anonymous_16)
FN:284,(anonymous_17)
FN:292,(anonymous_18)
FN:364,(anonymous_19)
FN:385,(anonymous_20)
FN:410,(anonymous_21)
FN:417,(anonymous_22)
FN:440,(anonymous_23)
FN:498,(anonymous_24)
FNF:25
FNH:24
FNDA:168,MessageBubble
FNDA:3,(anonymous_1)
FNDA:3,(anonymous_2)
FNDA:1,(anonymous_3)
FNDA:4,(anonymous_4)
FNDA:2,(anonymous_5)
FNDA:2,(anonymous_6)
FNDA:2,(anonymous_7)
FNDA:5,(anonymous_8)
FNDA:67,(anonymous_9)
FNDA:8,(anonymous_10)
FNDA:42,(anonymous_11)
FNDA:3,(anonymous_12)
FNDA:27,(anonymous_13)
FNDA:9,(anonymous_14)
FNDA:2,(anonymous_15)
FNDA:69,(anonymous_16)
FNDA:69,(anonymous_17)
FNDA:0,(anonymous_18)
FNDA:5,(anonymous_19)
FNDA:4,(anonymous_20)
FNDA:16,(anonymous_21)
FNDA:2,(anonymous_22)
FNDA:5,(anonymous_23)
FNDA:9,(anonymous_24)
DA:5,2
DA:6,2
DA:18,2
DA:19,2
DA:20,2
DA:21,2
DA:22,2
DA:23,2
DA:24,2
DA:25,2
DA:26,2
DA:27,2
DA:28,2
DA:29,2
DA:30,2
DA:41,2
DA:49,168
DA:50,168
DA:52,168
DA:53,168
DA:54,168
DA:55,168
DA:56,168
DA:57,168
DA:59,168
DA:62,168
DA:63,3
DA:66,168
DA:67,3
DA:68,3
DA:69,3
DA:72,168
DA:73,4
DA:74,2
DA:75,2
DA:79,168
DA:80,2
DA:81,2
DA:84,168
DA:85,2
DA:86,2
DA:90,168
DA:93,2
DA:94,2
DA:100,2
DA:105,168
DA:106,5
DA:107,5
DA:108,2
DA:110,3
DA:112,5
DA:116,168
DA:117,67
DA:118,57
DA:121,10
DA:122,2
DA:125,8
DA:126,8
DA:128,8
DA:129,9
DA:130,9
DA:131,1
DA:134,8
DA:135,8
DA:136,8
DA:138,8
DA:139,1
DA:143,7
DA:144,7
DA:145,7
DA:148,2
DA:151,7
DA:152,7
DA:154,7
DA:156,4
DA:157,4
DA:158,4
DA:159,3
DA:160,3
DA:162,3
DA:163,3
DA:166,6
DA:174,1
DA:178,8
DA:181,8
DA:184,168
DA:191,42
DA:192,3
DA:229,27
DA:256,9
DA:263,2
DA:283,69
DA:284,69
DA:285,69
DA:286,69
DA:293,0
DA:299,0
DA:301,0
DA:302,0
DA:309,0
DA:310,0
DA:318,0
DA:319,0
DA:329,0
DA:330,0
DA:339,0
DA:365,5
DA:386,4
DA:411,16
DA:412,16
DA:413,16
DA:417,2
DA:441,5
DA:442,5
DA:498,9
LF:115
LH:104
BRDA:45,0,0,155
BRDA:46,1,0,165
BRDA:47,2,0,168
BRDA:63,3,0,3
BRDA:63,3,1,3
BRDA:73,4,0,2
BRDA:73,4,1,2
BRDA:73,5,0,4
BRDA:73,5,1,2
BRDA:85,6,0,2
BRDA:85,6,1,0
BRDA:107,7,0,2
BRDA:107,7,1,3
BRDA:117,8,0,57
BRDA:117,8,1,10
BRDA:117,9,0,67
BRDA:117,9,1,42
BRDA:117,9,2,10
BRDA:121,10,0,2
BRDA:121,10,1,8
BRDA:121,11,0,10
BRDA:121,11,1,8
BRDA:128,12,0,8
BRDA:128,12,1,0
BRDA:129,13,0,9
BRDA:129,13,1,4
BRDA:130,14,0,1
BRDA:130,14,1,8
BRDA:138,15,0,1
BRDA:138,15,1,7
BRDA:154,16,0,4
BRDA:154,16,1,3
BRDA:156,17,0,4
BRDA:156,17,1,0
BRDA:157,18,0,4
BRDA:157,18,1,0
BRDA:159,19,0,2
BRDA:159,19,1,1
BRDA:160,20,0,3
BRDA:160,20,1,0
BRDA:162,21,0,3
BRDA:162,21,1,0
BRDA:163,22,0,1
BRDA:163,22,1,2
BRDA:188,23,0,98
BRDA:188,23,1,70
BRDA:189,24,0,168
BRDA:189,24,1,70
BRDA:198,25,0,98
BRDA:198,25,1,70
BRDA:203,26,0,98
BRDA:203,26,1,70
BRDA:205,27,0,0
BRDA:205,27,1,70
BRDA:218,28,0,98
BRDA:218,28,1,70
BRDA:221,29,0,98
BRDA:221,29,1,70
BRDA:221,30,0,70
BRDA:221,30,1,70
BRDA:225,31,0,44
BRDA:225,31,1,124
BRDA:253,32,0,124
BRDA:253,32,1,7
BRDA:253,32,2,7
BRDA:275,33,0,124
BRDA:275,33,1,2
BRDA:279,34,0,69
BRDA:279,34,1,55
BRDA:285,35,0,69
BRDA:285,35,1,0
BRDA:290,36,0,69
BRDA:290,36,1,3
BRDA:301,37,0,0
BRDA:301,37,1,0
BRDA:309,38,0,0
BRDA:309,38,1,0
BRDA:318,39,0,0
BRDA:318,39,1,0
BRDA:329,40,0,0
BRDA:329,40,1,0
BRDA:354,41,0,168
BRDA:354,41,1,69
BRDA:354,41,2,69
BRDA:357,42,0,69
BRDA:357,42,1,4
BRDA:368,43,0,5
BRDA:368,43,1,2
BRDA:369,44,0,5
BRDA:369,44,1,0
BRDA:376,45,0,69
BRDA:376,45,1,3
BRDA:376,45,2,3
BRDA:376,45,3,3
BRDA:389,46,0,4
BRDA:389,46,1,1
BRDA:390,47,0,4
BRDA:390,47,1,0
BRDA:400,48,0,168
BRDA:400,48,1,69
BRDA:400,48,2,16
BRDA:400,48,3,16
BRDA:400,48,4,16
BRDA:424,49,0,16
BRDA:424,49,1,3
BRDA:429,50,0,16
BRDA:429,50,1,13
BRDA:446,51,0,3
BRDA:446,51,1,13
BRDA:471,52,0,168
BRDA:471,52,1,124
BRDA:471,52,2,47
BRDA:483,53,0,3
BRDA:483,53,1,44
BRDA:484,54,0,3
BRDA:484,54,1,44
BRDA:486,55,0,3
BRDA:486,55,1,44
BRDA:494,56,0,47
BRDA:494,56,1,29
BRDA:494,56,2,20
BRDA:508,57,0,47
BRDA:508,57,1,18
BRDA:508,57,2,5
BRDA:508,57,3,5
BRF:125
BRH:107
end_of_record
TN:
SF:components/chat/SaveKnowledgeDialog.tsx
FN:27,SaveKnowledgeDialog
FN:39,(anonymous_1)
FN:45,(anonymous_2)
FN:52,(anonymous_3)
FN:53,(anonymous_4)
FN:136,(anonymous_5)
FN:159,(anonymous_6)
FN:223,(anonymous_7)
FN:234,(anonymous_8)
FN:283,(anonymous_9)
FNF:10
FNH:2
FNDA:72,SaveKnowledgeDialog
FNDA:35,(anonymous_1)
FNDA:0,(anonymous_2)
FNDA:0,(anonymous_3)
FNDA:0,(anonymous_4)
FNDA:0,(anonymous_5)
FNDA:0,(anonymous_6)
FNDA:0,(anonymous_7)
FNDA:0,(anonymous_8)
FNDA:0,(anonymous_9)
DA:3,1
DA:4,1
DA:12,1
DA:13,1
DA:14,1
DA:15,1
DA:16,1
DA:27,1
DA:34,72
DA:35,72
DA:36,72
DA:37,72
DA:39,72
DA:40,35
DA:41,0
DA:45,72
DA:46,0
DA:47,0
DA:49,0
DA:51,0
DA:52,0
DA:53,0
DA:57,0
DA:104,0
DA:105,0
DA:108,0
DA:111,0
DA:112,0
DA:115,0
DA:119,0
DA:122,0
DA:123,0
DA:126,0
DA:127,0
DA:128,0
DA:130,0
DA:131,0
DA:132,0
DA:136,72
DA:137,0
DA:138,0
DA:139,0
DA:142,0
DA:143,0
DA:145,0
DA:146,0
DA:158,0
DA:159,0
DA:160,0
DA:162,0
DA:163,0
DA:164,0
DA:165,0
DA:168,0
DA:169,0
DA:170,0
DA:174,72
DA:223,0
DA:234,0
DA:283,0
LF:60
LH:17
BRDA:40,0,0,0
BRDA:40,0,1,35
BRDA:40,1,0,35
BRDA:40,1,1,0
BRDA:40,1,2,0
BRDA:53,2,0,0
BRDA:53,2,1,0
BRDA:104,3,0,0
BRDA:104,3,1,0
BRDA:104,4,0,0
BRDA:104,4,1,0
BRDA:105,5,0,0
BRDA:105,5,1,0
BRDA:112,6,0,0
BRDA:112,6,1,0
BRDA:112,7,0,0
BRDA:112,7,1,0
BRDA:115,8,0,0
BRDA:115,8,1,0
BRDA:116,9,0,0
BRDA:116,9,1,0
BRDA:131,10,0,0
BRDA:131,10,1,0
BRDA:137,11,0,0
BRDA:137,11,1,0
BRDA:137,12,0,0
BRDA:137,12,1,0
BRDA:169,13,0,0
BRDA:169,13,1,0
BRDA:190,14,0,72
BRDA:190,14,1,72
BRDA:200,15,0,72
BRDA:200,15,1,0
BRDA:202,16,0,0
BRDA:202,16,1,0
BRDA:216,17,0,0
BRDA:216,17,1,0
BRDA:257,18,0,72
BRDA:257,18,1,0
BRDA:267,19,0,72
BRDA:267,19,1,0
BRDA:284,20,0,72
BRDA:284,20,1,0
BRDA:284,20,2,0
BRDA:288,21,0,72
BRDA:288,21,1,0
BRDA:288,21,2,0
BRDA:289,22,0,0
BRDA:289,22,1,0
BRF:49
BRH:9
end_of_record
TN:
SF:components/chat/ToolApprovalDialog.tsx
FN:23,ToolApprovalDialog
FN:34,(anonymous_1)
FN:39,(anonymous_2)
FN:45,(anonymous_3)
FN:110,(anonymous_4)
FN:111,(anonymous_5)
FN:122,(anonymous_6)
FN:149,(anonymous_7)
FN:155,(anonymous_8)
FN:207,(anonymous_9)
FN:212,(anonymous_10)
FNF:11
FNH:11
FNDA:65,ToolApprovalDialog
FNDA:65,(anonymous_1)
FNDA:33,(anonymous_2)
FNDA:31,(anonymous_3)
FNDA:13,(anonymous_4)
FNDA:13,(anonymous_5)
FNDA:9,(anonymous_6)
FNDA:106,(anonymous_7)
FNDA:13,(anonymous_8)
FNDA:2,(anonymous_9)
FNDA:2,(anonymous_10)
DA:3,2
DA:4,2
DA:5,2
DA:6,2
DA:7,2
DA:9,2
DA:23,2
DA:28,65
DA:29,65
DA:30,65
DA:31,65
DA:34,65
DA:35,65
DA:39,65
DA:40,33
DA:41,2
DA:44,31
DA:45,31
DA:46,31
DA:47,31
DA:49,31
DA:50,53
DA:51,36
DA:54,17
DA:56,17
DA:57,17
DA:58,17
DA:60,17
DA:61,1
DA:65,16
DA:66,16
DA:67,16
DA:70,3
DA:73,16
DA:75,16
DA:77,13
DA:78,13
DA:79,13
DA:80,3
DA:82,3
DA:85,16
DA:91,0
DA:94,16
DA:97,31
DA:98,31
DA:101,31
DA:104,65
DA:105,2
DA:108,63
DA:110,63
DA:111,13
DA:112,13
DA:113,13
DA:114,2
DA:116,11
DA:118,13
DA:122,63
DA:123,9
DA:124,9
DA:126,1
DA:130,63
DA:150,106
DA:151,106
DA:155,13
DA:207,2
DA:212,2
LF:66
LH:65
BRDA:35,0,0,65
BRDA:35,0,1,48
BRDA:40,1,0,2
BRDA:40,1,1,31
BRDA:50,2,0,36
BRDA:50,2,1,17
BRDA:60,3,0,1
BRDA:60,3,1,16
BRDA:75,4,0,13
BRDA:75,4,1,3
BRDA:77,5,0,13
BRDA:77,5,1,0
BRDA:78,6,0,13
BRDA:78,6,1,0
BRDA:80,7,0,3
BRDA:80,7,1,0
BRDA:82,8,0,3
BRDA:82,8,1,0
BRDA:104,9,0,2
BRDA:104,9,1,63
BRDA:113,10,0,2
BRDA:113,10,1,11
BRDA:158,11,0,12
BRDA:158,11,1,94
BRDA:168,12,0,106
BRDA:168,12,1,12
BRDA:170,13,0,3
BRDA:170,13,1,9
BRDA:170,14,0,12
BRDA:170,14,1,4
BRDA:179,15,0,0
BRDA:179,15,1,9
BRDA:210,16,0,63
BRDA:210,16,1,6
BRF:34
BRH:29
end_of_record
TN:
SF:components/chat/ToolApprovalRequest.tsx
FN:20,ToolApprovalRequest
FN:30,(anonymous_1)
FN:54,(anonymous_2)
FN:120,(anonymous_3)
FNF:4
FNH:0
FNDA:0,ToolApprovalRequest
FNDA:0,(anonymous_1)
FNDA:0,(anonymous_2)
FNDA:0,(anonymous_3)
DA:3,2
DA:4,2
DA:5,2
DA:6,2
DA:20,2
DA:27,0
DA:28,0
DA:30,0
DA:31,0
DA:32,0
DA:35,0
DA:36,0
DA:39,0
DA:49,0
DA:50,0
DA:54,0
DA:55,0
DA:56,0
DA:59,0
DA:60,0
DA:63,0
DA:73,0
DA:74,0
DA:78,0
DA:121,0
LF:25
LH:5
BRDA:25,0,0,0
BRDA:31,1,0,0
BRDA:31,1,1,0
BRDA:31,2,0,0
BRDA:31,2,1,0
BRDA:49,3,0,0
BRDA:49,3,1,0
BRDA:55,4,0,0
BRDA:55,4,1,0
BRDA:55,5,0,0
BRDA:55,5,1,0
BRDA:73,6,0,0
BRDA:73,6,1,0
BRDA:82,7,0,0
BRDA:82,7,1,0
BRDA:83,8,0,0
BRDA:83,8,1,0
BRDA:92,9,0,0
BRDA:92,9,1,0
BRDA:93,10,0,0
BRDA:93,10,1,0
BRDA:104,11,0,0
BRDA:104,11,1,0
BRDA:105,12,0,0
BRDA:105,12,1,0
BRDA:110,13,0,0
BRDA:110,13,1,0
BRDA:129,14,0,0
BRDA:129,14,1,0
BRDA:129,14,2,0
BRDA:122,15,0,0
BRDA:122,15,1,0
BRDA:142,16,0,0
BRDA:142,16,1,0
BRDA:167,17,0,0
BRDA:167,17,1,0
BRDA:169,18,0,0
BRDA:169,18,1,0
BRF:38
BRH:0
end_of_record
TN:
SF:components/chat/ToolResult.tsx
FN:16,ToolResult
FN:64,(anonymous_1)
FNF:2
FNH:0
FNDA:0,ToolResult
FNDA:0,(anonymous_1)
DA:3,2
DA:4,2
DA:5,2
DA:6,2
DA:16,2
DA:17,0
DA:19,0
DA:20,0
DA:22,0
DA:64,0
LF:10
LH:5
BRDA:20,0,0,0
BRDA:20,0,1,0
BRDA:26,1,0,0
BRDA:26,1,1,0
BRDA:35,2,0,0
BRDA:35,2,1,0
BRDA:48,3,0,0
BRDA:48,3,1,0
BRDA:54,4,0,0
BRDA:54,4,1,0
BRDA:60,5,0,0
BRDA:60,5,1,0
BRDA:66,6,0,0
BRDA:66,6,1,0
BRDA:68,7,0,0
BRDA:68,7,1,0
BRDA:78,8,0,0
BRDA:78,8,1,0
BRDA:78,8,2,0
BRF:19
BRH:0
end_of_record
TN:
SF:components/chat/WorkingDirectoryIndicator.tsx
FN:9,WorkingDirectoryIndicator
FN:18,(anonymous_1)
FN:36,(anonymous_2)
FN:41,(anonymous_3)
FNF:4
FNH:4
FNDA:26,WorkingDirectoryIndicator
FNDA:6,(anonymous_1)
FNDA:1,(anonymous_2)
FNDA:10,(anonymous_3)
DA:3,1
DA:4,1
DA:5,1
DA:6,1
DA:7,1
DA:9,1
DA:10,26
DA:11,26
DA:14,26
DA:15,1
DA:18,25
DA:19,6
DA:20,1
DA:23,5
DA:24,5
DA:25,5
DA:26,4
DA:27,3
DA:30,1
DA:32,5
DA:36,25
DA:37,1
DA:41,25
DA:42,10
DA:43,10
DA:44,1
DA:46,9
DA:49,25
LF:28
LH:28
BRDA:14,0,0,1
BRDA:14,0,1,25
BRDA:19,1,0,1
BRDA:19,1,1,5
BRDA:19,2,0,6
BRDA:19,2,1,5
BRDA:26,3,0,3
BRDA:26,3,1,1
BRDA:26,4,0,4
BRDA:26,4,1,4
BRDA:43,5,0,1
BRDA:43,5,1,9
BRDA:54,6,0,10
BRDA:54,6,1,15
BRDA:81,7,0,4
BRDA:81,7,1,11
BRF:16
BRH:16
end_of_record
TN:
SF:components/editor/SearchPanel.tsx
FN:28,SearchPanel
FN:39,(anonymous_1)
FN:57,(anonymous_2)
FN:73,(anonymous_3)
FN:83,(anonymous_4)
FN:115,(anonymous_5)
FN:121,(anonymous_6)
FN:150,(anonymous_7)
FN:174,(anonymous_8)
FN:183,(anonymous_9)
FN:192,(anonymous_10)
FN:227,(anonymous_11)
FN:235,(anonymous_12)
FN:255,(anonymous_13)
FN:258,(anonymous_14)
FN:280,getLanguageFromExtension
FNF:16
FNH:16
FNDA:126,SearchPanel
FNDA:15,(anonymous_1)
FNDA:8,(anonymous_2)
FNDA:2,(anonymous_3)
FNDA:3,(anonymous_4)
FNDA:87,(anonymous_5)
FNDA:1,(anonymous_6)
FNDA:73,(anonymous_7)
FNDA:1,(anonymous_8)
FNDA:1,(anonymous_9)
FNDA:1,(anonymous_10)
FNDA:10,(anonymous_11)
FNDA:2,(anonymous_12)
FNDA:12,(anonymous_13)
FNDA:3,(anonymous_14)
FNDA:1,getLanguageFromExtension
DA:3,1
DA:4,1
DA:5,1
DA:6,1
DA:7,1
DA:8,1
DA:28,1
DA:29,126
DA:30,126
DA:31,126
DA:32,126
DA:33,126
DA:34,126
DA:35,126
DA:36,126
DA:37,126
DA:39,126
DA:40,15
DA:41,1
DA:44,14
DA:45,14
DA:46,14
DA:47,14
DA:53,13
DA:54,12
DA:55,12
DA:57,12
DA:58,12
DA:60,1
DA:61,1
DA:62,1
DA:65,1
DA:66,1
DA:67,1
DA:69,14
DA:73,126
DA:74,2
DA:75,2
DA:76,1
DA:78,1
DA:80,2
DA:83,126
DA:84,3
DA:85,1
DA:88,2
DA:90,2
DA:91,1
DA:93,1
DA:94,1
DA:95,1
DA:97,1
DA:108,1
DA:111,1
DA:115,126
DA:116,87
DA:117,14
DA:121,126
DA:122,1
DA:123,1
DA:126,126
DA:127,1
DA:140,125
DA:150,73
DA:174,1
DA:183,1
DA:192,1
DA:228,10
DA:229,10
DA:231,10
DA:235,2
DA:256,12
DA:258,3
DA:281,1
DA:314,1
LF:74
LH:74
BRDA:40,0,0,1
BRDA:40,0,1,14
BRDA:40,1,0,15
BRDA:40,1,1,15
BRDA:40,1,2,15
BRDA:40,1,3,14
BRDA:53,2,0,12
BRDA:53,2,1,1
BRDA:53,3,0,13
BRDA:53,3,1,12
BRDA:61,4,0,1
BRDA:61,4,1,0
BRDA:66,5,0,1
BRDA:66,5,1,0
BRDA:75,6,0,1
BRDA:75,6,1,1
BRDA:84,7,0,1
BRDA:84,7,1,2
BRDA:84,8,0,3
BRDA:84,8,1,2
BRDA:91,9,0,1
BRDA:91,9,1,0
BRDA:91,10,0,1
BRDA:91,10,1,1
BRDA:93,11,0,1
BRDA:93,11,1,0
BRDA:94,12,0,1
BRDA:94,12,1,0
BRDA:116,13,0,14
BRDA:116,13,1,73
BRDA:126,14,0,1
BRDA:126,14,1,125
BRDA:154,15,0,125
BRDA:154,15,1,103
BRDA:163,16,0,125
BRDA:163,16,1,103
BRDA:202,17,0,125
BRDA:202,17,1,14
BRDA:208,18,0,125
BRDA:208,18,1,2
BRDA:208,18,2,2
BRDA:215,19,0,125
BRDA:215,19,1,14
BRDA:215,19,2,14
BRDA:215,19,3,14
BRDA:221,20,0,14
BRDA:221,20,1,5
BRDA:229,21,0,10
BRDA:229,21,1,0
BRDA:238,22,0,9
BRDA:238,22,1,1
BRDA:253,23,0,10
BRDA:253,23,1,9
BRDA:314,24,0,1
BRDA:314,24,1,0
BRF:55
BRH:48
end_of_record
TN:
SF:components/layout/ChatHistory.tsx
FN:51,ChatHistory
FN:83,(anonymous_1)
FN:90,(anonymous_2)
FN:95,(anonymous_3)
FN:103,(anonymous_4)
FN:108,(anonymous_5)
FN:114,(anonymous_6)
FN:126,(anonymous_7)
FN:127,(anonymous_8)
FN:172,(anonymous_9)
FN:177,(anonymous_10)
FN:185,(anonymous_11)
FN:186,(anonymous_12)
FN:231,(anonymous_13)
FN:271,(anonymous_14)
FN:307,(anonymous_15)
FN:326,(anonymous_16)
FN:332,(anonymous_17)
FN:339,(anonymous_18)
FN:352,(anonymous_19)
FN:380,(anonymous_20)
FN:384,(anonymous_21)
FN:390,(anonymous_22)
FN:391,(anonymous_23)
FN:408,(anonymous_24)
FN:435,(anonymous_25)
FN:448,(anonymous_26)
FN:449,(anonymous_27)
FN:465,(anonymous_28)
FN:473,(anonymous_29)
FN:475,(anonymous_30)
FN:492,(anonymous_31)
FN:497,(anonymous_32)
FN:502,(anonymous_33)
FN:507,(anonymous_34)
FN:511,(anonymous_35)
FN:516,(anonymous_36)
FN:530,(anonymous_37)
FN:537,(anonymous_38)
FN:542,(anonymous_39)
FN:547,(anonymous_40)
FN:552,(anonymous_41)
FN:556,(anonymous_42)
FN:561,(anonymous_43)
FN:587,(anonymous_44)
FN:604,(anonymous_45)
FN:607,(anonymous_46)
FNF:47
FNH:24
FNDA:72,ChatHistory
FNDA:44,(anonymous_1)
FNDA:5,(anonymous_2)
FNDA:3,(anonymous_3)
FNDA:1,(anonymous_4)
FNDA:2,(anonymous_5)
FNDA:0,(anonymous_6)
FNDA:0,(anonymous_7)
FNDA:0,(anonymous_8)
FNDA:0,(anonymous_9)
FNDA:0,(anonymous_10)
FNDA:0,(anonymous_11)
FNDA:0,(anonymous_12)
FNDA:0,(anonymous_13)
FNDA:0,(anonymous_14)
FNDA:14,(anonymous_15)
FNDA:2,(anonymous_16)
FNDA:1,(anonymous_17)
FNDA:0,(anonymous_18)
FNDA:14,(anonymous_19)
FNDA:6,(anonymous_20)
FNDA:1,(anonymous_21)
FNDA:2,(anonymous_22)
FNDA:3,(anonymous_23)
FNDA:5,(anonymous_24)
FNDA:141,(anonymous_25)
FNDA:4,(anonymous_26)
FNDA:3,(anonymous_27)
FNDA:2,(anonymous_28)
FNDA:9,(anonymous_29)
FNDA:9,(anonymous_30)
FNDA:0,(anonymous_31)
FNDA:0,(anonymous_32)
FNDA:0,(anonymous_33)
FNDA:0,(anonymous_34)
FNDA:0,(anonymous_35)
FNDA:0,(anonymous_36)
FNDA:0,(anonymous_37)
FNDA:5,(anonymous_38)
FNDA:0,(anonymous_39)
FNDA:0,(anonymous_40)
FNDA:0,(anonymous_41)
FNDA:0,(anonymous_42)
FNDA:2,(anonymous_43)
FNDA:0,(anonymous_44)
FNDA:30,(anonymous_45)
FNDA:0,(anonymous_46)
DA:3,1
DA:15,1
DA:16,1
DA:17,1
DA:18,1
DA:19,1
DA:20,1
DA:21,1
DA:27,1
DA:33,1
DA:34,1
DA:42,1
DA:43,1
DA:44,1
DA:45,1
DA:51,1
DA:63,72
DA:65,72
DA:66,72
DA:67,72
DA:68,72
DA:71,72
DA:72,72
DA:73,72
DA:74,72
DA:75,72
DA:76,72
DA:77,72
DA:78,72
DA:79,72
DA:80,72
DA:83,72
DA:84,44
DA:85,5
DA:86,5
DA:90,72
DA:91,5
DA:92,5
DA:95,72
DA:96,3
DA:97,2
DA:99,3
DA:100,3
DA:103,72
DA:104,1
DA:105,1
DA:108,72
DA:109,2
DA:110,1
DA:114,72
DA:115,0
DA:116,0
DA:118,0
DA:119,0
DA:121,0
DA:126,72
DA:127,0
DA:128,0
DA:129,0
DA:133,0
DA:135,0
DA:136,0
DA:137,0
DA:138,0
DA:139,0
DA:142,0
DA:144,0
DA:148,0
DA:149,0
DA:150,0
DA:151,0
DA:152,0
DA:155,0
DA:157,0
DA:161,0
DA:162,0
DA:164,0
DA:167,0
DA:168,0
DA:169,0
DA:172,72
DA:173,0
DA:174,0
DA:177,72
DA:178,0
DA:179,0
DA:180,0
DA:181,0
DA:185,72
DA:186,0
DA:187,0
DA:188,0
DA:192,0
DA:194,0
DA:195,0
DA:196,0
DA:197,0
DA:198,0
DA:201,0
DA:203,0
DA:207,0
DA:208,0
DA:209,0
DA:210,0
DA:211,0
DA:214,0
DA:216,0
DA:220,0
DA:221,0
DA:223,0
DA:226,0
DA:227,0
DA:228,0
DA:231,72
DA:236,0
DA:238,0
DA:250,0
DA:251,0
DA:257,0
DA:258,0
DA:261,0
DA:264,0
DA:266,0
DA:267,0
DA:271,72
DA:272,0
DA:273,0
DA:276,0
DA:278,0
DA:280,0
DA:286,0
DA:287,0
DA:288,0
DA:289,0
DA:293,0
DA:296,0
DA:297,0
DA:300,0
DA:302,0
DA:303,0
DA:307,72
DA:308,14
DA:310,14
DA:311,2
DA:312,2
DA:313,2
DA:316,12
DA:317,12
DA:318,12
DA:319,11
DA:321,1
DA:322,1
DA:326,72
DA:327,2
DA:328,2
DA:329,2
DA:332,72
DA:333,1
DA:334,1
DA:335,1
DA:338,72
DA:339,0
DA:342,72
DA:352,14
DA:381,6
DA:384,1
DA:391,3
DA:392,2
DA:409,5
DA:436,141
DA:448,4
DA:450,3
DA:451,2
DA:452,1
DA:453,1
DA:466,2
DA:467,2
DA:474,9
DA:475,9
DA:477,9
DA:492,0
DA:497,0
DA:502,0
DA:507,0
DA:511,0
DA:516,0
DA:530,0
DA:537,5
DA:542,0
DA:547,0
DA:552,0
DA:556,0
DA:561,2
DA:587,0
DA:605,30
DA:607,0
LF:196
LH:98
BRDA:84,0,0,5
BRDA:84,0,1,39
BRDA:84,1,0,44
BRDA:84,1,1,5
BRDA:96,2,0,2
BRDA:96,2,1,1
BRDA:96,3,0,3
BRDA:96,3,1,3
BRDA:109,4,0,1
BRDA:109,4,1,1
BRDA:128,5,0,0
BRDA:128,5,1,0
BRDA:135,6,0,0
BRDA:135,6,1,0
BRDA:135,7,0,0
BRDA:135,7,1,0
BRDA:138,8,0,0
BRDA:138,8,1,0
BRDA:138,9,0,0
BRDA:138,9,1,0
BRDA:150,10,0,0
BRDA:150,10,1,0
BRDA:152,11,0,0
BRDA:152,11,1,0
BRDA:161,12,0,0
BRDA:161,12,1,0
BRDA:178,13,0,0
BRDA:178,13,1,0
BRDA:187,14,0,0
BRDA:187,14,1,0
BRDA:194,15,0,0
BRDA:194,15,1,0
BRDA:194,16,0,0
BRDA:194,16,1,0
BRDA:197,17,0,0
BRDA:197,17,1,0
BRDA:197,18,0,0
BRDA:197,18,1,0
BRDA:209,19,0,0
BRDA:209,19,1,0
BRDA:211,20,0,0
BRDA:211,20,1,0
BRDA:220,21,0,0
BRDA:220,21,1,0
BRDA:250,22,0,0
BRDA:250,22,1,0
BRDA:257,23,0,0
BRDA:257,23,1,0
BRDA:258,24,0,0
BRDA:258,24,1,0
BRDA:267,25,0,0
BRDA:267,25,1,0
BRDA:272,26,0,0
BRDA:272,26,1,0
BRDA:278,27,0,0
BRDA:278,27,1,0
BRDA:278,28,0,0
BRDA:278,28,1,0
BRDA:287,29,0,0
BRDA:287,29,1,0
BRDA:296,30,0,0
BRDA:296,30,1,0
BRDA:303,31,0,0
BRDA:303,31,1,0
BRDA:310,32,0,2
BRDA:310,32,1,12
BRDA:338,33,0,0
BRDA:338,33,1,72
BRDA:355,34,0,72
BRDA:355,34,1,22
BRDA:370,35,0,21
BRDA:370,35,1,51
BRDA:370,36,0,72
BRDA:370,36,1,21
BRDA:372,37,0,15
BRDA:372,37,1,6
BRDA:389,38,0,6
BRDA:389,38,1,2
BRDA:392,39,0,1
BRDA:392,39,1,1
BRDA:406,40,0,6
BRDA:406,40,1,4
BRDA:416,41,0,4
BRDA:416,41,1,1
BRDA:427,42,0,1
BRDA:427,42,1,50
BRDA:440,43,0,141
BRDA:440,43,1,50
BRDA:443,44,0,9
BRDA:443,44,1,132
BRDA:450,45,0,2
BRDA:450,45,1,1
BRDA:452,46,0,1
BRDA:452,46,1,0
BRDA:472,47,0,132
BRDA:472,47,1,9
BRDA:477,48,0,9
BRDA:477,48,1,0
BRDA:590,49,0,72
BRDA:590,49,1,72
BRDA:600,50,0,72
BRDA:600,50,1,72
BRDA:610,51,0,30
BRDA:610,51,1,0
BRDA:625,52,0,30
BRDA:625,52,1,0
BRF:106
BRH:47
end_of_record
TN:
SF:components/layout/FileExplorer.tsx
FN:35,FileExplorer
FN:51,(anonymous_2)
FN:56,(anonymous_3)
FN:66,(anonymous_4)
FN:69,(anonymous_5)
FN:72,(anonymous_6)
FN:77,(anonymous_7)
FN:92,(anonymous_8)
FN:109,(anonymous_9)
FN:127,(anonymous_10)
FN:150,(anonymous_11)
FN:157,(anonymous_12)
FN:164,(anonymous_13)
FN:199,(anonymous_14)
FN:201,(anonymous_15)
FN:218,(anonymous_16)
FN:225,(anonymous_17)
FN:227,(anonymous_18)
FN:228,(anonymous_19)
FN:254,(anonymous_20)
FN:255,(anonymous_21)
FN:263,(anonymous_22)
FNF:22
FNH:8
FNDA:104,FileExplorer
FNDA:43,(anonymous_2)
FNDA:46,(anonymous_3)
FNDA:43,(anonymous_4)
FNDA:0,(anonymous_5)
FNDA:0,(anonymous_6)
FNDA:36,(anonymous_7)
FNDA:4,(anonymous_8)
FNDA:14,(anonymous_9)
FNDA:0,(anonymous_10)
FNDA:0,(anonymous_11)
FNDA:0,(anonymous_12)
FNDA:0,(anonymous_13)
FNDA:0,(anonymous_14)
FNDA:0,(anonymous_15)
FNDA:37,(anonymous_16)
FNDA:0,(anonymous_17)
FNDA:0,(anonymous_18)
FNDA:0,(anonymous_19)
FNDA:0,(anonymous_20)
FNDA:0,(anonymous_21)
FNDA:0,(anonymous_22)
DA:14,1
DA:15,1
DA:16,1
DA:17,1
DA:18,1
DA:26,1
DA:27,1
DA:28,1
DA:29,1
DA:30,1
DA:31,1
DA:32,1
DA:33,1
DA:35,1
DA:37,104
DA:38,104
DA:39,104
DA:40,104
DA:41,104
DA:42,104
DA:43,104
DA:44,104
DA:45,104
DA:48,104
DA:51,104
DA:52,43
DA:56,104
DA:57,46
DA:58,10
DA:59,10
DA:62,36
DA:66,104
DA:67,43
DA:69,0
DA:70,0
DA:72,0
DA:74,43
DA:77,104
DA:78,36
DA:79,36
DA:80,36
DA:81,36
DA:82,36
DA:83,32
DA:86,0
DA:88,36
DA:92,104
DA:93,4
DA:94,1
DA:95,1
DA:98,3
DA:99,3
DA:100,2
DA:101,1
DA:102,1
DA:105,1
DA:109,104
DA:110,14
DA:111,14
DA:112,14
DA:113,13
DA:114,13
DA:116,13
DA:123,1
DA:127,104
DA:128,0
DA:129,0
DA:130,0
DA:133,0
DA:134,0
DA:137,0
DA:139,0
DA:140,0
DA:141,0
DA:142,0
DA:143,0
DA:146,0
DA:150,104
DA:151,0
DA:152,0
DA:153,0
DA:154,0
DA:157,104
DA:158,0
DA:159,0
DA:160,0
DA:163,0
DA:164,0
DA:167,104
DA:199,0
DA:201,0
DA:219,37
DA:225,0
DA:227,0
DA:228,0
DA:254,0
DA:256,0
DA:257,0
DA:263,0
LF:99
LH:65
BRDA:57,0,0,10
BRDA:57,0,1,36
BRDA:67,1,0,0
BRDA:67,1,1,43
BRDA:82,2,0,32
BRDA:82,2,1,4
BRDA:93,3,0,1
BRDA:93,3,1,3
BRDA:93,4,0,4
BRDA:93,4,1,3
BRDA:100,5,0,1
BRDA:100,5,1,1
BRDA:100,6,0,2
BRDA:100,6,1,1
BRDA:112,7,0,13
BRDA:112,7,1,1
BRDA:128,8,0,0
BRDA:128,8,1,0
BRDA:128,9,0,0
BRDA:128,9,1,0
BRDA:137,10,0,0
BRDA:137,10,1,0
BRDA:139,11,0,0
BRDA:139,11,1,0
BRDA:142,12,0,0
BRDA:142,12,1,0
BRDA:146,13,0,0
BRDA:146,13,1,0
BRDA:158,14,0,0
BRDA:158,14,1,0
BRDA:186,15,0,94
BRDA:186,15,1,10
BRDA:199,16,0,94
BRDA:199,16,1,10
BRDA:201,17,0,94
BRDA:201,17,1,10
BRDA:203,18,0,94
BRDA:203,18,1,10
BRDA:206,19,0,36
BRDA:206,19,1,68
BRDA:210,20,0,10
BRDA:210,20,1,58
BRDA:216,21,0,18
BRDA:216,21,1,40
BRDA:216,22,0,58
BRDA:216,22,1,21
BRDA:244,23,0,104
BRDA:244,23,1,0
BRDA:246,24,0,104
BRDA:246,24,1,0
BRDA:256,25,0,0
BRDA:256,25,1,0
BRDA:260,26,0,104
BRDA:260,26,1,0
BRF:54
BRH:34
end_of_record
TN:
SF:components/layout/FileTreeContextMenu.tsx
FN:56,FileTreeContextMenu
FNF:1
FNH:1
FNDA:155,FileTreeContextMenu
DA:14,2
DA:27,2
DA:35,2
DA:56,2
DA:74,155
DA:76,155
LF:6
LH:6
BRDA:59,0,0,104
BRDA:60,1,0,51
BRDA:81,2,0,104
BRDA:81,2,1,51
BRDA:83,3,0,104
BRDA:83,3,1,94
BRDA:88,4,0,104
BRDA:88,4,1,94
BRDA:93,5,0,104
BRDA:93,5,1,0
BRDA:93,5,2,0
BRDA:107,6,0,51
BRDA:107,6,1,9
BRDA:109,7,0,9
BRDA:109,7,1,9
BRDA:114,8,0,9
BRDA:114,8,1,9
BRDA:124,9,0,51
BRDA:124,9,1,51
BRDA:131,10,0,51
BRDA:131,10,1,51
BRDA:138,11,0,51
BRDA:138,11,1,0
BRDA:138,11,2,0
BRDA:138,11,3,0
BRDA:147,12,0,51
BRDA:147,12,1,0
BRDA:147,12,2,51
BRDA:150,13,0,51
BRDA:150,13,1,51
BRDA:157,14,0,51
BRDA:157,14,1,51
BRDA:167,15,0,51
BRDA:167,15,1,0
BRDA:167,15,2,0
BRDA:167,15,3,51
BRDA:170,16,0,51
BRDA:170,16,1,51
BRDA:176,17,0,51
BRDA:176,17,1,51
BRDA:182,18,0,51
BRDA:182,18,1,51
BRDA:193,19,0,51
BRDA:193,19,1,51
BRDA:200,20,0,51
BRDA:200,20,1,51
BRF:46
BRH:38
end_of_record
TN:
SF:components/layout/FileTreeItem.tsx
FN:42,FileTreeItem
FN:59,(anonymous_2)
FN:78,(anonymous_3)
FN:95,(anonymous_4)
FN:119,(anonymous_5)
FN:128,(anonymous_6)
FN:133,(anonymous_7)
FN:138,(anonymous_8)
FN:148,(anonymous_9)
FN:165,(anonymous_10)
FN:182,(anonymous_11)
FN:198,(anonymous_12)
FN:209,(anonymous_13)
FN:235,(anonymous_14)
FN:237,(anonymous_15)
FN:238,(anonymous_16)
FN:248,(anonymous_17)
FN:290,(anonymous_18)
FNF:18
FNH:4
FNDA:51,FileTreeItem
FNDA:20,(anonymous_2)
FNDA:3,(anonymous_3)
FNDA:0,(anonymous_4)
FNDA:0,(anonymous_5)
FNDA:0,(anonymous_6)
FNDA:0,(anonymous_7)
FNDA:0,(anonymous_8)
FNDA:0,(anonymous_9)
FNDA:0,(anonymous_10)
FNDA:0,(anonymous_11)
FNDA:0,(anonymous_12)
FNDA:0,(anonymous_13)
FNDA:0,(anonymous_14)
FNDA:0,(anonymous_15)
FNDA:0,(anonymous_16)
FNDA:0,(anonymous_17)
FNDA:2,(anonymous_18)
DA:14,2
DA:15,2
DA:16,2
DA:17,2
DA:18,2
DA:19,2
DA:20,2
DA:21,2
DA:22,2
DA:42,2
DA:51,51
DA:52,51
DA:53,51
DA:54,51
DA:55,51
DA:56,51
DA:57,51
DA:59,51
DA:60,20
DA:62,5
DA:63,2
DA:64,2
DA:65,2
DA:66,1
DA:67,1
DA:71,3
DA:74,15
DA:78,51
DA:79,3
DA:80,3
DA:81,3
DA:82,1
DA:83,1
DA:86,2
DA:87,2
DA:88,2
DA:89,1
DA:91,1
DA:95,51
DA:96,0
DA:97,0
DA:98,0
DA:99,0
DA:100,0
DA:104,0
DA:105,0
DA:106,0
DA:107,0
DA:108,0
DA:110,0
DA:111,0
DA:112,0
DA:114,0
DA:115,0
DA:119,51
DA:120,0
DA:121,0
DA:122,0
DA:123,0
DA:124,0
DA:128,51
DA:129,0
DA:130,0
DA:133,51
DA:134,0
DA:135,0
DA:138,51
DA:139,0
DA:140,0
DA:141,0
DA:144,0
DA:145,0
DA:148,51
DA:149,0
DA:150,0
DA:151,0
DA:154,0
DA:155,0
DA:156,0
DA:157,0
DA:158,0
DA:161,0
DA:165,51
DA:166,0
DA:167,0
DA:168,0
DA:171,0
DA:172,0
DA:173,0
DA:174,0
DA:175,0
DA:178,0
DA:182,51
DA:183,0
DA:184,0
DA:185,0
DA:188,0
DA:189,0
DA:190,0
DA:191,0
DA:194,0
DA:198,51
DA:200,0
DA:203,0
DA:204,0
DA:206,0
DA:209,51
DA:210,0
DA:211,0
DA:212,0
DA:215,0
DA:216,0
DA:217,0
DA:218,0
DA:219,0
DA:222,0
DA:223,0
DA:227,51
DA:235,0
DA:237,0
DA:238,0
DA:248,0
DA:291,2
LF:123
LH:50
BRDA:60,0,0,5
BRDA:60,0,1,15
BRDA:62,1,0,2
BRDA:62,1,1,3
BRDA:62,2,0,5
BRDA:62,2,1,2
BRDA:65,3,0,1
BRDA:65,3,1,1
BRDA:79,4,0,0
BRDA:79,4,1,3
BRDA:81,5,0,1
BRDA:81,5,1,2
BRDA:88,6,0,1
BRDA:88,6,1,1
BRDA:96,7,0,0
BRDA:96,7,1,0
BRDA:96,8,0,0
BRDA:96,8,1,0
BRDA:110,9,0,0
BRDA:110,9,1,0
BRDA:120,10,0,0
BRDA:120,10,1,0
BRDA:122,11,0,0
BRDA:122,11,1,0
BRDA:139,12,0,0
BRDA:139,12,1,0
BRDA:149,13,0,0
BRDA:149,13,1,0
BRDA:149,14,0,0
BRDA:149,14,1,0
BRDA:156,15,0,0
BRDA:156,15,1,0
BRDA:156,16,0,0
BRDA:156,16,1,0
BRDA:166,17,0,0
BRDA:166,17,1,0
BRDA:166,18,0,0
BRDA:166,18,1,0
BRDA:166,18,2,0
BRDA:173,19,0,0
BRDA:173,19,1,0
BRDA:173,20,0,0
BRDA:173,20,1,0
BRDA:183,21,0,0
BRDA:183,21,1,0
BRDA:183,22,0,0
BRDA:183,22,1,0
BRDA:190,23,0,0
BRDA:190,23,1,0
BRDA:200,24,0,0
BRDA:200,24,1,0
BRDA:210,25,0,0
BRDA:210,25,1,0
BRDA:210,26,0,0
BRDA:210,26,1,0
BRDA:217,27,0,0
BRDA:217,27,1,0
BRDA:217,28,0,0
BRDA:217,28,1,0
BRDA:234,29,0,9
BRDA:234,29,1,42
BRDA:237,30,0,9
BRDA:237,30,1,42
BRDA:238,31,0,9
BRDA:238,31,1,42
BRDA:245,32,0,0
BRDA:245,32,1,51
BRDA:260,33,0,51
BRDA:260,33,1,2
BRDA:264,34,0,9
BRDA:264,34,1,42
BRDA:266,35,0,2
BRDA:266,35,1,7
BRDA:271,36,0,2
BRDA:271,36,1,7
BRDA:288,37,0,51
BRDA:288,37,1,9
BRDA:288,37,2,2
BRDA:288,37,3,2
BRF:79
BRH:32
end_of_record
TN:
SF:components/markdown/CodeBlock.tsx
FN:15,CodeBlock
FN:19,(anonymous_1)
FN:22,(anonymous_2)
FNF:3
FNH:3
FNDA:40,CodeBlock
FNDA:5,(anonymous_1)
FNDA:2,(anonymous_2)
DA:3,2
DA:4,2
DA:5,2
DA:6,2
DA:7,2
DA:8,2
DA:15,2
DA:16,40
DA:17,40
DA:19,40
DA:20,5
DA:21,5
DA:22,5
DA:26,40
DA:37,40
DA:39,40
LF:16
LH:16
BRDA:37,0,0,40
BRDA:37,0,1,30
BRDA:45,1,0,5
BRDA:45,1,1,35
BRDA:63,2,0,2
BRDA:63,2,1,38
BRF:6
BRH:6
end_of_record
TN:
SF:components/markdown/MarkdownRenderer.tsx
FN:24,getTextContent
FN:45,CustomPreComponent
FN:105,CustomCode
FN:113,MarkdownRenderer
FN:119,(anonymous_5)
FN:122,(anonymous_6)
FN:185,(anonymous_7)
FN:193,(anonymous_8)
FN:204,(anonymous_9)
FN:264,(anonymous_10)
FNF:10
FNH:10
FNDA:49,getTextContent
FNDA:51,CustomPreComponent
FNDA:7,CustomCode
FNDA:107,MarkdownRenderer
FNDA:51,(anonymous_5)
FNDA:7,(anonymous_6)
FNDA:107,(anonymous_7)
FNDA:8,(anonymous_8)
FNDA:8,(anonymous_9)
FNDA:107,(anonymous_10)
DA:3,2
DA:4,2
DA:5,2
DA:6,2
DA:7,2
DA:25,49
DA:26,49
DA:28,0
DA:29,0
DA:31,0
DA:32,0
DA:34,0
DA:35,0
DA:36,0
DA:37,0
DA:41,0
DA:54,51
DA:55,51
DA:59,51
DA:60,51
DA:62,49
DA:63,49
DA:64,49
DA:65,49
DA:66,49
DA:67,0
DA:68,0
DA:69,0
DA:74,51
DA:75,49
DA:78,49
DA:79,5
DA:81,2
DA:83,3
DA:87,44
DA:88,5
DA:90,2
DA:92,3
DA:96,39
DA:101,2
DA:106,7
DA:113,2
DA:119,107
DA:122,107
DA:124,7
DA:126,7
DA:128,7
DA:130,7
DA:131,0
DA:132,7
DA:134,7
DA:135,7
DA:136,7
DA:139,0
DA:140,0
DA:143,0
DA:144,0
DA:149,0
DA:150,0
DA:153,0
DA:154,0
DA:160,0
DA:161,0
DA:165,7
DA:166,7
DA:179,0
DA:180,0
DA:185,107
DA:186,107
DA:190,107
DA:193,107
DA:194,8
DA:196,8
DA:199,8
DA:200,0
DA:204,8
DA:205,8
DA:207,8
DA:208,8
DA:213,0
DA:217,8
DA:218,8
DA:220,8
DA:221,8
DA:222,8
DA:225,0
DA:227,0
DA:229,0
DA:230,0
DA:233,0
DA:234,0
DA:240,0
DA:241,0
DA:242,0
DA:243,0
DA:246,0
DA:247,0
DA:251,0
DA:252,0
DA:256,107
DA:258,0
DA:259,0
DA:264,107
DA:265,107
DA:267,107
DA:269,107
DA:364,0
DA:365,0
DA:367,0
DA:382,107
LF:110
LH:64
BRDA:25,0,0,49
BRDA:25,0,1,0
BRDA:28,1,0,0
BRDA:28,1,1,0
BRDA:31,2,0,0
BRDA:31,2,1,0
BRDA:34,3,0,0
BRDA:34,3,1,0
BRDA:34,4,0,0
BRDA:34,4,1,0
BRDA:35,5,0,0
BRDA:35,5,1,0
BRDA:35,6,0,0
BRDA:35,6,1,0
BRDA:36,7,0,0
BRDA:36,7,1,0
BRDA:54,8,0,51
BRDA:54,8,1,0
BRDA:54,9,0,51
BRDA:54,9,1,51
BRDA:54,9,2,51
BRDA:55,10,0,51
BRDA:55,10,1,0
BRDA:60,11,0,49
BRDA:60,11,1,2
BRDA:64,12,0,49
BRDA:64,12,1,0
BRDA:67,13,0,0
BRDA:67,13,1,0
BRDA:74,14,0,49
BRDA:74,14,1,2
BRDA:78,15,0,5
BRDA:78,15,1,44
BRDA:79,16,0,2
BRDA:79,16,1,3
BRDA:87,17,0,5
BRDA:87,17,1,39
BRDA:88,18,0,2
BRDA:88,18,1,3
BRDA:116,19,0,93
BRDA:128,20,0,7
BRDA:128,20,1,0
BRDA:128,21,0,7
BRDA:128,21,1,7
BRDA:130,22,0,0
BRDA:130,22,1,7
BRDA:130,23,0,7
BRDA:130,23,1,7
BRDA:132,24,0,7
BRDA:132,24,1,0
BRDA:132,25,0,7
BRDA:132,25,1,7
BRDA:199,26,0,0
BRDA:199,26,1,8
BRDA:199,27,0,8
BRDA:199,27,1,8
BRDA:217,28,0,8
BRDA:217,28,1,0
BRDA:217,29,0,8
BRDA:217,29,1,8
BRDA:247,30,0,0
BRDA:247,30,1,0
BRDA:364,31,0,0
BRDA:364,31,1,0
BRF:64
BRH:35
end_of_record
TN:
SF:components/markdown/MermaidDiagram.tsx
FN:26,MermaidDiagram
FN:38,(anonymous_11)
FN:47,(anonymous_12)
FN:57,(anonymous_13)
FN:100,(anonymous_14)
FN:132,(anonymous_15)
FN:155,(anonymous_16)
FN:169,(anonymous_17)
FN:184,(anonymous_18)
FN:205,(anonymous_19)
FN:232,(anonymous_20)
FN:240,(anonymous_21)
FN:242,(anonymous_22)
FN:264,(anonymous_23)
FN:266,(anonymous_24)
FN:274,(anonymous_25)
FN:277,(anonymous_26)
FN:281,(anonymous_27)
FNF:18
FNH:9
FNDA:90,MermaidDiagram
FNDA:30,(anonymous_11)
FNDA:0,(anonymous_12)
FNDA:0,(anonymous_13)
FNDA:0,(anonymous_14)
FNDA:0,(anonymous_15)
FNDA:0,(anonymous_16)
FNDA:0,(anonymous_17)
FNDA:32,(anonymous_18)
FNDA:32,(anonymous_19)
FNDA:1,(anonymous_20)
FNDA:0,(anonymous_21)
FNDA:0,(anonymous_22)
FNDA:32,(anonymous_23)
FNDA:1,(anonymous_24)
FNDA:4,(anonymous_25)
FNDA:4,(anonymous_26)
FNDA:0,(anonymous_27)
DA:3,1
DA:4,1
DA:5,1
DA:6,1
DA:7,1
DA:8,1
DA:16,1
DA:18,1
DA:26,1
DA:27,90
DA:28,90
DA:29,90
DA:30,90
DA:31,90
DA:32,90
DA:33,90
DA:34,90
DA:35,90
DA:38,90
DA:39,30
DA:40,30
DA:41,30
DA:42,30
DA:46,90
DA:52,0
DA:54,0
DA:55,0
DA:56,0
DA:57,0
DA:58,0
DA:59,0
DA:60,0
DA:61,0
DA:63,0
DA:67,0
DA:78,0
DA:82,0
DA:84,0
DA:88,0
DA:90,0
DA:91,0
DA:92,0
DA:93,0
DA:94,0
DA:96,0
DA:100,0
DA:101,0
DA:102,0
DA:103,0
DA:104,0
DA:107,0
DA:111,0
DA:112,0
DA:113,0
DA:114,0
DA:115,0
DA:116,0
DA:118,0
DA:123,0
DA:125,0
DA:131,90
DA:133,0
DA:134,0
DA:137,0
DA:139,0
DA:140,0
DA:141,0
DA:143,0
DA:145,0
DA:146,0
DA:152,0
DA:155,0
DA:165,0
DA:166,0
DA:169,0
DA:178,0
DA:184,90
DA:185,32
DA:187,32
DA:188,1
DA:194,1
DA:197,31
DA:205,32
DA:206,32
DA:207,0
DA:210,32
DA:212,32
DA:213,32
DA:214,20
DA:215,20
DA:218,20
DA:219,0
DA:222,12
DA:223,12
DA:224,12
DA:225,12
DA:228,12
DA:229,12
DA:230,1
DA:232,12
DA:233,1
DA:234,1
DA:239,12
DA:240,0
DA:242,0
DA:243,0
DA:244,0
DA:253,0
DA:261,32
DA:264,32
DA:266,32
DA:267,1
DA:268,1
DA:274,90
DA:275,4
DA:276,4
DA:277,4
DA:281,90
DA:282,0
DA:283,0
DA:287,90
DA:288,0
DA:303,90
DA:305,12
DA:306,0
DA:336,12
DA:387,78
LF:127
LH:65
BRDA:55,0,0,0
BRDA:55,0,1,0
BRDA:74,1,0,0
BRDA:74,1,1,0
BRDA:82,2,0,0
BRDA:82,2,1,0
BRDA:82,3,0,0
BRDA:82,3,1,0
BRDA:88,4,0,0
BRDA:88,4,1,0
BRDA:88,5,0,0
BRDA:88,5,1,0
BRDA:91,6,0,0
BRDA:91,6,1,0
BRDA:93,7,0,0
BRDA:93,7,1,0
BRDA:102,8,0,0
BRDA:102,8,1,0
BRDA:111,9,0,0
BRDA:111,9,1,0
BRDA:113,10,0,0
BRDA:113,10,1,0
BRDA:115,11,0,0
BRDA:115,11,1,0
BRDA:133,12,0,0
BRDA:133,12,1,0
BRDA:133,13,0,0
BRDA:133,13,1,0
BRDA:143,14,0,0
BRDA:143,14,1,0
BRDA:143,15,0,0
BRDA:143,15,1,0
BRDA:160,16,0,0
BRDA:160,16,1,0
BRDA:187,17,0,1
BRDA:187,17,1,31
BRDA:190,18,0,0
BRDA:190,18,1,1
BRDA:199,19,0,2
BRDA:199,19,1,29
BRDA:206,20,0,0
BRDA:206,20,1,32
BRDA:218,21,0,0
BRDA:218,21,1,20
BRDA:218,22,0,20
BRDA:218,22,1,0
BRDA:218,22,2,0
BRDA:224,23,0,12
BRDA:224,23,1,0
BRDA:229,24,0,1
BRDA:229,24,1,11
BRDA:233,25,0,1
BRDA:233,25,1,0
BRDA:239,26,0,0
BRDA:239,26,1,12
BRDA:239,27,0,12
BRDA:239,27,1,0
BRDA:243,28,0,0
BRDA:243,28,1,0
BRDA:267,29,0,1
BRDA:267,29,1,0
BRDA:282,30,0,0
BRDA:282,30,1,0
BRDA:282,31,0,0
BRDA:282,31,1,0
BRDA:287,32,0,0
BRDA:287,32,1,90
BRDA:303,33,0,12
BRDA:303,33,1,78
BRDA:305,34,0,0
BRDA:305,34,1,12
BRDA:313,35,0,0
BRDA:313,35,1,0
BRDA:341,36,0,12
BRDA:341,36,1,0
BRDA:344,37,0,12
BRDA:344,37,1,12
BRDA:362,38,0,1
BRDA:362,38,1,11
BRDA:393,39,0,2
BRDA:393,39,1,76
BRF:81
BRH:26
end_of_record
TN:
SF:components/markdown/PlotlyChart.tsx
FN:11,(anonymous_10)
FN:12,(anonymous_11)
FN:12,(anonymous_12)
FN:24,PlotlyChart
FN:29,(anonymous_14)
FN:46,(anonymous_15)
FN:49,(anonymous_16)
FNF:7
FNH:4
FNDA:0,(anonymous_10)
FNDA:0,(anonymous_11)
FNDA:0,(anonymous_12)
FNDA:36,PlotlyChart
FNDA:17,(anonymous_14)
FNDA:3,(anonymous_15)
FNDA:1,(anonymous_16)
DA:3,1
DA:4,1
DA:5,1
DA:6,1
DA:10,1
DA:12,0
DA:14,0
DA:15,0
DA:24,1
DA:25,36
DA:26,36
DA:27,36
DA:29,36
DA:30,17
DA:31,17
DA:34,12
DA:35,2
DA:38,10
DA:39,10
DA:41,7
DA:42,7
DA:46,36
DA:47,3
DA:48,3
DA:49,3
DA:52,36
DA:53,8
DA:90,28
DA:91,15
DA:94,13
LF:30
LH:27
BRDA:34,0,0,2
BRDA:34,0,1,10
BRDA:34,1,0,12
BRDA:34,1,1,11
BRDA:42,2,0,7
BRDA:42,2,1,0
BRDA:52,3,0,8
BRDA:52,3,1,28
BRDA:63,4,0,0
BRDA:63,4,1,8
BRDA:90,5,0,15
BRDA:90,5,1,13
BRDA:100,6,0,2
BRDA:100,6,1,11
BRF:14
BRH:12
end_of_record
TN:
SF:components/mcp/MCPServerConfig.tsx
FN:141,MCPServerConfigComponent
FN:160,(anonymous_1)
FN:177,(anonymous_2)
FN:209,(anonymous_3)
FN:210,(anonymous_4)
FN:221,(anonymous_5)
FN:222,(anonymous_6)
FN:223,(anonymous_7)
FN:240,(anonymous_8)
FN:241,(anonymous_9)
FN:242,(anonymous_10)
FN:296,(anonymous_11)
FN:327,(anonymous_12)
FN:350,(anonymous_13)
FN:357,(anonymous_14)
FN:388,(anonymous_15)
FN:395,(anonymous_16)
FN:441,(anonymous_17)
FN:469,(anonymous_18)
FN:488,(anonymous_19)
FN:518,(anonymous_20)
FN:543,(anonymous_21)
FN:583,(anonymous_22)
FNF:23
FNH:22
FNDA:582,MCPServerConfigComponent
FNDA:9,(anonymous_1)
FNDA:13,(anonymous_2)
FNDA:10,(anonymous_3)
FNDA:10,(anonymous_4)
FNDA:5,(anonymous_5)
FNDA:5,(anonymous_6)
FNDA:4,(anonymous_7)
FNDA:16,(anonymous_8)
FNDA:16,(anonymous_9)
FNDA:5,(anonymous_10)
FNDA:2,(anonymous_11)
FNDA:9,(anonymous_12)
FNDA:3294,(anonymous_13)
FNDA:2,(anonymous_14)
FNDA:3294,(anonymous_15)
FNDA:0,(anonymous_16)
FNDA:203,(anonymous_17)
FNDA:11,(anonymous_18)
FNDA:21,(anonymous_19)
FNDA:100,(anonymous_20)
FNDA:88,(anonymous_21)
FNDA:81,(anonymous_22)
DA:3,1
DA:4,1
DA:5,1
DA:6,1
DA:7,1
DA:8,1
DA:9,1
DA:33,1
DA:34,1
DA:35,1
DA:42,1
DA:141,1
DA:142,582
DA:143,582
DA:152,582
DA:153,582
DA:154,582
DA:155,582
DA:156,582
DA:157,582
DA:158,582
DA:160,582
DA:161,9
DA:162,9
DA:170,9
DA:171,9
DA:172,9
DA:173,9
DA:174,9
DA:177,582
DA:178,13
DA:179,0
DA:180,0
DA:183,13
DA:184,10
DA:185,0
DA:186,0
DA:188,3
DA:189,3
DA:190,0
DA:191,0
DA:195,13
DA:196,13
DA:198,13
DA:199,13
DA:206,13
DA:207,10
DA:209,10
DA:210,10
DA:212,10
DA:213,10
DA:217,13
DA:218,3
DA:219,3
DA:221,5
DA:222,5
DA:224,4
DA:225,4
DA:226,3
DA:227,3
DA:228,3
DA:232,3
DA:233,3
DA:237,13
DA:238,13
DA:240,16
DA:241,16
DA:243,5
DA:244,5
DA:245,4
DA:246,4
DA:247,4
DA:251,13
DA:253,13
DA:254,13
DA:256,11
DA:257,10
DA:263,10
DA:271,10
DA:272,10
DA:273,10
DA:274,10
DA:277,10
DA:279,1
DA:286,2
DA:287,2
DA:292,13
DA:296,582
DA:297,2
DA:298,2
DA:305,2
DA:306,2
DA:307,2
DA:308,2
DA:311,582
DA:313,582
DA:327,9
DA:351,3294
DA:352,3294
DA:354,3294
DA:357,2
DA:389,3294
DA:390,3294
DA:392,3294
DA:395,0
DA:441,203
DA:469,11
DA:488,21
DA:518,100
DA:543,88
DA:583,81
LF:111
LH:104
BRDA:165,0,0,0
BRDA:165,0,1,9
BRDA:166,1,0,0
BRDA:166,1,1,9
BRDA:167,2,0,9
BRDA:167,2,1,0
BRDA:168,3,0,9
BRDA:168,3,1,0
BRDA:178,4,0,0
BRDA:178,4,1,13
BRDA:183,5,0,10
BRDA:183,5,1,3
BRDA:184,6,0,0
BRDA:184,6,1,10
BRDA:188,7,0,3
BRDA:188,7,1,0
BRDA:189,8,0,0
BRDA:189,8,1,3
BRDA:206,9,0,10
BRDA:206,9,1,3
BRDA:217,10,0,3
BRDA:217,10,1,10
BRDA:225,11,0,3
BRDA:225,11,1,1
BRDA:232,12,0,2
BRDA:232,12,1,1
BRDA:244,13,0,4
BRDA:244,13,1,1
BRDA:251,14,0,2
BRDA:251,14,1,11
BRDA:253,15,0,13
BRDA:253,15,1,0
BRDA:256,16,0,10
BRDA:256,16,1,1
BRDA:281,17,0,1
BRDA:281,17,1,0
BRDA:289,18,0,2
BRDA:289,18,1,1
BRDA:302,19,0,2
BRDA:302,19,1,0
BRDA:303,20,0,0
BRDA:303,20,1,2
BRDA:305,21,0,2
BRDA:305,21,1,0
BRDA:306,22,0,0
BRDA:306,22,1,2
BRDA:307,23,0,1
BRDA:307,23,1,1
BRDA:307,24,0,2
BRDA:307,24,1,1
BRDA:311,25,0,339
BRDA:311,25,1,243
BRDA:361,26,0,2
BRDA:361,26,1,3292
BRDA:375,27,0,3294
BRDA:375,27,1,2
BRDA:399,28,0,2
BRDA:399,28,1,3292
BRDA:413,29,0,3294
BRDA:413,29,1,2
BRDA:452,30,0,582
BRDA:452,30,1,339
BRDA:468,31,0,339
BRDA:468,31,1,3
BRDA:501,32,0,582
BRDA:501,32,1,243
BRDA:517,33,0,243
BRDA:517,33,1,52
BRDA:563,34,0,582
BRDA:563,34,1,89
BRDA:603,35,0,339
BRDA:603,35,1,243
BRDA:639,36,0,582
BRDA:639,36,1,13
BRDA:643,37,0,10
BRDA:643,37,1,3
BRDA:648,38,0,10
BRDA:648,38,1,3
BRDA:661,39,0,582
BRDA:661,39,1,569
BRDA:661,39,2,431
BRDA:661,39,3,227
BRDA:661,39,4,429
BRDA:661,39,5,204
BRDA:669,40,0,13
BRDA:669,40,1,569
BRF:86
BRH:72
end_of_record
TN:
SF:components/mcp/MCPServerList.tsx
FN:55,MCPServerList
FN:66,(anonymous_1)
FN:70,(anonymous_2)
FN:78,(anonymous_3)
FN:105,(anonymous_4)
FN:124,(anonymous_5)
FN:141,(anonymous_6)
FN:162,(anonymous_7)
FN:190,(anonymous_8)
FN:203,(anonymous_9)
FN:216,(anonymous_10)
FN:282,(anonymous_11)
FN:369,(anonymous_12)
FN:390,(anonymous_13)
FN:405,(anonymous_14)
FN:424,(anonymous_15)
FN:498,(anonymous_16)
FN:522,(anonymous_17)
FN:547,(anonymous_18)
FN:575,(anonymous_19)
FNF:20
FNH:11
FNDA:42,MCPServerList
FNDA:13,(anonymous_1)
FNDA:15,(anonymous_2)
FNDA:26,(anonymous_3)
FNDA:1,(anonymous_4)
FNDA:0,(anonymous_5)
FNDA:0,(anonymous_6)
FNDA:26,(anonymous_7)
FNDA:26,(anonymous_8)
FNDA:26,(anonymous_9)
FNDA:26,(anonymous_10)
FNDA:26,(anonymous_11)
FNDA:0,(anonymous_12)
FNDA:1,(anonymous_13)
FNDA:0,(anonymous_14)
FNDA:0,(anonymous_15)
FNDA:0,(anonymous_16)
FNDA:0,(anonymous_17)
FNDA:0,(anonymous_18)
FNDA:0,(anonymous_19)
DA:3,1
DA:4,1
DA:5,1
DA:6,1
DA:29,1
DA:30,1
DA:31,1
DA:32,1
DA:55,1
DA:56,42
DA:57,42
DA:58,42
DA:59,42
DA:60,42
DA:61,42
DA:66,42
DA:67,13
DA:70,42
DA:71,15
DA:72,15
DA:73,15
DA:74,15
DA:75,15
DA:77,14
DA:79,26
DA:80,26
DA:81,25
DA:88,1
DA:95,14
DA:99,0
DA:101,15
DA:105,42
DA:106,1
DA:107,1
DA:108,1
DA:109,1
DA:110,1
DA:111,1
DA:112,1
DA:114,0
DA:118,0
DA:120,1
DA:124,42
DA:125,0
DA:126,0
DA:127,0
DA:129,0
DA:130,0
DA:131,0
DA:132,0
DA:135,0
DA:137,0
DA:141,42
DA:142,0
DA:143,0
DA:144,0
DA:147,0
DA:148,0
DA:149,0
DA:150,0
DA:151,0
DA:152,0
DA:156,0
DA:158,0
DA:162,42
DA:163,26
DA:164,13
DA:167,13
DA:168,13
DA:169,0
DA:171,13
DA:172,0
DA:174,13
DA:175,0
DA:177,13
DA:182,0
DA:184,13
DA:185,0
DA:187,13
DA:190,42
DA:191,26
DA:193,25
DA:195,0
DA:197,0
DA:199,1
DA:203,42
DA:204,26
DA:206,25
DA:208,0
DA:210,0
DA:212,1
DA:216,42
DA:217,26
DA:219,25
DA:221,0
DA:223,0
DA:225,1
DA:229,42
DA:230,14
DA:241,28
DA:242,15
DA:267,13
DA:283,26
DA:284,26
DA:285,26
DA:286,26
DA:287,26
DA:289,26
DA:369,0
DA:390,1
DA:405,0
DA:424,0
DA:499,0
DA:523,0
DA:548,0
DA:576,0
LF:116
LH:75
BRDA:73,0,0,15
BRDA:73,0,1,0
BRDA:75,1,0,14
BRDA:75,1,1,1
BRDA:75,2,0,15
BRDA:75,2,1,14
BRDA:83,3,0,25
BRDA:83,3,1,0
BRDA:108,4,0,1
BRDA:108,4,1,0
BRDA:110,5,0,1
BRDA:110,5,1,0
BRDA:127,6,0,0
BRDA:127,6,1,0
BRDA:143,7,0,0
BRDA:143,7,1,0
BRDA:148,8,0,0
BRDA:148,8,1,0
BRDA:150,9,0,0
BRDA:150,9,1,0
BRDA:163,10,0,13
BRDA:163,10,1,13
BRDA:168,11,0,0
BRDA:168,11,1,13
BRDA:168,12,0,13
BRDA:168,12,1,13
BRDA:171,13,0,0
BRDA:171,13,1,13
BRDA:174,14,0,0
BRDA:174,14,1,13
BRDA:177,15,0,0
BRDA:177,15,1,13
BRDA:178,16,0,13
BRDA:178,16,1,13
BRDA:178,16,2,13
BRDA:184,17,0,0
BRDA:184,17,1,13
BRDA:184,18,0,13
BRDA:184,18,1,13
BRDA:191,19,0,25
BRDA:191,19,1,0
BRDA:191,19,2,0
BRDA:191,19,3,1
BRDA:204,20,0,25
BRDA:204,20,1,0
BRDA:204,20,2,0
BRDA:204,20,3,1
BRDA:217,21,0,25
BRDA:217,21,1,0
BRDA:217,21,2,0
BRDA:217,21,3,1
BRDA:229,22,0,14
BRDA:229,22,1,28
BRDA:241,23,0,15
BRDA:241,23,1,13
BRDA:276,24,0,13
BRDA:276,24,1,0
BRDA:294,25,0,13
BRDA:294,25,1,13
BRDA:305,26,0,13
BRDA:305,26,1,13
BRDA:306,27,0,0
BRDA:306,27,1,13
BRDA:332,28,0,13
BRDA:332,28,1,13
BRDA:344,29,0,26
BRDA:344,29,1,25
BRDA:344,29,2,25
BRDA:350,30,0,26
BRDA:350,30,1,13
BRDA:350,30,2,13
BRDA:355,31,0,26
BRDA:355,31,1,13
BRDA:355,31,2,13
BRDA:370,32,0,26
BRDA:370,32,1,26
BRDA:373,33,0,26
BRDA:373,33,1,0
BRDA:383,34,0,1
BRDA:383,34,1,25
BRDA:396,35,0,13
BRDA:396,35,1,13
BRDA:405,36,0,0
BRDA:405,36,1,0
BRDA:408,37,0,0
BRDA:408,37,1,26
BRDA:415,38,0,0
BRDA:415,38,1,26
BRDA:436,39,0,26
BRDA:436,39,1,0
BRDA:444,40,0,0
BRDA:444,40,1,0
BRDA:457,41,0,0
BRDA:457,41,1,0
BRDA:474,42,0,0
BRDA:474,42,1,0
BRDA:477,43,0,0
BRDA:477,43,1,0
BRDA:480,44,0,0
BRDA:480,44,1,0
BRDA:486,45,0,0
BRDA:486,45,1,0
BRDA:494,46,0,0
BRDA:494,46,1,0
BRDA:494,47,0,0
BRDA:494,47,1,0
BRDA:518,48,0,0
BRDA:518,48,1,0
BRDA:518,48,2,0
BRDA:528,49,0,0
BRDA:528,49,1,0
BRDA:528,50,0,0
BRDA:528,50,1,0
BRDA:541,51,0,0
BRDA:541,51,1,0
BRDA:541,51,2,0
BRDA:576,52,0,0
BRDA:576,52,1,0
BRF:118
BRH:59
end_of_record
TN:
SF:components/rag/DocsSyncDialog.tsx
FN:40,DocsSyncDialog
FN:76,(anonymous_1)
FN:82,(anonymous_2)
FN:114,(anonymous_3)
FN:167,(anonymous_4)
FN:189,(anonymous_5)
FN:205,(anonymous_6)
FN:210,(anonymous_7)
FN:251,(anonymous_8)
FN:280,(anonymous_9)
FN:296,(anonymous_10)
FN:301,(anonymous_11)
FN:336,(anonymous_12)
FN:364,(anonymous_13)
FN:370,(anonymous_14)
FN:393,(anonymous_15)
FN:419,(anonymous_16)
FN:420,(anonymous_17)
FN:477,(anonymous_18)
FN:495,(anonymous_19)
FN:513,(anonymous_20)
FN:524,(anonymous_21)
FN:534,(anonymous_22)
FN:542,(anonymous_23)
FN:553,(anonymous_24)
FN:561,(anonymous_25)
FN:625,(anonymous_26)
FN:634,(anonymous_27)
FN:643,(anonymous_28)
FN:653,(anonymous_29)
FN:671,(anonymous_30)
FN:682,(anonymous_31)
FN:692,(anonymous_32)
FN:700,(anonymous_33)
FN:711,(anonymous_34)
FN:719,(anonymous_35)
FN:732,(anonymous_36)
FN:755,(anonymous_37)
FN:785,(anonymous_38)
FN:820,(anonymous_39)
FN:833,(anonymous_40)
FN:841,(anonymous_41)
FNF:42
FNH:2
FNDA:96,DocsSyncDialog
FNDA:31,(anonymous_1)
FNDA:0,(anonymous_2)
FNDA:0,(anonymous_3)
FNDA:0,(anonymous_4)
FNDA:0,(anonymous_5)
FNDA:0,(anonymous_6)
FNDA:0,(anonymous_7)
FNDA:0,(anonymous_8)
FNDA:0,(anonymous_9)
FNDA:0,(anonymous_10)
FNDA:0,(anonymous_11)
FNDA:0,(anonymous_12)
FNDA:0,(anonymous_13)
FNDA:0,(anonymous_14)
FNDA:0,(anonymous_15)
FNDA:0,(anonymous_16)
FNDA:0,(anonymous_17)
FNDA:0,(anonymous_18)
FNDA:0,(anonymous_19)
FNDA:0,(anonymous_20)
FNDA:0,(anonymous_21)
FNDA:0,(anonymous_22)
FNDA:0,(anonymous_23)
FNDA:0,(anonymous_24)
FNDA:0,(anonymous_25)
FNDA:0,(anonymous_26)
FNDA:0,(anonymous_27)
FNDA:0,(anonymous_28)
FNDA:0,(anonymous_29)
FNDA:0,(anonymous_30)
FNDA:0,(anonymous_31)
FNDA:0,(anonymous_32)
FNDA:0,(anonymous_33)
FNDA:0,(anonymous_34)
FNDA:0,(anonymous_35)
FNDA:0,(anonymous_36)
FNDA:0,(anonymous_37)
FNDA:0,(anonymous_38)
FNDA:0,(anonymous_39)
FNDA:0,(anonymous_40)
FNDA:0,(anonymous_41)
DA:3,1
DA:4,1
DA:5,1
DA:6,1
DA:7,1
DA:8,1
DA:15,1
DA:16,1
DA:17,1
DA:18,1
DA:40,1
DA:42,96
DA:43,96
DA:54,96
DA:55,96
DA:56,96
DA:70,96
DA:71,96
DA:72,96
DA:73,96
DA:76,96
DA:77,31
DA:78,0
DA:82,96
DA:83,0
DA:84,0
DA:85,0
DA:86,0
DA:88,0
DA:89,0
DA:90,0
DA:102,0
DA:103,0
DA:108,0
DA:109,0
DA:114,96
DA:115,0
DA:116,0
DA:117,0
DA:120,0
DA:121,0
DA:122,0
DA:125,0
DA:126,0
DA:128,0
DA:129,0
DA:144,0
DA:145,0
DA:146,0
DA:151,0
DA:152,0
DA:153,0
DA:154,0
DA:156,0
DA:160,0
DA:161,0
DA:163,0
DA:167,96
DA:168,0
DA:169,0
DA:170,0
DA:173,0
DA:174,0
DA:176,0
DA:177,0
DA:179,0
DA:181,0
DA:183,0
DA:186,0
DA:187,0
DA:188,0
DA:190,0
DA:194,0
DA:195,0
DA:200,0
DA:201,0
DA:205,0
DA:206,0
DA:210,0
DA:221,0
DA:227,0
DA:228,0
DA:232,0
DA:233,0
DA:236,0
DA:238,0
DA:239,0
DA:241,0
DA:244,0
DA:245,0
DA:247,0
DA:251,96
DA:252,0
DA:253,0
DA:254,0
DA:257,0
DA:258,0
DA:260,0
DA:261,0
DA:263,0
DA:264,0
DA:269,0
DA:272,0
DA:273,0
DA:275,0
DA:280,96
DA:281,0
DA:293,0
DA:296,96
DA:297,0
DA:298,0
DA:301,96
DA:302,0
DA:303,0
DA:304,0
DA:307,0
DA:308,0
DA:309,0
DA:312,0
DA:313,0
DA:315,0
DA:316,0
DA:333,0
DA:334,0
DA:336,0
DA:340,0
DA:341,0
DA:342,0
DA:347,0
DA:348,0
DA:349,0
DA:350,0
DA:351,0
DA:353,0
DA:357,0
DA:358,0
DA:360,0
DA:364,96
DA:365,0
DA:366,0
DA:369,0
DA:370,0
DA:372,0
DA:373,0
DA:374,0
DA:379,0
DA:380,0
DA:381,0
DA:382,0
DA:384,0
DA:388,0
DA:389,0
DA:393,96
DA:394,0
DA:395,0
DA:397,0
DA:398,0
DA:400,0
DA:401,0
DA:402,0
DA:403,0
DA:407,0
DA:409,0
DA:412,0
DA:413,0
DA:415,0
DA:419,96
DA:420,0
DA:421,0
DA:422,0
DA:423,0
DA:426,0
DA:427,0
DA:429,0
DA:430,0
DA:432,0
DA:433,0
DA:434,0
DA:435,0
DA:439,0
DA:441,0
DA:444,0
DA:445,0
DA:447,0
DA:451,96
DA:477,0
DA:496,0
DA:513,0
DA:524,0
DA:534,0
DA:542,0
DA:553,0
DA:561,0
DA:625,0
DA:634,0
DA:643,0
DA:654,0
DA:671,0
DA:682,0
DA:692,0
DA:700,0
DA:711,0
DA:719,0
DA:732,0
DA:755,0
DA:786,0
DA:820,0
DA:833,0
DA:841,0
LF:209
LH:33
BRDA:77,0,0,0
BRDA:77,0,1,31
BRDA:84,1,0,0
BRDA:84,1,1,0
BRDA:84,2,0,0
BRDA:84,2,1,0
BRDA:86,3,0,0
BRDA:86,3,1,0
BRDA:86,4,0,0
BRDA:86,4,1,0
BRDA:88,5,0,0
BRDA:88,5,1,0
BRDA:91,6,0,0
BRDA:91,6,1,0
BRDA:92,7,0,0
BRDA:92,7,1,0
BRDA:93,8,0,0
BRDA:93,8,1,0
BRDA:94,9,0,0
BRDA:94,9,1,0
BRDA:95,10,0,0
BRDA:95,10,1,0
BRDA:96,11,0,0
BRDA:96,11,1,0
BRDA:102,12,0,0
BRDA:102,12,1,0
BRDA:115,13,0,0
BRDA:115,13,1,0
BRDA:115,14,0,0
BRDA:115,14,1,0
BRDA:115,14,2,0
BRDA:120,15,0,0
BRDA:120,15,1,0
BRDA:120,16,0,0
BRDA:120,16,1,0
BRDA:131,17,0,0
BRDA:131,17,1,0
BRDA:145,18,0,0
BRDA:145,18,1,0
BRDA:145,19,0,0
BRDA:145,19,1,0
BRDA:152,20,0,0
BRDA:152,20,1,0
BRDA:156,21,0,0
BRDA:156,21,1,0
BRDA:161,22,0,0
BRDA:161,22,1,0
BRDA:168,23,0,0
BRDA:168,23,1,0
BRDA:179,24,0,0
BRDA:179,24,1,0
BRDA:179,25,0,0
BRDA:179,25,1,0
BRDA:179,25,2,0
BRDA:183,26,0,0
BRDA:183,26,1,0
BRDA:183,27,0,0
BRDA:183,27,1,0
BRDA:190,28,0,0
BRDA:190,28,1,0
BRDA:190,28,2,0
BRDA:200,29,0,0
BRDA:200,29,1,0
BRDA:227,30,0,0
BRDA:227,30,1,0
BRDA:232,31,0,0
BRDA:232,31,1,0
BRDA:236,32,0,0
BRDA:236,32,1,0
BRDA:238,33,0,0
BRDA:238,33,1,0
BRDA:238,34,0,0
BRDA:238,34,1,0
BRDA:238,34,2,0
BRDA:241,35,0,0
BRDA:241,35,1,0
BRDA:245,36,0,0
BRDA:245,36,1,0
BRDA:252,37,0,0
BRDA:252,37,1,0
BRDA:263,38,0,0
BRDA:263,38,1,0
BRDA:266,39,0,0
BRDA:266,39,1,0
BRDA:269,40,0,0
BRDA:269,40,1,0
BRDA:273,41,0,0
BRDA:273,41,1,0
BRDA:302,42,0,0
BRDA:302,42,1,0
BRDA:302,43,0,0
BRDA:302,43,1,0
BRDA:302,43,2,0
BRDA:302,43,3,0
BRDA:307,44,0,0
BRDA:307,44,1,0
BRDA:307,45,0,0
BRDA:307,45,1,0
BRDA:317,46,0,0
BRDA:317,46,1,0
BRDA:319,47,0,0
BRDA:319,47,1,0
BRDA:321,48,0,0
BRDA:321,48,1,0
BRDA:325,49,0,0
BRDA:325,49,1,0
BRDA:326,50,0,0
BRDA:326,50,1,0
BRDA:327,51,0,0
BRDA:327,51,1,0
BRDA:328,52,0,0
BRDA:328,52,1,0
BRDA:329,53,0,0
BRDA:329,53,1,0
BRDA:333,54,0,0
BRDA:333,54,1,0
BRDA:336,55,0,0
BRDA:336,55,1,0
BRDA:341,56,0,0
BRDA:341,56,1,0
BRDA:341,57,0,0
BRDA:341,57,1,0
BRDA:348,58,0,0
BRDA:348,58,1,0
BRDA:353,59,0,0
BRDA:353,59,1,0
BRDA:358,60,0,0
BRDA:358,60,1,0
BRDA:365,61,0,0
BRDA:365,61,1,0
BRDA:373,62,0,0
BRDA:373,62,1,0
BRDA:373,63,0,0
BRDA:373,63,1,0
BRDA:380,64,0,0
BRDA:380,64,1,0
BRDA:384,65,0,0
BRDA:384,65,1,0
BRDA:389,66,0,0
BRDA:389,66,1,0
BRDA:400,67,0,0
BRDA:400,67,1,0
BRDA:401,68,0,0
BRDA:401,68,1,0
BRDA:402,69,0,0
BRDA:402,69,1,0
BRDA:409,70,0,0
BRDA:409,70,1,0
BRDA:413,71,0,0
BRDA:413,71,1,0
BRDA:421,72,0,0
BRDA:421,72,1,0
BRDA:432,73,0,0
BRDA:432,73,1,0
BRDA:433,74,0,0
BRDA:433,74,1,0
BRDA:434,75,0,0
BRDA:434,75,1,0
BRDA:441,76,0,0
BRDA:441,76,1,0
BRDA:445,77,0,0
BRDA:445,77,1,0
BRDA:466,78,0,96
BRDA:466,78,1,0
BRDA:467,79,0,0
BRDA:467,79,1,0
BRDA:468,80,0,0
BRDA:468,80,1,0
BRDA:508,81,0,96
BRDA:508,81,1,0
BRDA:569,82,0,0
BRDA:569,82,1,96
BRDA:580,83,0,96
BRDA:580,83,1,0
BRDA:584,84,0,0
BRDA:584,84,1,96
BRDA:598,85,0,96
BRDA:598,85,1,0
BRDA:602,86,0,0
BRDA:602,86,1,96
BRDA:619,87,0,0
BRDA:619,87,1,96
BRDA:623,88,0,0
BRDA:623,88,1,0
BRDA:666,89,0,0
BRDA:666,89,1,0
BRDA:737,90,0,0
BRDA:737,90,1,0
BRDA:755,91,0,96
BRDA:755,91,1,96
BRDA:760,92,0,0
BRDA:760,92,1,96
BRDA:779,93,0,96
BRDA:779,93,1,0
BRDA:791,94,0,0
BRDA:791,94,1,0
BRDA:797,95,0,0
BRDA:797,95,1,0
BRDA:805,96,0,0
BRDA:805,96,1,0
BRDA:808,97,0,0
BRDA:808,97,1,0
BRDA:808,97,2,0
BRDA:821,98,0,0
BRDA:821,98,1,0
BRDA:824,99,0,0
BRDA:824,99,1,0
BRF:207
BRH:13
end_of_record
TN:
SF:components/rag/DocumentList.tsx
FN:50,DocumentList
FN:66,(anonymous_1)
FN:76,(anonymous_2)
FN:87,(anonymous_3)
FN:98,(anonymous_4)
FN:99,(anonymous_5)
FN:106,(anonymous_6)
FN:116,(anonymous_7)
FN:146,(anonymous_8)
FN:154,(anonymous_9)
FN:168,(anonymous_10)
FN:185,(anonymous_11)
FN:187,(anonymous_12)
FN:200,(anonymous_13)
FN:214,(anonymous_14)
FN:222,(anonymous_15)
FN:234,(anonymous_16)
FN:238,(anonymous_17)
FN:250,(anonymous_18)
FN:260,(anonymous_19)
FN:292,(anonymous_20)
FN:296,(anonymous_21)
FN:332,(anonymous_22)
FN:337,(anonymous_23)
FN:338,(anonymous_24)
FN:341,(anonymous_25)
FN:367,(anonymous_26)
FN:370,(anonymous_27)
FN:373,(anonymous_28)
FN:400,(anonymous_29)
FN:418,(anonymous_30)
FN:419,(anonymous_31)
FN:430,(anonymous_32)
FN:443,(anonymous_33)
FN:454,(anonymous_34)
FN:459,(anonymous_35)
FN:487,(anonymous_36)
FN:503,(anonymous_37)
FN:527,(anonymous_38)
FN:535,(anonymous_39)
FN:539,(anonymous_40)
FN:546,(anonymous_41)
FN:577,(anonymous_42)
FN:583,(anonymous_43)
FN:588,(anonymous_44)
FN:594,(anonymous_45)
FN:602,(anonymous_46)
FN:612,(anonymous_47)
FN:663,(anonymous_48)
FN:676,(anonymous_49)
FN:685,(anonymous_50)
FN:698,(anonymous_51)
FN:701,(anonymous_52)
FN:707,(anonymous_53)
FN:710,(anonymous_54)
FN:716,(anonymous_55)
FN:719,(anonymous_56)
FN:734,(anonymous_57)
FN:738,(anonymous_58)
FN:761,(anonymous_59)
FN:773,(anonymous_60)
FN:788,(anonymous_61)
FN:797,(anonymous_62)
FN:817,(anonymous_63)
FN:823,(anonymous_64)
FN:847,(anonymous_65)
FN:857,(anonymous_66)
FN:867,(anonymous_67)
FN:884,(anonymous_68)
FN:916,(anonymous_69)
FNF:70
FNH:30
FNDA:96,DocumentList
FNDA:31,(anonymous_1)
FNDA:0,(anonymous_2)
FNDA:0,(anonymous_3)
FNDA:96,(anonymous_4)
FNDA:53,(anonymous_5)
FNDA:96,(anonymous_6)
FNDA:0,(anonymous_7)
FNDA:33,(anonymous_8)
FNDA:54,(anonymous_9)
FNDA:3,(anonymous_10)
FNDA:51,(anonymous_11)
FNDA:54,(anonymous_12)
FNDA:51,(anonymous_13)
FNDA:31,(anonymous_14)
FNDA:4,(anonymous_15)
FNDA:6,(anonymous_16)
FNDA:4,(anonymous_17)
FNDA:0,(anonymous_18)
FNDA:0,(anonymous_19)
FNDA:0,(anonymous_20)
FNDA:0,(anonymous_21)
FNDA:27,(anonymous_22)
FNDA:0,(anonymous_23)
FNDA:0,(anonymous_24)
FNDA:0,(anonymous_25)
FNDA:51,(anonymous_26)
FNDA:0,(anonymous_27)
FNDA:0,(anonymous_28)
FNDA:51,(anonymous_29)
FNDA:27,(anonymous_30)
FNDA:24,(anonymous_31)
FNDA:51,(anonymous_32)
FNDA:0,(anonymous_33)
FNDA:0,(anonymous_34)
FNDA:0,(anonymous_35)
FNDA:0,(anonymous_36)
FNDA:0,(anonymous_37)
FNDA:0,(anonymous_38)
FNDA:0,(anonymous_39)
FNDA:0,(anonymous_40)
FNDA:0,(anonymous_41)
FNDA:0,(anonymous_42)
FNDA:0,(anonymous_43)
FNDA:0,(anonymous_44)
FNDA:0,(anonymous_45)
FNDA:53,(anonymous_46)
FNDA:0,(anonymous_47)
FNDA:0,(anonymous_48)
FNDA:1,(anonymous_49)
FNDA:4,(anonymous_50)
FNDA:1,(anonymous_51)
FNDA:2,(anonymous_52)
FNDA:0,(anonymous_53)
FNDA:0,(anonymous_54)
FNDA:27,(anonymous_55)
FNDA:51,(anonymous_56)
FNDA:0,(anonymous_57)
FNDA:0,(anonymous_58)
FNDA:0,(anonymous_59)
FNDA:0,(anonymous_60)
FNDA:51,(anonymous_61)
FNDA:0,(anonymous_62)
FNDA:0,(anonymous_63)
FNDA:0,(anonymous_64)
FNDA:1,(anonymous_65)
FNDA:0,(anonymous_66)
FNDA:0,(anonymous_67)
FNDA:0,(anonymous_68)
FNDA:0,(anonymous_69)
DA:3,1
DA:4,1
DA:5,1
DA:6,1
DA:7,1
DA:28,1
DA:38,1
DA:39,1
DA:50,1
DA:51,96
DA:52,96
DA:53,96
DA:54,96
DA:55,96
DA:56,96
DA:57,96
DA:58,96
DA:59,96
DA:60,96
DA:61,96
DA:62,96
DA:63,96
DA:66,96
DA:67,31
DA:68,31
DA:69,0
DA:71,31
DA:76,96
DA:77,0
DA:78,0
DA:79,0
DA:81,0
DA:82,0
DA:87,96
DA:88,0
DA:89,0
DA:90,0
DA:92,0
DA:93,0
DA:98,96
DA:99,96
DA:100,53
DA:101,53
DA:106,96
DA:108,96
DA:110,96
DA:111,96
DA:114,0
DA:116,0
DA:118,0
DA:119,0
DA:120,0
DA:124,0
DA:125,0
DA:126,0
DA:130,0
DA:131,0
DA:135,0
DA:136,0
DA:137,0
DA:138,0
DA:142,0
DA:146,96
DA:147,33
DA:148,33
DA:150,33
DA:151,33
DA:154,54
DA:157,31
DA:159,31
DA:160,54
DA:161,54
DA:163,54
DA:165,3
DA:166,3
DA:167,3
DA:168,3
DA:169,3
DA:172,51
DA:185,31
DA:186,51
DA:187,54
DA:188,51
DA:194,31
DA:195,31
DA:198,31
DA:200,51
DA:207,2
DA:208,2
DA:210,33
DA:214,96
DA:215,31
DA:216,31
DA:217,31
DA:218,1
DA:222,96
DA:223,4
DA:224,0
DA:226,4
DA:227,1
DA:230,3
DA:232,3
DA:233,3
DA:235,6
DA:236,6
DA:238,4
DA:241,3
DA:242,2
DA:243,2
DA:245,1
DA:246,1
DA:250,96
DA:251,0
DA:252,0
DA:253,0
DA:255,0
DA:257,0
DA:260,96
DA:261,0
DA:262,0
DA:263,0
DA:265,0
DA:268,0
DA:271,0
DA:272,0
DA:273,0
DA:274,0
DA:275,0
DA:276,0
DA:277,0
DA:278,0
DA:280,0
DA:285,0
DA:286,0
DA:288,0
DA:292,96
DA:293,0
DA:296,96
DA:297,0
DA:298,0
DA:299,0
DA:302,0
DA:303,0
DA:304,0
DA:306,0
DA:307,0
DA:310,0
DA:312,0
DA:318,0
DA:320,0
DA:321,0
DA:323,0
DA:325,0
DA:326,0
DA:332,96
DA:333,27
DA:334,27
DA:337,27
DA:338,0
DA:339,0
DA:341,0
DA:342,0
DA:343,0
DA:345,0
DA:346,0
DA:354,0
DA:357,0
DA:358,0
DA:359,0
DA:360,0
DA:367,27
DA:368,51
DA:369,51
DA:370,0
DA:371,0
DA:373,0
DA:374,0
DA:375,0
DA:377,0
DA:378,0
DA:386,0
DA:389,0
DA:390,0
DA:391,0
DA:392,0
DA:400,27
DA:401,51
DA:402,51
DA:410,51
DA:411,0
DA:413,51
DA:418,27
DA:419,27
DA:420,24
DA:421,0
DA:423,24
DA:424,0
DA:426,24
DA:430,27
DA:431,51
DA:432,0
DA:433,0
DA:437,27
DA:438,27
DA:440,27
DA:443,96
DA:444,0
DA:445,0
DA:446,0
DA:448,0
DA:450,0
DA:454,96
DA:455,0
DA:457,0
DA:459,0
DA:460,0
DA:461,0
DA:464,0
DA:465,0
DA:469,0
DA:474,0
DA:476,0
DA:481,0
DA:482,0
DA:487,96
DA:488,0
DA:490,0
DA:491,0
DA:492,0
DA:493,0
DA:497,0
DA:498,0
DA:499,0
DA:503,0
DA:504,0
DA:505,0
DA:508,0
DA:509,0
DA:510,0
DA:514,0
DA:516,0
DA:521,0
DA:522,0
DA:527,96
DA:528,0
DA:529,0
DA:530,0
DA:533,0
DA:534,0
DA:536,0
DA:537,0
DA:539,0
DA:542,0
DA:545,0
DA:546,0
DA:547,0
DA:548,0
DA:552,0
DA:557,0
DA:558,0
DA:561,0
DA:567,0
DA:569,0
DA:570,0
DA:572,0
DA:577,96
DA:578,0
DA:579,0
DA:583,96
DA:584,0
DA:588,96
DA:589,0
DA:590,0
DA:594,96
DA:595,0
DA:596,0
DA:597,0
DA:602,96
DA:603,53
DA:604,53
DA:605,53
DA:606,53
DA:608,53
DA:612,0
DA:663,0
DA:676,1
DA:685,4
DA:698,96
DA:699,1
DA:701,2
DA:707,96
DA:708,0
DA:710,0
DA:716,96
DA:717,27
DA:719,27
DA:720,51
DA:721,51
DA:723,51
DA:725,0
DA:726,0
DA:728,0
DA:734,0
DA:738,0
DA:762,0
DA:763,0
DA:773,0
DA:780,51
DA:788,51
DA:792,96
DA:794,96
DA:797,0
DA:817,0
DA:823,0
DA:847,1
DA:857,0
DA:867,0
DA:884,0
DA:916,0
LF:319
LH:141
BRDA:50,0,0,90
BRDA:100,1,0,53
BRDA:100,1,1,53
BRDA:110,2,0,96
BRDA:110,2,1,0
BRDA:118,3,0,0
BRDA:118,3,1,0
BRDA:119,4,0,0
BRDA:119,4,1,0
BRDA:124,5,0,0
BRDA:124,5,1,0
BRDA:125,6,0,0
BRDA:125,6,1,0
BRDA:130,7,0,0
BRDA:130,7,1,0
BRDA:135,8,0,0
BRDA:135,8,1,0
BRDA:137,9,0,0
BRDA:137,9,1,0
BRDA:137,10,0,0
BRDA:137,10,1,0
BRDA:160,11,0,54
BRDA:160,11,1,48
BRDA:161,12,0,54
BRDA:161,12,1,48
BRDA:163,13,0,3
BRDA:163,13,1,51
BRDA:166,14,0,3
BRDA:166,14,1,0
BRDA:186,15,0,51
BRDA:186,15,1,0
BRDA:208,16,0,2
BRDA:208,16,1,1
BRDA:217,17,0,1
BRDA:217,17,1,30
BRDA:223,18,0,0
BRDA:223,18,1,4
BRDA:226,19,0,1
BRDA:226,19,1,3
BRDA:235,20,0,6
BRDA:235,20,1,4
BRDA:241,21,0,3
BRDA:241,21,1,0
BRDA:246,22,0,1
BRDA:246,22,1,0
BRDA:252,23,0,0
BRDA:252,23,1,0
BRDA:286,24,0,0
BRDA:286,24,1,0
BRDA:298,25,0,0
BRDA:298,25,1,0
BRDA:321,26,0,0
BRDA:321,26,1,0
BRDA:325,27,0,0
BRDA:325,27,1,0
BRDA:343,28,0,0
BRDA:343,28,1,0
BRDA:345,29,0,0
BRDA:345,29,1,0
BRDA:352,30,0,0
BRDA:352,30,1,0
BRDA:357,31,0,0
BRDA:357,31,1,0
BRDA:357,32,0,0
BRDA:357,32,1,0
BRDA:359,33,0,0
BRDA:359,33,1,0
BRDA:369,34,0,0
BRDA:369,34,1,51
BRDA:375,35,0,0
BRDA:375,35,1,0
BRDA:377,36,0,0
BRDA:377,36,1,0
BRDA:384,37,0,0
BRDA:384,37,1,0
BRDA:389,38,0,0
BRDA:389,38,1,0
BRDA:389,39,0,0
BRDA:389,39,1,0
BRDA:391,40,0,0
BRDA:391,40,1,0
BRDA:405,41,0,51
BRDA:405,41,1,0
BRDA:407,42,0,0
BRDA:407,42,1,51
BRDA:410,43,0,0
BRDA:410,43,1,51
BRDA:410,44,0,51
BRDA:410,44,1,0
BRDA:420,45,0,0
BRDA:420,45,1,24
BRDA:420,46,0,24
BRDA:420,46,1,0
BRDA:423,47,0,0
BRDA:423,47,1,24
BRDA:423,48,0,24
BRDA:423,48,1,24
BRDA:431,49,0,0
BRDA:431,49,1,51
BRDA:431,50,0,51
BRDA:431,50,1,0
BRDA:445,51,0,0
BRDA:445,51,1,0
BRDA:457,52,0,0
BRDA:457,52,1,0
BRDA:461,53,0,0
BRDA:461,53,1,0
BRDA:464,54,0,0
BRDA:464,54,1,0
BRDA:482,55,0,0
BRDA:482,55,1,0
BRDA:491,56,0,0
BRDA:491,56,1,0
BRDA:497,57,0,0
BRDA:497,57,1,0
BRDA:505,58,0,0
BRDA:505,58,1,0
BRDA:508,59,0,0
BRDA:508,59,1,0
BRDA:522,60,0,0
BRDA:522,60,1,0
BRDA:536,61,0,0
BRDA:536,61,1,0
BRDA:542,62,0,0
BRDA:542,62,1,0
BRDA:547,63,0,0
BRDA:547,63,1,0
BRDA:557,64,0,0
BRDA:557,64,1,0
BRDA:563,65,0,0
BRDA:563,65,1,0
BRDA:570,66,0,0
BRDA:570,66,1,0
BRDA:596,67,0,0
BRDA:596,67,1,0
BRDA:602,68,0,0
BRDA:604,69,0,53
BRDA:604,69,1,0
BRDA:615,70,0,51
BRDA:615,70,1,2
BRDA:616,71,0,51
BRDA:616,71,1,2
BRDA:622,72,0,51
BRDA:622,72,1,2
BRDA:623,73,0,53
BRDA:623,73,1,0
BRDA:627,74,0,0
BRDA:627,74,1,53
BRDA:630,75,0,0
BRDA:630,75,1,0
BRDA:632,76,0,0
BRDA:632,76,1,0
BRDA:638,77,0,53
BRDA:638,77,1,53
BRDA:638,77,2,28
BRDA:643,78,0,53
BRDA:643,78,1,25
BRDA:649,79,0,50
BRDA:649,79,1,3
BRDA:653,80,0,53
BRDA:653,80,1,2
BRDA:656,81,0,0
BRDA:656,81,1,2
BRDA:658,82,0,0
BRDA:658,82,1,2
BRDA:659,83,0,2
BRDA:659,83,1,2
BRDA:659,83,2,1
BRDA:661,84,0,2
BRDA:661,84,1,1
BRDA:666,85,0,0
BRDA:666,85,1,1
BRDA:677,86,0,53
BRDA:677,86,1,4
BRDA:686,87,0,53
BRDA:686,87,1,11
BRDA:719,88,0,0
BRDA:720,89,0,51
BRDA:720,89,1,0
BRDA:723,90,0,0
BRDA:723,90,1,51
BRDA:726,91,0,0
BRDA:726,91,1,0
BRDA:740,92,0,0
BRDA:740,92,1,0
BRDA:752,93,0,0
BRDA:752,93,1,0
BRDA:752,93,2,0
BRDA:756,94,0,0
BRDA:756,94,1,0
BRDA:771,95,0,0
BRDA:771,95,1,0
BRDA:771,95,2,0
BRDA:782,96,0,51
BRDA:782,96,1,51
BRDA:819,97,0,96
BRDA:819,97,1,65
BRDA:821,98,0,96
BRDA:821,98,1,0
BRDA:838,99,0,96
BRDA:838,99,1,0
BRDA:845,100,0,1
BRDA:845,100,1,95
BRDA:848,101,0,96
BRDA:848,101,1,65
BRDA:855,102,0,0
BRDA:855,102,1,96
BRDA:858,103,0,96
BRDA:858,103,1,65
BRDA:865,104,0,95
BRDA:865,104,1,1
BRDA:868,105,0,96
BRDA:868,105,1,65
BRDA:879,106,0,96
BRDA:879,106,1,95
BRDA:885,107,0,95
BRDA:885,107,1,64
BRDA:898,108,0,96
BRDA:898,108,1,65
BRDA:898,108,2,61
BRDA:907,109,0,96
BRDA:907,109,1,65
BRDA:917,110,0,96
BRDA:917,110,1,65
BRDA:926,111,0,96
BRDA:926,111,1,65
BRDA:928,112,0,31
BRDA:928,112,1,65
BRDA:943,113,0,96
BRDA:943,113,1,3
BRDA:946,114,0,0
BRDA:946,114,1,3
BRDA:956,115,0,68
BRDA:956,115,1,28
BRDA:960,116,0,0
BRDA:960,116,1,28
BRDA:962,117,0,0
BRDA:962,117,1,0
BRDA:964,118,0,0
BRDA:964,118,1,0
BRDA:986,119,0,27
BRDA:986,119,1,1
BRDA:988,120,0,0
BRDA:988,120,1,1
BRF:244
BRH:108
end_of_record
TN:
SF:components/rag/FolderManageDialog.tsx
FN:25,FolderManageDialog
FN:35,(anonymous_1)
FN:44,(anonymous_2)
FN:82,(anonymous_3)
FN:86,(anonymous_4)
FN:106,(anonymous_5)
FNF:6
FNH:1
FNDA:96,FolderManageDialog
FNDA:0,(anonymous_1)
FNDA:0,(anonymous_2)
FNDA:0,(anonymous_3)
FNDA:0,(anonymous_4)
FNDA:0,(anonymous_5)
DA:3,1
DA:4,1
DA:12,1
DA:13,1
DA:14,1
DA:15,1
DA:25,1
DA:32,96
DA:33,96
DA:35,96
DA:36,0
DA:38,0
DA:39,0
DA:40,0
DA:44,0
DA:45,0
DA:46,0
DA:47,0
DA:51,0
DA:52,0
DA:53,0
DA:54,0
DA:55,0
DA:58,96
DA:83,0
DA:84,0
DA:87,0
DA:88,0
DA:106,0
LF:29
LH:11
BRDA:29,0,0,96
BRDA:38,1,0,0
BRDA:38,1,1,0
BRDA:45,2,0,0
BRDA:45,2,1,0
BRDA:65,3,0,96
BRDA:65,3,1,0
BRDA:69,4,0,96
BRDA:69,4,1,0
BRDA:87,5,0,0
BRDA:87,5,1,0
BRDA:92,6,0,96
BRDA:92,6,1,0
BRDA:109,7,0,96
BRDA:109,7,1,0
BRF:15
BRH:5
end_of_record
TN:
SF:components/rag/VectorDBSettings.tsx
FN:15,VectorDBSettings
FN:39,(anonymous_1)
FN:62,(anonymous_2)
FN:76,(anonymous_3)
FN:79,(anonymous_4)
FN:84,(anonymous_5)
FN:124,(anonymous_6)
FN:126,(anonymous_7)
FN:132,(anonymous_8)
FN:135,(anonymous_9)
FN:141,(anonymous_10)
FN:144,(anonymous_11)
FN:146,(anonymous_12)
FN:151,(anonymous_13)
FN:154,(anonymous_14)
FN:156,(anonymous_15)
FN:161,(anonymous_16)
FN:202,(anonymous_17)
FN:228,(anonymous_18)
FN:249,(anonymous_19)
FN:277,(anonymous_20)
FN:294,(anonymous_21)
FN:315,(anonymous_22)
FN:374,(anonymous_23)
FN:386,(anonymous_24)
FN:411,(anonymous_25)
FNF:26
FNH:21
FNDA:212,VectorDBSettings
FNDA:32,(anonymous_1)
FNDA:212,(anonymous_2)
FNDA:32,(anonymous_3)
FNDA:0,(anonymous_4)
FNDA:8,(anonymous_5)
FNDA:11,(anonymous_6)
FNDA:21,(anonymous_7)
FNDA:6,(anonymous_8)
FNDA:6,(anonymous_9)
FNDA:0,(anonymous_10)
FNDA:3,(anonymous_11)
FNDA:3,(anonymous_12)
FNDA:0,(anonymous_13)
FNDA:2,(anonymous_14)
FNDA:2,(anonymous_15)
FNDA:0,(anonymous_16)
FNDA:6,(anonymous_17)
FNDA:0,(anonymous_18)
FNDA:1,(anonymous_19)
FNDA:10,(anonymous_20)
FNDA:1,(anonymous_21)
FNDA:1,(anonymous_22)
FNDA:138,(anonymous_23)
FNDA:3,(anonymous_24)
FNDA:428,(anonymous_25)
DA:3,1
DA:4,1
DA:5,1
DA:6,1
DA:15,1
DA:20,212
DA:28,212
DA:39,212
DA:40,32
DA:46,32
DA:47,2
DA:49,32
DA:50,5
DA:51,5
DA:58,212
DA:59,212
DA:62,212
DA:63,212
DA:64,212
DA:65,212
DA:66,3
DA:68,209
DA:71,212
DA:72,212
DA:73,212
DA:76,212
DA:77,32
DA:78,32
DA:79,0
DA:84,212
DA:85,8
DA:86,1
DA:87,1
DA:90,7
DA:91,7
DA:93,7
DA:94,7
DA:95,7
DA:103,7
DA:104,1
DA:107,6
DA:110,6
DA:124,6
DA:125,11
DA:126,21
DA:130,6
DA:131,6
DA:132,6
DA:134,4
DA:135,6
DA:138,4
DA:141,0
DA:142,2
DA:144,3
DA:145,1
DA:146,3
DA:148,1
DA:151,0
DA:152,1
DA:154,2
DA:155,1
DA:156,2
DA:158,1
DA:161,0
DA:164,6
DA:165,1
DA:168,5
DA:169,5
DA:172,5
DA:173,2
DA:174,2
DA:179,2
DA:180,2
DA:181,1
DA:182,1
DA:183,0
DA:186,2
DA:191,2
DA:195,1
DA:196,1
DA:198,7
DA:202,212
DA:203,6
DA:204,6
DA:206,6
DA:212,6
DA:214,6
DA:218,2
DA:219,2
DA:220,2
DA:223,4
DA:225,3
DA:228,3
DA:230,1
DA:231,1
DA:233,6
DA:237,212
DA:250,1
DA:277,10
DA:295,1
DA:316,1
DA:375,138
DA:387,3
DA:389,3
DA:390,3
DA:391,1
DA:392,2
DA:393,0
DA:394,2
DA:398,2
DA:401,3
DA:406,3
DA:412,428
LF:113
LH:107
BRDA:21,0,0,212
BRDA:21,0,1,209
BRDA:29,1,0,212
BRDA:29,1,1,206
BRDA:46,2,0,2
BRDA:46,2,1,30
BRDA:49,3,0,5
BRDA:49,3,1,27
BRDA:65,4,0,3
BRDA:65,4,1,209
BRDA:65,5,0,212
BRDA:65,5,1,6
BRDA:78,6,0,0
BRDA:78,6,1,32
BRDA:78,7,0,32
BRDA:78,7,1,5
BRDA:85,8,0,1
BRDA:85,8,1,7
BRDA:85,9,0,8
BRDA:85,9,1,7
BRDA:103,10,0,1
BRDA:103,10,1,6
BRDA:131,11,0,4
BRDA:131,11,1,2
BRDA:131,12,0,6
BRDA:131,12,1,4
BRDA:132,13,0,6
BRDA:132,13,1,0
BRDA:135,14,0,6
BRDA:135,14,1,6
BRDA:139,15,0,3
BRDA:139,15,1,1
BRDA:142,16,0,1
BRDA:142,16,1,1
BRDA:142,17,0,2
BRDA:142,17,1,1
BRDA:144,18,0,3
BRDA:144,18,1,0
BRDA:146,19,0,3
BRDA:146,19,1,3
BRDA:149,20,0,1
BRDA:149,20,1,0
BRDA:152,21,0,1
BRDA:152,21,1,0
BRDA:154,22,0,2
BRDA:154,22,1,0
BRDA:154,22,2,0
BRDA:156,23,0,2
BRDA:156,23,1,2
BRDA:159,24,0,1
BRDA:159,24,1,0
BRDA:164,25,0,1
BRDA:164,25,1,5
BRDA:172,26,0,2
BRDA:172,26,1,3
BRDA:172,27,0,5
BRDA:172,27,1,0
BRDA:180,28,0,1
BRDA:180,28,1,1
BRDA:180,29,0,2
BRDA:180,29,1,1
BRDA:182,30,0,0
BRDA:182,30,1,1
BRDA:182,31,0,1
BRDA:182,31,1,1
BRDA:196,32,0,1
BRDA:196,32,1,0
BRDA:214,33,0,2
BRDA:214,33,1,4
BRDA:215,34,0,6
BRDA:215,34,1,6
BRDA:215,34,2,5
BRDA:231,35,0,1
BRDA:231,35,1,0
BRDA:307,36,0,212
BRDA:307,36,1,212
BRDA:314,37,0,212
BRDA:314,37,1,4
BRDA:329,38,0,7
BRDA:329,38,1,205
BRDA:365,39,0,212
BRDA:365,39,1,3
BRDA:390,40,0,1
BRDA:390,40,1,2
BRDA:390,41,0,3
BRDA:390,41,1,2
BRDA:392,42,0,0
BRDA:392,42,1,2
BRDA:394,43,0,2
BRDA:394,43,1,0
BRDA:395,44,0,2
BRDA:395,44,1,0
BRDA:418,45,0,5
BRDA:418,45,1,207
BRDA:435,46,0,212
BRDA:435,46,1,6
BRDA:438,47,0,3
BRDA:438,47,1,3
BRDA:450,48,0,4
BRDA:450,48,1,208
BRF:100
BRH:85
end_of_record
TN:
SF:components/settings/BackupRestoreSettings.tsx
FN:17,BackupRestoreSettings
FN:28,(anonymous_1)
FN:97,(anonymous_2)
FN:112,(anonymous_3)
FN:151,(anonymous_4)
FN:173,(anonymous_5)
FN:174,(anonymous_6)
FN:259,(anonymous_7)
FN:284,(anonymous_8)
FN:296,(anonymous_9)
FN:309,(anonymous_10)
FN:323,(anonymous_11)
FNF:12
FNH:5
FNDA:47,BackupRestoreSettings
FNDA:12,(anonymous_1)
FNDA:2,(anonymous_2)
FNDA:0,(anonymous_3)
FNDA:0,(anonymous_4)
FNDA:6,(anonymous_5)
FNDA:38,(anonymous_6)
FNDA:0,(anonymous_7)
FNDA:0,(anonymous_8)
FNDA:0,(anonymous_9)
FNDA:0,(anonymous_10)
FNDA:0,(anonymous_11)
DA:3,1
DA:4,1
DA:5,1
DA:6,1
DA:7,1
DA:17,1
DA:18,47
DA:19,47
DA:20,47
DA:28,47
DA:29,12
DA:30,1
DA:31,1
DA:34,11
DA:35,11
DA:36,11
DA:39,11
DA:40,10
DA:41,1
DA:44,9
DA:47,9
DA:48,9
DA:49,5
DA:50,5
DA:51,5
DA:56,9
DA:57,9
DA:60,6
DA:69,6
DA:72,6
DA:73,6
DA:74,6
DA:75,6
DA:76,6
DA:77,6
DA:78,6
DA:79,6
DA:80,6
DA:82,6
DA:87,5
DA:88,5
DA:90,11
DA:97,47
DA:98,2
DA:99,1
DA:100,1
DA:103,1
DA:104,1
DA:105,1
DA:108,1
DA:109,1
DA:110,1
DA:112,1
DA:113,0
DA:114,0
DA:115,0
DA:116,0
DA:119,0
DA:120,0
DA:122,0
DA:123,0
DA:125,0
DA:128,0
DA:129,0
DA:130,0
DA:131,0
DA:132,0
DA:137,0
DA:138,0
DA:139,0
DA:140,0
DA:141,0
DA:145,0
DA:151,0
DA:152,0
DA:155,0
DA:156,0
DA:158,0
DA:162,1
DA:164,0
DA:165,0
DA:166,0
DA:173,47
DA:174,6
DA:175,38
DA:183,6
DA:184,6
DA:185,6
DA:186,6
DA:189,6
DA:190,6
DA:191,5
DA:192,5
DA:193,5
DA:194,5
DA:195,5
DA:196,5
DA:198,6
DA:201,6
DA:202,6
DA:203,5
DA:204,5
DA:205,5
DA:206,5
DA:207,5
DA:208,5
DA:211,5
DA:212,1
DA:213,1
DA:214,1
DA:215,1
DA:216,1
DA:217,1
DA:218,1
DA:219,1
DA:221,1
DA:223,1
DA:227,5
DA:228,1
DA:229,1
DA:230,1
DA:231,1
DA:232,1
DA:233,1
DA:234,1
DA:235,1
DA:237,1
DA:240,5
DA:242,6
DA:245,6
DA:246,3
DA:247,3
DA:248,3
DA:251,6
DA:253,6
DA:259,47
DA:261,0
DA:262,0
DA:264,0
DA:265,0
DA:268,0
DA:269,0
DA:270,0
DA:273,0
DA:274,0
DA:275,0
DA:278,0
DA:279,0
DA:282,0
DA:283,0
DA:284,0
DA:285,0
DA:294,0
DA:295,0
DA:296,0
DA:297,0
DA:306,0
DA:307,0
DA:308,0
DA:309,0
DA:310,0
DA:320,0
DA:321,0
DA:322,0
DA:323,0
DA:324,0
DA:333,0
DA:337,0
DA:338,0
DA:339,0
DA:340,0
DA:341,0
DA:343,0
DA:347,0
DA:356,47
LF:175
LH:109
BRDA:29,0,0,1
BRDA:29,0,1,11
BRDA:29,1,0,12
BRDA:29,1,1,11
BRDA:40,2,0,1
BRDA:40,2,1,9
BRDA:41,3,0,1
BRDA:41,3,1,0
[...]
FNDA:0,(anonymous_42)
FNDA:0,(anonymous_43)
FNDA:0,(anonymous_44)
FNDA:0,(anonymous_45)
FNDA:0,(anonymous_46)
FNDA:0,(anonymous_47)
FNDA:0,(anonymous_48)
FNDA:0,(anonymous_49)
FNDA:0,(anonymous_50)
FNDA:0,(anonymous_51)
FNDA:0,(anonymous_52)
FNDA:0,(anonymous_53)
FNDA:0,(anonymous_54)
FNDA:0,(anonymous_55)
FNDA:0,(anonymous_56)
FNDA:0,(anonymous_57)
FNDA:0,(anonymous_58)
FNDA:0,(anonymous_59)
FNDA:0,(anonymous_60)
FNDA:0,(anonymous_61)
FNDA:0,(anonymous_62)
FNDA:0,(anonymous_63)
FNDA:0,(anonymous_64)
FNDA:0,(anonymous_65)
FNDA:0,(anonymous_66)
FNDA:0,(anonymous_67)
FNDA:0,(anonymous_68)
FNDA:0,(anonymous_69)
FNDA:0,(anonymous_70)
FNDA:0,(anonymous_71)
FNDA:0,(anonymous_72)
FNDA:0,(anonymous_73)
FNDA:0,(anonymous_74)
FNDA:0,(anonymous_75)
FNDA:0,(anonymous_76)
FNDA:0,(anonymous_77)
FNDA:0,(anonymous_78)
FNDA:0,(anonymous_79)
FNDA:0,(anonymous_80)
FNDA:0,(anonymous_81)
FNDA:0,(anonymous_82)
FNDA:0,(anonymous_83)
FNDA:0,(anonymous_84)
FNDA:0,(anonymous_85)
FNDA:0,(anonymous_86)
FNDA:0,(anonymous_87)
FNDA:0,(anonymous_88)
FNDA:0,(anonymous_89)
FNDA:0,(anonymous_90)
FNDA:0,(anonymous_91)
FNDA:0,(anonymous_92)
FNDA:0,(anonymous_93)
FNDA:0,(anonymous_94)
FNDA:0,(anonymous_95)
FNDA:0,(anonymous_96)
FNDA:0,(anonymous_97)
FNDA:0,(anonymous_98)
FNDA:0,(anonymous_99)
FNDA:0,(anonymous_100)
FNDA:0,(anonymous_101)
FNDA:0,(anonymous_102)
FNDA:0,(anonymous_103)
FNDA:0,(anonymous_104)
FNDA:0,(anonymous_105)
FNDA:0,(anonymous_106)
FNDA:0,(anonymous_107)
FNDA:0,(anonymous_108)
FNDA:0,(anonymous_109)
FNDA:0,(anonymous_110)
FNDA:0,(anonymous_111)
FNDA:0,(anonymous_112)
FNDA:0,(anonymous_113)
FNDA:0,(anonymous_114)
FNDA:0,(anonymous_115)
FNDA:0,(anonymous_116)
FNDA:0,(anonymous_117)
FNDA:0,(anonymous_118)
FNDA:0,(anonymous_119)
FNDA:0,(anonymous_120)
FNDA:0,(anonymous_121)
FNDA:0,(anonymous_122)
FNDA:0,(anonymous_123)
FNDA:0,(anonymous_124)
FNDA:0,(anonymous_125)
FNDA:0,(anonymous_126)
FNDA:0,(anonymous_127)
FNDA:0,(anonymous_128)
FNDA:0,(anonymous_129)
FNDA:0,(anonymous_130)
FNDA:0,(anonymous_131)
FNDA:0,(anonymous_132)
FNDA:0,(anonymous_133)
FNDA:0,(anonymous_134)
FNDA:0,(anonymous_135)
FNDA:0,(anonymous_136)
FNDA:0,(anonymous_137)
FNDA:0,(anonymous_138)
FNDA:0,(anonymous_139)
FNDA:0,(anonymous_140)
FNDA:0,(anonymous_141)
FNDA:0,(anonymous_142)
FNDA:0,(anonymous_143)
FNDA:0,(anonymous_144)
FNDA:0,(anonymous_145)
FNDA:0,(anonymous_146)
FNDA:0,(anonymous_147)
FNDA:0,(anonymous_148)
FNDA:0,(anonymous_149)
FNDA:0,(anonymous_150)
FNDA:0,(anonymous_151)
FNDA:0,(anonymous_152)
FNDA:0,(anonymous_153)
FNDA:0,(anonymous_154)
FNDA:0,(anonymous_155)
FNDA:0,(anonymous_156)
FNDA:0,(anonymous_157)
FNDA:0,(anonymous_158)
FNDA:0,(anonymous_159)
FNDA:0,(anonymous_160)
FNDA:0,(anonymous_161)
FNDA:0,(anonymous_162)
FNDA:0,(anonymous_163)
FNDA:0,(anonymous_164)
DA:1,5
DA:9,5
DA:11,5
DA:18,5
DA:20,5
DA:39,5
DA:45,0
DA:46,0
DA:48,0
DA:49,0
DA:50,0
DA:52,0
DA:53,0
DA:58,0
DA:59,0
DA:61,0
DA:62,0
DA:64,0
DA:70,0
DA:71,0
DA:73,0
DA:74,0
DA:75,0
DA:76,0
DA:80,0
DA:81,0
DA:82,0
DA:83,0
DA:84,0
DA:87,0
DA:88,0
DA:91,0
DA:92,0
DA:93,0
DA:98,0
DA:100,0
DA:101,0
DA:320,5
DA:371,5
DA:378,5
DA:379,0
DA:382,5
DA:383,5
DA:384,5
DA:385,0
DA:386,0
DA:389,0
DA:392,5
DA:397,5
DA:402,5
DA:403,0
DA:406,5
DA:407,5
DA:408,5
DA:409,0
DA:410,0
DA:413,0
DA:416,5
DA:426,5
DA:427,0
DA:429,5
DA:430,5
DA:431,5
DA:432,0
DA:433,0
DA:436,0
DA:438,5
DA:443,5
DA:444,0
DA:446,5
DA:447,5
DA:448,5
DA:449,0
DA:450,0
DA:453,0
DA:455,5
DA:460,5
DA:461,0
DA:463,5
DA:464,5
DA:465,5
DA:467,0
DA:469,0
DA:473,5
DA:474,0
DA:476,5
DA:477,5
DA:478,5
DA:480,0
DA:482,0
DA:486,5
DA:487,0
DA:489,5
DA:490,5
DA:491,5
DA:493,0
DA:495,0
DA:512,0
DA:513,0
DA:516,0
DA:517,0
DA:519,0
DA:520,0
DA:521,0
DA:525,0
DA:526,0
DA:529,0
DA:535,0
DA:538,0
DA:547,0
DA:556,0
DA:557,0
DA:559,0
DA:560,0
DA:561,0
DA:562,0
DA:564,0
DA:567,0
DA:572,0
DA:573,0
DA:575,0
DA:576,0
DA:579,0
DA:580,0
DA:582,0
DA:590,0
DA:594,0
DA:595,0
DA:596,0
DA:599,0
DA:600,0
DA:601,0
DA:602,0
DA:603,0
DA:605,0
DA:611,0
DA:612,0
DA:613,0
DA:616,0
DA:617,0
DA:620,0
DA:621,0
DA:624,0
DA:626,0
DA:631,0
DA:633,0
DA:646,0
DA:647,0
DA:648,0
DA:650,0
DA:655,0
DA:656,0
DA:657,0
DA:658,0
DA:659,0
DA:660,0
DA:662,0
DA:665,0
DA:670,0
DA:671,0
DA:672,0
DA:673,0
DA:675,0
DA:679,0
DA:680,0
DA:685,0
DA:686,0
DA:687,0
DA:688,0
DA:692,0
DA:693,0
DA:694,0
DA:695,0
DA:696,0
DA:697,0
DA:700,0
DA:703,0
DA:707,0
DA:711,0
DA:720,0
DA:728,0
DA:729,0
DA:730,0
DA:731,0
DA:732,0
DA:733,0
DA:735,0
DA:736,0
DA:739,0
DA:742,0
DA:747,0
DA:748,0
DA:749,0
DA:750,0
DA:752,0
DA:756,0
DA:757,0
DA:761,0
DA:762,0
DA:764,0
DA:770,0
DA:774,0
DA:775,0
DA:776,0
DA:779,0
DA:780,0
DA:781,0
DA:782,0
DA:786,0
DA:787,0
DA:789,0
DA:790,0
DA:792,0
DA:793,0
DA:794,0
DA:795,0
DA:800,0
DA:801,0
DA:802,0
DA:804,0
DA:805,0
DA:806,0
DA:811,0
DA:812,0
DA:813,0
DA:818,0
DA:819,0
DA:820,0
DA:825,0
DA:826,0
DA:827,0
DA:833,0
DA:837,0
DA:838,0
DA:849,0
DA:852,0
DA:865,0
DA:866,0
DA:867,0
DA:869,0
DA:871,0
DA:872,0
DA:873,0
DA:874,0
DA:875,0
DA:878,0
DA:883,0
DA:884,0
DA:888,0
DA:892,0
DA:893,0
DA:894,0
DA:895,0
DA:902,0
DA:903,0
DA:909,0
DA:910,0
DA:911,0
DA:912,0
DA:913,0
DA:914,0
DA:916,0
DA:919,0
DA:923,0
DA:924,0
DA:925,0
DA:928,0
DA:929,0
DA:931,0
DA:936,0
DA:937,0
DA:938,0
DA:942,0
DA:944,0
DA:952,0
DA:953,0
DA:954,0
DA:964,0
DA:966,0
DA:971,0
DA:972,0
DA:975,0
DA:976,0
DA:979,0
DA:981,0
DA:984,0
DA:986,0
DA:987,0
DA:988,0
DA:989,0
DA:990,0
DA:993,0
DA:997,0
DA:1001,0
DA:1005,0
DA:1006,0
DA:1010,0
DA:1011,0
DA:1019,0
DA:1020,0
DA:1021,0
DA:1023,0
DA:1024,0
DA:1027,0
DA:1030,0
DA:1035,0
DA:1036,0
DA:1037,0
DA:1040,0
DA:1048,0
DA:1050,0
DA:1051,0
DA:1052,0
DA:1053,0
DA:1057,0
DA:1061,0
DA:1062,0
DA:1066,0
DA:1068,0
DA:1069,0
DA:1070,0
DA:1072,0
DA:1083,0
DA:1084,0
DA:1085,0
DA:1086,0
DA:1092,0
DA:1093,0
DA:1094,0
DA:1097,0
DA:1098,0
DA:1100,0
DA:1104,0
DA:1108,0
DA:1109,0
DA:1110,0
DA:1111,0
DA:1115,0
DA:1116,0
DA:1117,0
DA:1118,0
DA:1120,0
DA:1123,0
DA:1124,0
DA:1125,0
DA:1131,0
DA:1138,0
DA:1141,0
DA:1142,0
DA:1143,0
DA:1144,0
DA:1145,0
DA:1147,0
DA:1149,0
DA:1153,0
DA:1154,0
DA:1155,0
DA:1159,0
DA:1161,0
DA:1162,0
DA:1163,0
DA:1164,0
DA:1166,0
DA:1170,0
DA:1171,0
DA:1178,0
DA:1182,0
DA:1183,0
DA:1184,0
DA:1185,0
DA:1191,0
DA:1192,0
DA:1193,0
DA:1195,0
DA:1206,0
DA:1207,0
DA:1208,0
DA:1210,0
DA:1221,0
DA:1226,0
DA:1229,0
DA:1230,0
DA:1231,0
DA:1232,0
DA:1233,0
DA:1242,0
DA:1245,0
DA:1246,0
DA:1247,0
DA:1248,0
DA:1249,0
DA:1258,0
DA:1261,0
DA:1262,0
DA:1263,0
DA:1264,0
DA:1265,0
DA:1274,0
DA:1275,0
DA:1276,0
DA:1277,0
DA:1279,0
DA:1281,0
DA:1285,0
DA:1286,0
DA:1287,0
DA:1288,0
DA:1289,0
DA:1298,0
DA:1301,0
DA:1302,0
DA:1303,0
DA:1304,0
DA:1305,0
DA:1314,0
DA:1317,0
DA:1318,0
DA:1319,0
DA:1320,0
DA:1321,0
DA:1330,0
DA:1331,0
DA:1333,0
DA:1345,0
DA:1358,0
DA:1359,0
DA:1360,0
DA:1361,0
DA:1363,0
DA:1364,0
DA:1373,0
DA:1376,0
DA:1377,0
DA:1378,0
DA:1379,0
DA:1380,0
DA:1389,0
DA:1391,0
DA:1392,0
DA:1394,0
DA:1399,0
DA:1400,0
DA:1411,0
DA:1413,0
DA:1414,0
DA:1416,0
DA:1417,0
DA:1419,0
DA:1420,0
DA:1426,0
DA:1430,0
DA:1434,0
DA:1439,0
DA:1440,0
DA:1441,0
DA:1442,0
DA:1450,0
DA:1451,0
DA:1452,0
DA:1453,0
DA:1454,0
DA:1456,0
DA:1461,0
DA:1462,0
DA:1463,0
DA:1464,0
DA:1469,0
DA:1474,0
DA:1478,0
DA:1482,0
DA:1487,0
DA:1491,0
DA:1495,0
DA:1499,0
DA:1504,0
DA:1511,0
DA:1517,0
DA:1519,0
DA:1525,0
DA:1531,0
DA:1536,0
DA:1541,0
DA:1547,0
DA:1551,0
DA:1555,0
DA:1560,0
DA:1561,0
DA:1563,0
DA:1564,0
DA:1566,0
DA:1571,0
DA:1578,0
DA:1579,0
DA:1581,0
DA:1586,0
DA:1587,0
DA:1589,0
DA:1590,0
DA:1592,0
DA:1597,0
DA:1602,0
DA:1603,0
DA:1605,0
DA:1610,0
DA:1617,0
DA:1623,0
DA:1625,0
DA:1631,0
DA:1635,0
DA:1639,0
DA:1644,0
DA:1645,0
DA:1646,0
DA:1647,0
DA:1649,0
DA:1654,0
DA:1655,0
DA:1656,0
DA:1661,0
DA:1662,0
DA:1663,0
DA:1664,0
DA:1666,0
DA:1671,0
DA:1672,0
DA:1673,0
DA:1678,0
DA:1679,0
DA:1680,0
DA:1685,0
DA:1686,0
DA:1687,0
DA:1692,0
DA:1693,0
DA:1694,0
DA:1700,0
DA:1705,0
DA:1706,0
DA:1707,0
DA:1715,0
DA:1717,0
DA:1718,0
DA:1720,0
DA:1721,0
DA:1722,0
DA:1726,0
DA:1728,0
DA:1732,0
DA:1737,0
DA:1745,0
DA:1746,0
DA:1748,0
DA:1750,0
DA:1758,0
DA:1762,0
DA:1763,0
DA:1764,0
DA:1767,0
DA:1772,0
DA:1773,0
DA:1774,0
DA:1777,0
DA:1782,0
DA:1783,0
DA:1784,0
DA:1787,0
DA:1792,0
DA:1797,0
DA:1798,0
DA:1801,0
DA:1802,0
DA:1804,0
DA:1805,0
DA:1808,0
DA:1809,0
DA:1810,0
DA:1811,0
DA:1815,0
DA:1820,0
DA:1828,0
DA:1829,0
DA:1831,0
DA:1834,0
DA:1835,0
DA:1836,0
DA:1839,0
DA:1843,0
DA:1844,0
DA:1849,0
DA:1850,0
DA:1852,0
DA:1853,0
DA:1856,0
DA:1857,0
DA:1860,0
DA:1866,0
DA:1867,0
DA:1869,0
DA:1872,0
DA:1873,0
DA:1874,0
DA:1875,0
DA:1878,0
DA:1879,0
DA:1882,0
DA:1883,0
DA:1888,0
DA:1889,0
DA:1891,0
DA:1892,0
DA:1895,0
DA:1896,0
DA:1899,0
DA:1900,0
DA:1902,0
DA:1905,0
DA:1906,0
DA:1909,0
DA:1910,0
DA:1915,0
DA:1916,0
DA:1921,0
DA:1923,0
DA:1924,0
LF:624
LH:41
BRDA:45,0,0,0
BRDA:45,0,1,0
BRDA:50,1,0,0
BRDA:50,1,1,0
BRDA:58,2,0,0
BRDA:58,2,1,0
BRDA:70,3,0,0
BRDA:70,3,1,0
BRDA:75,4,0,0
BRDA:75,4,1,0
BRDA:80,5,0,0
BRDA:80,5,1,0
BRDA:83,6,0,0
BRDA:83,6,1,0
BRDA:378,7,0,0
BRDA:378,7,1,5
BRDA:384,8,0,0
BRDA:384,8,1,5
BRDA:402,9,0,0
BRDA:402,9,1,5
BRDA:408,10,0,0
BRDA:408,10,1,5
BRDA:426,11,0,0
BRDA:426,11,1,5
BRDA:431,12,0,0
BRDA:431,12,1,5
BRDA:443,13,0,0
BRDA:443,13,1,5
BRDA:448,14,0,0
BRDA:448,14,1,5
BRDA:460,15,0,0
BRDA:460,15,1,5
BRDA:473,16,0,0
BRDA:473,16,1,5
BRDA:486,17,0,0
BRDA:486,17,1,5
BRDA:491,18,0,0
BRDA:491,18,1,5
BRDA:512,19,0,0
BRDA:512,19,1,0
BRDA:517,20,0,0
BRDA:517,20,1,0
BRDA:517,21,0,0
BRDA:517,21,1,0
BRDA:520,22,0,0
BRDA:520,22,1,0
BRDA:520,23,0,0
BRDA:520,23,1,0
BRDA:557,24,0,0
BRDA:557,24,1,0
BRDA:557,25,0,0
BRDA:557,25,1,0
BRDA:561,26,0,0
BRDA:561,26,1,0
BRDA:575,27,0,0
BRDA:575,27,1,0
BRDA:599,28,0,0
BRDA:599,28,1,0
BRDA:599,29,0,0
BRDA:599,29,1,0
BRDA:599,29,2,0
BRDA:613,30,0,0
BRDA:613,30,1,0
BRDA:613,31,0,0
BRDA:613,31,1,0
BRDA:624,32,0,0
BRDA:624,32,1,0
BRDA:626,33,0,0
BRDA:626,33,1,0
BRDA:626,34,0,0
BRDA:626,34,1,0
BRDA:627,35,0,0
BRDA:627,35,1,0
BRDA:631,36,0,0
BRDA:631,36,1,0
BRDA:631,37,0,0
BRDA:631,37,1,0
BRDA:646,38,0,0
BRDA:646,38,1,0
BRDA:648,39,0,0
BRDA:648,39,1,0
BRDA:656,40,0,0
BRDA:656,40,1,0
BRDA:656,41,0,0
BRDA:656,41,1,0
BRDA:659,42,0,0
BRDA:659,42,1,0
BRDA:670,43,0,0
BRDA:670,43,1,0
BRDA:687,44,0,0
BRDA:687,44,1,0
BRDA:693,45,0,0
BRDA:693,45,1,0
BRDA:693,46,0,0
BRDA:693,46,1,0
BRDA:696,47,0,0
BRDA:696,47,1,0
BRDA:696,48,0,0
BRDA:696,48,1,0
BRDA:707,49,0,0
BRDA:707,49,1,0
BRDA:729,50,0,0
BRDA:729,50,1,0
BRDA:729,51,0,0
BRDA:729,51,1,0
BRDA:732,52,0,0
BRDA:732,52,1,0
BRDA:749,53,0,0
BRDA:749,53,1,0
BRDA:780,54,0,0
BRDA:780,54,1,0
BRDA:792,55,0,0
BRDA:792,55,1,0
BRDA:793,56,0,0
BRDA:793,56,1,0
BRDA:800,57,0,0
BRDA:800,57,1,0
BRDA:804,58,0,0
BRDA:804,58,1,0
BRDA:811,59,0,0
BRDA:811,59,1,0
BRDA:818,60,0,0
BRDA:818,60,1,0
BRDA:825,61,0,0
BRDA:825,61,1,0
BRDA:837,62,0,0
BRDA:837,62,1,0
BRDA:837,63,0,0
BRDA:837,63,1,0
BRDA:844,64,0,0
BRDA:844,64,1,0
BRDA:845,65,0,0
BRDA:845,65,1,0
BRDA:858,66,0,0
BRDA:858,66,1,0
BRDA:859,67,0,0
BRDA:859,67,1,0
BRDA:869,68,0,0
BRDA:869,68,1,0
BRDA:869,69,0,0
BRDA:869,69,1,0
BRDA:873,70,0,0
BRDA:873,70,1,0
BRDA:873,71,0,0
BRDA:873,71,1,0
BRDA:883,72,0,0
BRDA:883,72,1,0
BRDA:888,73,0,0
BRDA:888,73,1,0
BRDA:910,74,0,0
BRDA:910,74,1,0
BRDA:910,75,0,0
BRDA:910,75,1,0
BRDA:913,76,0,0
BRDA:913,76,1,0
BRDA:925,77,0,0
BRDA:925,77,1,0
BRDA:928,78,0,0
BRDA:928,78,1,0
BRDA:938,79,0,0
BRDA:938,79,1,0
BRDA:938,80,0,0
BRDA:938,80,1,0
BRDA:954,81,0,0
BRDA:954,81,1,0
BRDA:971,82,0,0
BRDA:971,82,1,0
BRDA:986,83,0,0
BRDA:986,83,1,0
BRDA:986,84,0,0
BRDA:986,84,1,0
BRDA:989,85,0,0
BRDA:989,85,1,0
BRDA:989,86,0,0
BRDA:989,86,1,0
BRDA:1001,87,0,0
BRDA:1001,87,1,0
BRDA:1010,88,0,0
BRDA:1010,88,1,0
BRDA:1010,89,0,0
BRDA:1010,89,1,0
BRDA:1020,90,0,0
BRDA:1020,90,1,0
BRDA:1021,91,0,0
BRDA:1021,91,1,0
BRDA:1023,92,0,0
BRDA:1023,92,1,0
BRDA:1035,93,0,0
BRDA:1035,93,1,0
BRDA:1036,94,0,0
BRDA:1036,94,1,0
BRDA:1048,95,0,0
BRDA:1048,95,1,0
BRDA:1048,96,0,0
BRDA:1048,96,1,0
BRDA:1051,97,0,0
BRDA:1051,97,1,0
BRDA:1053,98,0,0
BRDA:1053,98,1,0
BRDA:1061,99,0,0
BRDA:1061,99,1,0
BRDA:1069,100,0,0
BRDA:1069,100,1,0
BRDA:1075,101,0,0
BRDA:1075,101,1,0
BRDA:1084,102,0,0
BRDA:1084,102,1,0
BRDA:1085,103,0,0
BRDA:1085,103,1,0
BRDA:1085,104,0,0
BRDA:1085,104,1,0
BRDA:1094,105,0,0
BRDA:1094,105,1,0
BRDA:1097,106,0,0
BRDA:1097,106,1,0
BRDA:1109,107,0,0
BRDA:1109,107,1,0
BRDA:1110,108,0,0
BRDA:1110,108,1,0
BRDA:1116,109,0,0
BRDA:1116,109,1,0
BRDA:1118,110,0,0
BRDA:1118,110,1,0
BRDA:1123,111,0,0
BRDA:1123,111,1,0
BRDA:1125,112,0,0
BRDA:1125,112,1,0
BRDA:1141,113,0,0
BRDA:1141,113,1,0
BRDA:1141,114,0,0
BRDA:1141,114,1,0
BRDA:1143,115,0,0
BRDA:1143,115,1,0
BRDA:1147,116,0,0
BRDA:1147,116,1,0
BRDA:1153,117,0,0
BRDA:1153,117,1,0
BRDA:1162,118,0,0
BRDA:1162,118,1,0
BRDA:1163,119,0,0
BRDA:1163,119,1,0
BRDA:1198,120,0,0
BRDA:1198,120,1,0
BRDA:1200,121,0,0
BRDA:1200,121,1,0
BRDA:1213,122,0,0
BRDA:1213,122,1,0
BRDA:1215,123,0,0
BRDA:1215,123,1,0
BRDA:1230,124,0,0
BRDA:1230,124,1,0
BRDA:1232,125,0,0
BRDA:1232,125,1,0
BRDA:1246,126,0,0
BRDA:1246,126,1,0
BRDA:1248,127,0,0
BRDA:1248,127,1,0
BRDA:1262,128,0,0
BRDA:1262,128,1,0
BRDA:1264,129,0,0
BRDA:1264,129,1,0
BRDA:1276,130,0,0
BRDA:1276,130,1,0
BRDA:1286,131,0,0
BRDA:1286,131,1,0
BRDA:1288,132,0,0
BRDA:1288,132,1,0
BRDA:1302,133,0,0
BRDA:1302,133,1,0
BRDA:1304,134,0,0
BRDA:1304,134,1,0
BRDA:1318,135,0,0
BRDA:1318,135,1,0
BRDA:1320,136,0,0
BRDA:1320,136,1,0
BRDA:1331,137,0,0
BRDA:1331,137,1,0
BRDA:1346,138,0,0
BRDA:1346,138,1,0
BRDA:1347,139,0,0
BRDA:1347,139,1,0
BRDA:1348,140,0,0
BRDA:1348,140,1,0
BRDA:1359,141,0,0
BRDA:1359,141,1,0
BRDA:1363,142,0,0
BRDA:1363,142,1,0
BRDA:1377,143,0,0
BRDA:1377,143,1,0
BRDA:1379,144,0,0
BRDA:1379,144,1,0
BRDA:1391,145,0,0
BRDA:1391,145,1,0
BRDA:1411,146,0,0
BRDA:1411,146,1,0
BRDA:1411,146,2,0
BRDA:1453,147,0,0
BRDA:1453,147,1,0
BRDA:1519,148,0,0
BRDA:1519,148,1,0
BRDA:1563,149,0,0
BRDA:1563,149,1,0
BRDA:1578,150,0,0
BRDA:1578,150,1,0
BRDA:1589,151,0,0
BRDA:1589,151,1,0
BRDA:1602,152,0,0
BRDA:1602,152,1,0
BRDA:1625,153,0,0
BRDA:1625,153,1,0
BRDA:1646,154,0,0
BRDA:1646,154,1,0
BRDA:1655,155,0,0
BRDA:1655,155,1,0
BRDA:1663,156,0,0
BRDA:1663,156,1,0
BRDA:1672,157,0,0
BRDA:1672,157,1,0
BRDA:1679,158,0,0
BRDA:1679,158,1,0
BRDA:1686,159,0,0
BRDA:1686,159,1,0
BRDA:1693,160,0,0
BRDA:1693,160,1,0
BRDA:1706,161,0,0
BRDA:1706,161,1,0
BRDA:1718,162,0,0
BRDA:1718,162,1,0
BRDA:1720,163,0,0
BRDA:1720,163,1,0
BRDA:1748,164,0,0
BRDA:1748,164,1,0
BRDA:1748,165,0,0
BRDA:1748,165,1,0
BRDA:1764,166,0,0
BRDA:1764,166,1,0
BRDA:1774,167,0,0
BRDA:1774,167,1,0
BRDA:1784,168,0,0
BRDA:1784,168,1,0
BRDA:1797,169,0,0
BRDA:1797,169,1,0
BRDA:1802,170,0,0
BRDA:1802,170,1,0
BRDA:1802,171,0,0
BRDA:1802,171,1,0
BRDA:1809,172,0,0
BRDA:1809,172,1,0
BRDA:1829,173,0,0
BRDA:1829,173,1,0
BRDA:1829,174,0,0
BRDA:1829,174,1,0
BRDA:1852,175,0,0
BRDA:1852,175,1,0
BRDA:1856,176,0,0
BRDA:1856,176,1,0
BRDA:1867,177,0,0
BRDA:1867,177,1,0
BRDA:1867,178,0,0
BRDA:1867,178,1,0
BRDA:1874,179,0,0
BRDA:1874,179,1,0
BRDA:1879,180,0,0
BRDA:1879,180,1,0
BRDA:1891,181,0,0
BRDA:1891,181,1,0
BRDA:1895,182,0,0
BRDA:1895,182,1,0
BRDA:1900,183,0,0
BRDA:1900,183,1,0
BRDA:1900,184,0,0
BRDA:1900,184,1,0
BRDA:1905,185,0,0
BRDA:1905,185,1,0
BRDA:1912,186,0,0
BRDA:1912,186,1,0
BRDA:1923,187,0,0
BRDA:1923,187,1,0
BRDA:1924,188,0,0
BRDA:1924,188,1,0
BRF:380
BRH:12
end_of_record
TN:
SF:lib/utils/file-language.ts
FN:86,getLanguageFromFilename
FN:98,getLanguageFromExtension
FN:106,isCodeFile
FN:118,getFileExtension
FNF:4
FNH:4
FNDA:58,getLanguageFromFilename
FNDA:10,getLanguageFromExtension
FNDA:12,isCodeFile
FNDA:12,getFileExtension
DA:8,2
DA:86,2
DA:87,58
DA:88,58
DA:89,0
DA:92,58
DA:98,2
DA:99,10
DA:100,10
DA:106,2
DA:107,12
DA:108,12
DA:109,0
DA:112,12
DA:118,2
DA:119,12
DA:120,12
DA:121,3
DA:123,9
LF:19
LH:17
BRDA:88,0,0,0
BRDA:88,0,1,58
BRDA:92,1,0,58
BRDA:92,1,1,6
BRDA:99,2,0,5
BRDA:99,2,1,5
BRDA:100,3,0,10
BRDA:100,3,1,2
BRDA:108,4,0,0
BRDA:108,4,1,12
BRDA:120,5,0,3
BRDA:120,5,1,9
BRF:12
BRH:10
end_of_record
TN:
SF:lib/utils/interactive-parser.ts
FN:62,parseInteractiveContent
FN:131,parseInteractiveSelect
FN:160,parseInteractiveInput
FN:187,parseToolResult
FN:226,parseToolApproval
FN:258,(anonymous_5)
FNF:6
FNH:1
FNDA:69,parseInteractiveContent
FNDA:0,parseInteractiveSelect
FNDA:0,parseInteractiveInput
FNDA:0,parseToolResult
FNDA:0,parseToolApproval
FNDA:0,(anonymous_5)
DA:62,2
DA:63,69
DA:65,69
DA:67,69
DA:70,69
DA:71,0
DA:72,0
DA:73,0
DA:76,0
DA:77,0
DA:78,0
DA:79,0
DA:87,0
DA:89,0
DA:90,0
DA:91,0
DA:92,0
DA:93,0
DA:94,0
DA:95,0
DA:96,0
DA:99,0
DA:100,0
DA:106,0
DA:110,69
DA:111,69
DA:112,69
DA:113,69
DA:121,69
DA:122,0
DA:128,69
DA:132,0
DA:134,0
DA:136,0
DA:138,0
DA:139,0
DA:141,0
DA:142,0
DA:143,0
DA:144,0
DA:145,0
DA:146,0
DA:147,0
DA:148,0
DA:153,0
DA:161,0
DA:164,0
DA:166,0
DA:167,0
DA:169,0
DA:170,0
DA:171,0
DA:172,0
DA:173,0
DA:174,0
DA:175,0
DA:179,0
DA:188,0
DA:189,0
DA:190,0
DA:195,0
DA:196,0
DA:198,0
DA:199,0
DA:200,0
DA:201,0
DA:202,0
DA:203,0
DA:204,0
DA:205,0
DA:206,0
DA:207,0
DA:208,0
DA:209,0
DA:210,0
DA:211,0
DA:216,0
DA:227,0
DA:228,0
DA:229,0
DA:232,0
DA:233,0
DA:234,0
DA:236,0
DA:237,0
DA:239,0
DA:240,0
DA:241,0
DA:243,0
DA:245,0
DA:246,0
DA:247,0
DA:249,0
DA:251,0
DA:253,0
DA:257,0
DA:258,0
DA:259,0
DA:264,0
DA:265,0
DA:266,0
DA:267,0
DA:268,0
DA:269,0
DA:274,0
DA:275,0
DA:276,0
DA:277,0
DA:279,0
DA:282,0
DA:285,0
LF:111
LH:11
BRDA:76,0,0,0
BRDA:76,0,1,0
BRDA:78,1,0,0
BRDA:78,1,1,0
BRDA:89,2,0,0
BRDA:89,2,1,0
BRDA:91,3,0,0
BRDA:91,3,1,0
BRDA:93,4,0,0
BRDA:93,4,1,0
BRDA:95,5,0,0
BRDA:95,5,1,0
BRDA:99,6,0,0
BRDA:99,6,1,0
BRDA:110,7,0,69
BRDA:110,7,1,0
BRDA:112,8,0,69
BRDA:112,8,1,0
BRDA:121,9,0,0
BRDA:121,9,1,69
BRDA:141,10,0,0
BRDA:141,10,1,0
BRDA:143,11,0,0
BRDA:143,11,1,0
BRDA:145,12,0,0
BRDA:145,12,1,0
BRDA:145,13,0,0
BRDA:145,13,1,0
BRDA:147,14,0,0
BRDA:147,14,1,0
BRDA:169,15,0,0
BRDA:169,15,1,0
BRDA:171,16,0,0
BRDA:171,16,1,0
BRDA:173,17,0,0
BRDA:173,17,1,0
BRDA:175,18,0,0
BRDA:175,18,1,0
BRDA:198,19,0,0
BRDA:198,19,1,0
BRDA:200,20,0,0
BRDA:200,20,1,0
BRDA:202,21,0,0
BRDA:202,21,1,0
BRDA:203,22,0,0
BRDA:203,22,1,0
BRDA:205,23,0,0
BRDA:205,23,1,0
BRDA:207,24,0,0
BRDA:207,24,1,0
BRDA:210,25,0,0
BRDA:210,25,1,0
BRDA:239,26,0,0
BRDA:239,26,1,0
BRDA:241,27,0,0
BRDA:241,27,1,0
BRDA:243,28,0,0
BRDA:243,28,1,0
BRDA:245,29,0,0
BRDA:245,29,1,0
BRDA:260,30,0,0
BRDA:260,30,1,0
BRDA:261,31,0,0
BRDA:261,31,1,0
BRDA:265,32,0,0
BRDA:265,32,1,0
BRDA:268,33,0,0
BRDA:268,33,1,0
BRDA:268,34,0,0
BRDA:268,34,1,0
BRDA:274,35,0,0
BRDA:274,35,1,0
BRDA:275,36,0,0
BRDA:275,36,1,0
BRF:74
BRH:3
end_of_record
TN:
SF:lib/utils/token-counter.ts
FN:14,getEncoderForModel
FN:50,countTokens
FN:74,countMessagesTokens
FN:119,(anonymous_3)
FN:138,calculateContextUsage
FN:165,formatTokens
FN:176,clearEncoderCache
FNF:7
FNH:5
FNDA:20,getEncoderForModel
FNDA:31,countTokens
FNDA:31,countMessagesTokens
FNDA:0,(anonymous_3)
FNDA:31,calculateContextUsage
FNDA:166,formatTokens
FNDA:0,clearEncoderCache
DA:1,2
DA:5,2
DA:16,20
DA:17,20
DA:18,18
DA:23,2
DA:25,2
DA:27,2
DA:31,0
DA:35,0
DA:39,2
DA:40,2
DA:50,2
DA:51,31
DA:52,30
DA:55,1
DA:56,1
DA:57,1
DA:58,1
DA:60,0
DA:62,0
DA:74,2
DA:75,31
DA:76,12
DA:79,19
DA:80,19
DA:81,19
DA:85,19
DA:86,19
DA:88,19
DA:89,149
DA:92,149
DA:93,149
DA:97,149
DA:98,149
DA:102,149
DA:103,0
DA:107,149
DA:108,0
DA:113,19
DA:115,19
DA:117,0
DA:119,0
DA:120,0
DA:121,0
DA:123,0
DA:125,0
DA:138,2
DA:148,31
DA:149,31
DA:150,31
DA:152,31
DA:165,2
DA:166,166
DA:167,84
DA:169,82
DA:176,2
DA:177,0
DA:178,0
DA:180,0
LF:60
LH:45
BRDA:17,0,0,18
BRDA:17,0,1,2
BRDA:25,1,0,2
BRDA:25,1,1,0
BRDA:50,2,0,0
BRDA:51,3,0,30
BRDA:51,3,1,1
BRDA:74,4,0,0
BRDA:75,5,0,12
BRDA:75,5,1,19
BRDA:75,6,0,31
BRDA:75,6,1,31
BRDA:92,7,0,149
BRDA:92,7,1,0
BRDA:97,8,0,149
BRDA:97,8,1,0
BRDA:102,9,0,0
BRDA:102,9,1,149
BRDA:102,10,0,149
BRDA:102,10,1,0
BRDA:107,11,0,0
BRDA:107,11,1,149
BRDA:107,12,0,149
BRDA:107,12,1,0
BRDA:120,13,0,0
BRDA:120,13,1,0
BRDA:140,14,0,0
BRDA:141,15,0,0
BRDA:142,16,0,0
BRDA:166,17,0,84
BRDA:166,17,1,82
BRF:31
BRH:17
end_of_record
TN:
SF:types/editor-settings.ts
FNF:0
FNH:0
DA:32,5
DA:45,5
DA:67,5
LF:3
LH:3
BRF:0
BRH:0
end_of_record
TN:
SF:types/persona.ts
FNF:0
FNH:0
DA:21,5
LF:1
LH:1
BRF:0
BRH:0
end_of_record
