{"total": {"lines":{"total":1551,"covered":1050,"skipped":0,"pct":67.69},"statements":{"total":1594,"covered":1068,"skipped":0,"pct":67},"functions":{"total":319,"covered":213,"skipped":0,"pct":66.77},"branches":{"total":996,"covered":583,"skipped":0,"pct":58.53},"branchesTrue":{"total":0,"covered":0,"skipped":0,"pct":100}}
,"/home/vtopia/git/sepilot_desktop/lib/constants.ts": {"lines":{"total":14,"covered":14,"skipped":0,"pct":100},"functions":{"total":0,"covered":0,"skipped":0,"pct":100},"statements":{"total":14,"covered":14,"skipped":0,"pct":100},"branches":{"total":0,"covered":0,"skipped":0,"pct":100}}
,"/home/vtopia/git/sepilot_desktop/lib/platform.ts": {"lines":{"total":14,"covered":13,"skipped":0,"pct":92.85},"functions":{"total":4,"covered":4,"skipped":0,"pct":100},"statements":{"total":14,"covered":13,"skipped":0,"pct":92.85},"branches":{"total":10,"covered":9,"skipped":0,"pct":90}}
,"/home/vtopia/git/sepilot_desktop/lib/utils.ts": {"lines":{"total":24,"covered":23,"skipped":0,"pct":95.83},"functions":{"total":5,"covered":4,"skipped":0,"pct":80},"statements":{"total":24,"covered":23,"skipped":0,"pct":95.83},"branches":{"total":29,"covered":8,"skipped":0,"pct":27.58}}
,"/home/vtopia/git/sepilot_desktop/lib/auth/github-oauth.ts": {"lines":{"total":42,"covered":40,"skipped":0,"pct":95.23},"functions":{"total":8,"covered":8,"skipped":0,"pct":100},"statements":{"total":42,"covered":40,"skipped":0,"pct":95.23},"branches":{"total":42,"covered":33,"skipped":0,"pct":78.57}}
,"/home/vtopia/git/sepilot_desktop/lib/chat/title-generator.ts": {"lines":{"total":28,"covered":28,"skipped":0,"pct":100},"functions":{"total":4,"covered":4,"skipped":0,"pct":100},"statements":{"total":29,"covered":29,"skipped":0,"pct":100},"branches":{"total":20,"covered":18,"skipped":0,"pct":90}}
,"/home/vtopia/git/sepilot_desktop/lib/comfyui/client.ts": {"lines":{"total":106,"covered":49,"skipped":0,"pct":46.22},"functions":{"total":17,"covered":11,"skipped":0,"pct":64.7},"statements":{"total":106,"covered":49,"skipped":0,"pct":46.22},"branches":{"total":90,"covered":31,"skipped":0,"pct":34.44}}
,"/home/vtopia/git/sepilot_desktop/lib/config/encryption.ts": {"lines":{"total":39,"covered":38,"skipped":0,"pct":97.43},"functions":{"total":4,"covered":4,"skipped":0,"pct":100},"statements":{"total":39,"covered":38,"skipped":0,"pct":97.43},"branches":{"total":0,"covered":0,"skipped":0,"pct":100}}
,"/home/vtopia/git/sepilot_desktop/lib/config/manager.ts": {"lines":{"total":59,"covered":54,"skipped":0,"pct":91.52},"functions":{"total":7,"covered":7,"skipped":0,"pct":100},"statements":{"total":60,"covered":55,"skipped":0,"pct":91.66},"branches":{"total":35,"covered":31,"skipped":0,"pct":88.57}}
,"/home/vtopia/git/sepilot_desktop/lib/config/sync.ts": {"lines":{"total":56,"covered":54,"skipped":0,"pct":96.42},"functions":{"total":7,"covered":7,"skipped":0,"pct":100},"statements":{"total":56,"covered":54,"skipped":0,"pct":96.42},"branches":{"total":26,"covered":22,"skipped":0,"pct":84.61}}
,"/home/vtopia/git/sepilot_desktop/lib/documents/fetchers.ts": {"lines":{"total":120,"covered":67,"skipped":0,"pct":55.83},"functions":{"total":11,"covered":8,"skipped":0,"pct":72.72},"statements":{"total":124,"covered":69,"skipped":0,"pct":55.64},"branches":{"total":78,"covered":39,"skipped":0,"pct":50}}
,"/home/vtopia/git/sepilot_desktop/lib/langgraph/utils/dom-analyzer.ts": {"lines":{"total":111,"covered":111,"skipped":0,"pct":100},"functions":{"total":12,"covered":12,"skipped":0,"pct":100},"statements":{"total":112,"covered":112,"skipped":0,"pct":100},"branches":{"total":112,"covered":107,"skipped":0,"pct":95.53}}
,"/home/vtopia/git/sepilot_desktop/lib/llm/base.ts": {"lines":{"total":37,"covered":32,"skipped":0,"pct":86.48},"functions":{"total":5,"covered":5,"skipped":0,"pct":100},"statements":{"total":37,"covered":32,"skipped":0,"pct":86.48},"branches":{"total":42,"covered":35,"skipped":0,"pct":83.33}}
,"/home/vtopia/git/sepilot_desktop/lib/llm/client.ts": {"lines":{"total":25,"covered":22,"skipped":0,"pct":88},"functions":{"total":7,"covered":6,"skipped":0,"pct":85.71},"statements":{"total":25,"covered":22,"skipped":0,"pct":88},"branches":{"total":14,"covered":10,"skipped":0,"pct":71.42}}
,"/home/vtopia/git/sepilot_desktop/lib/llm/http-utils.ts": {"lines":{"total":71,"covered":30,"skipped":0,"pct":42.25},"functions":{"total":8,"covered":4,"skipped":0,"pct":50},"statements":{"total":75,"covered":31,"skipped":0,"pct":41.33},"branches":{"total":51,"covered":21,"skipped":0,"pct":41.17}}
,"/home/vtopia/git/sepilot_desktop/lib/mcp/client.ts": {"lines":{"total":41,"covered":39,"skipped":0,"pct":95.12},"functions":{"total":14,"covered":12,"skipped":0,"pct":85.71},"statements":{"total":42,"covered":40,"skipped":0,"pct":95.23},"branches":{"total":10,"covered":10,"skipped":0,"pct":100}}
,"/home/vtopia/git/sepilot_desktop/lib/store/chat-store.ts": {"lines":{"total":624,"covered":306,"skipped":0,"pct":49.03},"functions":{"total":165,"covered":85,"skipped":0,"pct":51.51},"statements":{"total":652,"covered":315,"skipped":0,"pct":48.31},"branches":{"total":380,"covered":156,"skipped":0,"pct":41.05}}
,"/home/vtopia/git/sepilot_desktop/lib/utils/error-handler.ts": {"lines":{"total":56,"covered":56,"skipped":0,"pct":100},"functions":{"total":12,"covered":12,"skipped":0,"pct":100},"statements":{"total":56,"covered":56,"skipped":0,"pct":100},"branches":{"total":44,"covered":40,"skipped":0,"pct":90.9}}
,"/home/vtopia/git/sepilot_desktop/lib/utils/id-generator.ts": {"lines":{"total":23,"covered":23,"skipped":0,"pct":100},"functions":{"total":7,"covered":7,"skipped":0,"pct":100},"statements":{"total":23,"covered":23,"skipped":0,"pct":100},"branches":{"total":11,"covered":11,"skipped":0,"pct":100}}
,"/home/vtopia/git/sepilot_desktop/lib/utils/logger.ts": {"lines":{"total":7,"covered":7,"skipped":0,"pct":100},"functions":{"total":4,"covered":4,"skipped":0,"pct":100},"statements":{"total":7,"covered":7,"skipped":0,"pct":100},"branches":{"total":2,"covered":2,"skipped":0,"pct":100}}
,"/home/vtopia/git/sepilot_desktop/tests/setup.ts": {"lines":{"total":50,"covered":40,"skipped":0,"pct":80},"functions":{"total":18,"covered":9,"skipped":0,"pct":50},"statements":{"total":53,"covered":42,"skipped":0,"pct":79.24},"branches":{"total":0,"covered":0,"skipped":0,"pct":100}}
,"/home/vtopia/git/sepilot_desktop/types/editor-settings.ts": {"lines":{"total":3,"covered":3,"skipped":0,"pct":100},"functions":{"total":0,"covered":0,"skipped":0,"pct":100},"statements":{"total":3,"covered":3,"skipped":0,"pct":100},"branches":{"total":0,"covered":0,"skipped":0,"pct":100}}
,"/home/vtopia/git/sepilot_desktop/types/persona.ts": {"lines":{"total":1,"covered":1,"skipped":0,"pct":100},"functions":{"total":0,"covered":0,"skipped":0,"pct":100},"statements":{"total":1,"covered":1,"skipped":0,"pct":100},"branches":{"total":0,"covered":0,"skipped":0,"pct":100}}
}
