TN:
SF:lib/constants.ts
FNF:0
FNH:0
DA:11,2
DA:23,2
DA:34,2
DA:45,2
DA:71,2
DA:83,2
DA:94,2
DA:107,2
DA:120,2
DA:194,2
DA:210,2
DA:221,2
DA:242,2
DA:258,2
LF:14
LH:14
BRF:0
BRH:0
end_of_record
TN:
SF:lib/platform.ts
FN:8,isElectron
FN:22,isWeb
FN:29,getElectronAPI
FN:44,getEnvironment
FNF:4
FNH:4
FNDA:61,isElectron
FNDA:2,isWeb
FNDA:2,getElectronAPI
FNDA:3,getEnvironment
DA:8,3
DA:10,61
DA:11,1
DA:16,60
DA:22,3
DA:23,2
DA:29,3
DA:30,2
DA:31,1
DA:33,1
DA:44,3
DA:45,3
DA:46,0
DA:48,3
LF:14
LH:13
BRDA:10,0,0,1
BRDA:10,0,1,60
BRDA:23,1,0,2
BRDA:23,1,1,2
BRDA:30,2,0,1
BRDA:30,2,1,1
BRDA:45,3,0,0
BRDA:45,3,1,3
BRDA:48,4,0,1
BRDA:48,4,1,2
BRF:10
BRH:9
end_of_record
TN:
SF:lib/utils.ts
FN:4,cn
FN:8,formatDate
FN:32,generateId
FN:36,truncate
FN:48,isTextFile
FNF:5
FNH:4
FNDA:7,cn
FNDA:4,formatDate
FNDA:12,generateId
FNDA:5,truncate
FNDA:0,isTextFile
DA:1,2
DA:2,2
DA:4,2
DA:5,7
DA:8,2
DA:9,4
DA:10,4
DA:11,4
DA:12,4
DA:14,4
DA:15,1
DA:19,3
DA:20,1
DA:21,2
DA:22,1
DA:24,1
DA:32,2
DA:33,12
DA:36,2
DA:37,5
DA:38,3
DA:40,2
DA:48,2
DA:49,0
LF:24
LH:23
BRDA:14,0,0,1
BRDA:14,0,1,3
BRDA:19,1,0,1
BRDA:19,1,1,2
BRDA:21,2,0,1
BRDA:21,2,1,1
BRDA:37,3,0,3
BRDA:37,3,1,2
BRDA:50,4,0,0
BRDA:50,4,1,0
BRDA:50,4,2,0
BRDA:50,4,3,0
BRDA:50,4,4,0
BRDA:50,4,5,0
BRDA:50,4,6,0
BRDA:50,4,7,0
BRDA:50,4,8,0
BRDA:50,4,9,0
BRDA:50,4,10,0
BRDA:50,4,11,0
BRDA:50,4,12,0
BRDA:50,4,13,0
BRDA:50,4,14,0
BRDA:50,4,15,0
BRDA:50,4,16,0
BRDA:50,4,17,0
BRDA:50,4,18,0
BRDA:50,4,19,0
BRDA:50,4,20,0
BRF:29
BRH:8
end_of_record
TN:
SF:lib/auth/github-oauth.ts
FN:14,(anonymous_0)
FN:24,(anonymous_1)
FN:37,(anonymous_2)
FN:48,(anonymous_3)
FN:56,(anonymous_4)
FN:80,(anonymous_5)
FN:104,(anonymous_6)
FN:120,(anonymous_7)
FNF:8
FNH:8
FNDA:13,(anonymous_0)
FNDA:3,(anonymous_1)
FNDA:3,(anonymous_2)
FNDA:6,(anonymous_3)
FNDA:3,(anonymous_4)
FNDA:3,(anonymous_5)
FNDA:3,(anonymous_6)
FNDA:2,(anonymous_7)
DA:9,1
DA:16,13
DA:17,13
DA:18,13
DA:25,3
DA:26,3
DA:27,3
DA:28,0
DA:29,0
DA:31,3
DA:38,3
DA:39,3
DA:40,3
DA:41,3
DA:42,3
DA:49,6
DA:50,6
DA:57,3
DA:58,3
DA:61,3
DA:62,3
DA:66,3
DA:74,3
DA:82,3
DA:83,3
DA:84,3
DA:85,3
DA:89,3
DA:90,2
DA:91,2
DA:92,1
DA:94,1
DA:98,1
DA:105,3
DA:106,2
DA:107,2
DA:108,1
DA:110,1
DA:114,1
DA:121,2
DA:122,1
DA:128,1
LF:42
LH:40
BRDA:16,0,0,13
BRDA:16,0,1,13
BRDA:26,1,0,3
BRDA:26,1,1,0
BRDA:26,2,0,3
BRDA:26,2,1,3
BRDA:28,3,0,0
BRDA:28,3,1,0
BRDA:40,4,0,3
BRDA:40,4,1,0
BRDA:40,5,0,3
BRDA:40,5,1,3
BRDA:61,6,0,3
BRDA:61,6,1,0
BRDA:83,7,0,3
BRDA:83,7,1,0
BRDA:84,8,0,3
BRDA:84,8,1,0
BRDA:89,9,0,2
BRDA:89,9,1,1
BRDA:89,10,0,3
BRDA:89,10,1,3
BRDA:91,11,0,1
BRDA:91,11,1,1
BRDA:91,12,0,2
BRDA:91,12,1,1
BRDA:94,13,0,1
BRDA:94,13,1,0
BRDA:105,14,0,2
BRDA:105,14,1,1
BRDA:105,15,0,3
BRDA:105,15,1,3
BRDA:107,16,0,1
BRDA:107,16,1,1
BRDA:107,17,0,2
BRDA:107,17,1,1
BRDA:110,18,0,1
BRDA:110,18,1,0
BRDA:121,19,0,1
BRDA:121,19,1,1
BRDA:121,20,0,2
BRDA:121,20,1,2
BRF:42
BRH:33
end_of_record
TN:
SF:lib/chat/title-generator.ts
FN:9,generateConversationTitle
FN:47,generateFallbackTitle
FN:48,(anonymous_2)
FN:72,shouldGenerateTitle
FNF:4
FNH:4
FNDA:11,generateConversationTitle
FNDA:8,generateFallbackTitle
FNDA:8,(anonymous_2)
FNDA:6,shouldGenerateTitle
DA:9,1
DA:12,11
DA:14,11
DA:17,11
DA:18,10
DA:20,6
DA:21,4
DA:23,4
DA:24,3
DA:29,3
DA:30,3
DA:34,1
DA:35,1
DA:37,4
DA:38,4
DA:48,8
DA:50,8
DA:51,2
DA:55,6
DA:58,6
DA:59,1
DA:60,1
DA:61,1
DA:63,1
DA:66,6
DA:72,1
DA:74,6
DA:75,6
LF:28
LH:28
BRDA:17,0,0,10
BRDA:17,0,1,1
BRDA:17,1,0,11
BRDA:17,1,1,11
BRDA:20,2,0,4
BRDA:20,2,1,2
BRDA:20,3,0,6
BRDA:20,3,1,5
BRDA:23,4,0,3
BRDA:23,4,1,1
BRDA:23,5,0,4
BRDA:23,5,1,4
BRDA:50,6,0,2
BRDA:50,6,1,6
BRDA:58,7,0,1
BRDA:58,7,1,5
BRDA:60,8,0,1
BRDA:60,8,1,0
BRDA:66,9,0,6
BRDA:66,9,1,0
BRF:20
BRH:18
end_of_record
TN:
SF:lib/comfyui/client.ts
FN:33,(anonymous_0)
FN:38,(anonymous_1)
FN:45,(anonymous_2)
FN:146,(anonymous_3)
FN:281,(anonymous_4)
FN:286,(anonymous_5)
FN:291,(anonymous_6)
FN:296,(anonymous_7)
FN:357,(anonymous_8)
FN:367,(anonymous_9)
FN:376,(anonymous_10)
FN:415,(anonymous_11)
FN:417,(anonymous_12)
FN:433,(anonymous_13)
FN:446,getComfyUIClient
FN:450,initializeComfyUIClient
FN:458,isComfyUIEnabled
FNF:17
FNH:11
FNDA:22,(anonymous_0)
FNDA:3,(anonymous_1)
FNDA:12,(anonymous_2)
FNDA:11,(anonymous_3)
FNDA:1,(anonymous_4)
FNDA:1,(anonymous_5)
FNDA:0,(anonymous_6)
FNDA:0,(anonymous_7)
FNDA:1,(anonymous_8)
FNDA:0,(anonymous_9)
FNDA:0,(anonymous_10)
FNDA:0,(anonymous_11)
FNDA:0,(anonymous_12)
FNDA:3,(anonymous_13)
FNDA:3,getComfyUIClient
FNDA:9,initializeComfyUIClient
FNDA:2,isComfyUIEnabled
DA:29,1
DA:34,22
DA:35,22
DA:39,3
DA:46,12
DA:47,12
DA:48,1
DA:52,11
DA:59,11
DA:63,11
DA:64,11
DA:67,11
DA:68,0
DA:76,0
DA:77,0
DA:80,0
DA:83,0
DA:90,0
DA:93,0
DA:99,0
DA:105,11
DA:108,11
DA:119,2
DA:120,1
DA:123,1
DA:124,1
DA:127,1
DA:129,0
DA:135,12
DA:136,12
DA:148,11
DA:149,11
DA:150,1
DA:154,11
DA:286,1
DA:287,1
DA:288,1
DA:289,1
DA:291,1
DA:292,0
DA:293,0
DA:296,1
DA:297,0
DA:300,0
DA:301,0
DA:302,0
DA:303,0
DA:305,0
DA:315,0
DA:316,0
DA:324,0
DA:325,0
DA:327,0
DA:333,0
DA:335,0
DA:336,0
DA:337,0
DA:339,0
DA:340,0
DA:345,0
DA:346,0
DA:347,0
DA:348,0
DA:353,0
DA:357,1
DA:358,1
DA:359,1
DA:364,1
DA:367,1
DA:368,0
DA:379,0
DA:380,0
DA:381,0
DA:384,0
DA:387,0
DA:388,0
DA:397,0
DA:398,0
DA:401,0
DA:404,0
DA:407,0
DA:409,0
DA:410,0
DA:411,0
DA:414,0
DA:415,0
DA:416,0
DA:417,0
DA:418,0
DA:419,0
DA:421,0
DA:424,0
DA:425,0
DA:434,3
DA:435,3
DA:436,2
DA:438,1
DA:444,1
DA:446,1
DA:447,3
DA:450,1
DA:451,9
DA:452,2
DA:454,7
DA:458,1
DA:459,2
LF:106
LH:49
BRDA:35,0,0,22
BRDA:35,0,1,3
BRDA:47,1,0,1
BRDA:47,1,1,11
BRDA:63,2,0,11
BRDA:63,2,1,0
BRDA:64,3,0,0
BRDA:64,3,1,11
BRDA:67,4,0,0
BRDA:67,4,1,11
BRDA:67,5,0,11
BRDA:67,5,1,11
BRDA:76,6,0,0
BRDA:76,6,1,0
BRDA:76,7,0,0
BRDA:76,7,1,0
BRDA:77,8,0,0
BRDA:77,8,1,0
BRDA:119,9,0,1
BRDA:119,9,1,1
BRDA:138,10,0,12
BRDA:138,10,1,1
BRDA:148,11,0,11
BRDA:148,11,1,9
BRDA:148,11,2,0
BRDA:149,12,0,1
BRDA:149,12,1,10
BRDA:167,13,0,11
BRDA:167,13,1,10
BRDA:168,14,0,11
BRDA:168,14,1,10
BRDA:178,15,0,11
BRDA:178,15,1,10
BRDA:178,15,2,8
BRDA:249,16,0,11
BRDA:249,16,1,10
BRDA:249,16,2,0
BRDA:250,17,0,11
BRDA:250,17,1,10
BRDA:250,17,2,0
BRDA:289,18,0,1
BRDA:289,18,1,0
BRDA:300,19,0,0
BRDA:300,19,1,0
BRDA:300,20,0,0
BRDA:300,20,1,0
BRDA:301,21,0,0
BRDA:301,21,1,0
BRDA:302,22,0,0
BRDA:302,22,1,0
BRDA:315,23,0,0
BRDA:315,23,1,0
BRDA:315,24,0,0
BRDA:315,24,1,0
BRDA:324,25,0,0
BRDA:324,25,1,0
BRDA:324,26,0,0
BRDA:324,26,1,0
BRDA:345,27,0,0
BRDA:345,27,1,0
BRDA:345,28,0,0
BRDA:345,28,1,0
BRDA:379,29,0,0
BRDA:379,29,1,0
BRDA:380,30,0,0
BRDA:380,30,1,0
BRDA:387,31,0,0
BRDA:387,31,1,0
BRDA:387,32,0,0
BRDA:387,32,1,0
BRDA:391,33,0,0
BRDA:391,33,1,0
BRDA:392,34,0,0
BRDA:392,34,1,0
BRDA:397,35,0,0
BRDA:397,35,1,0
BRDA:397,36,0,0
BRDA:397,36,1,0
BRDA:398,37,0,0
BRDA:398,37,1,0
BRDA:407,38,0,0
BRDA:407,38,1,0
BRDA:407,39,0,0
BRDA:407,39,1,0
BRDA:410,40,0,0
BRDA:410,40,1,0
BRDA:418,41,0,0
BRDA:418,41,1,0
BRDA:451,42,0,2
BRDA:451,42,1,7
BRF:90
BRH:31
end_of_record
TN:
SF:lib/config/encryption.ts
FN:19,deriveKey
FN:26,encryptConfig
FN:57,decryptConfig
FN:87,validatePassword
FNF:4
FNH:4
FNDA:36,deriveKey
FNDA:19,encryptConfig
FNDA:17,decryptConfig
FNDA:4,validatePassword
DA:1,1
DA:9,1
DA:10,1
DA:11,1
DA:12,1
DA:13,1
DA:14,1
DA:20,36
DA:26,1
DA:27,19
DA:29,19
DA:32,19
DA:35,19
DA:38,19
DA:39,19
DA:40,19
DA:43,19
DA:46,19
DA:48,19
DA:50,0
DA:57,1
DA:58,17
DA:60,17
DA:63,17
DA:64,17
DA:65,17
DA:66,17
DA:69,17
DA:72,17
DA:73,14
DA:75,14
DA:76,14
DA:78,10
DA:80,7
DA:87,1
DA:88,4
DA:89,4
DA:90,1
DA:92,3
LF:39
LH:38
BRF:0
BRH:0
end_of_record
TN:
SF:lib/config/manager.ts
FN:47,(anonymous_0)
FN:73,(anonymous_1)
FN:96,(anonymous_2)
FN:121,(anonymous_3)
FN:139,(anonymous_4)
FN:156,(anonymous_5)
FN:173,(anonymous_6)
FNF:7
FNH:7
FNDA:13,(anonymous_0)
FNDA:6,(anonymous_1)
FNDA:5,(anonymous_2)
FNDA:2,(anonymous_3)
FNDA:3,(anonymous_4)
FNDA:2,(anonymous_5)
FNDA:3,(anonymous_6)
DA:7,1
DA:12,1
DA:23,1
DA:43,1
DA:48,13
DA:49,1
DA:52,12
DA:53,12
DA:54,2
DA:55,2
DA:56,1
DA:58,1
DA:62,10
DA:63,8
DA:65,2
DA:66,2
DA:74,6
DA:75,0
DA:78,6
DA:79,6
DA:80,2
DA:81,2
DA:85,4
DA:86,3
DA:88,1
DA:89,1
DA:97,5
DA:98,5
DA:99,5
DA:100,2
DA:104,3
DA:105,3
DA:106,2
DA:107,1
DA:111,1
DA:113,1
DA:114,1
DA:122,2
DA:123,2
DA:124,2
DA:129,2
DA:131,0
DA:132,0
DA:140,3
DA:141,0
DA:144,3
DA:145,3
DA:146,3
DA:148,1
DA:149,1
DA:157,2
DA:158,0
DA:161,2
DA:162,2
DA:163,1
DA:165,1
DA:166,1
DA:174,3
DA:178,1
LF:59
LH:54
BRDA:48,0,0,1
BRDA:48,0,1,12
BRDA:53,1,0,2
BRDA:53,1,1,10
BRDA:53,2,0,12
BRDA:53,2,1,2
BRDA:55,3,0,1
BRDA:55,3,1,1
BRDA:55,4,0,2
BRDA:55,4,1,1
BRDA:63,5,0,4
BRDA:63,5,1,4
BRDA:74,6,0,0
BRDA:74,6,1,6
BRDA:79,7,0,2
BRDA:79,7,1,4
BRDA:79,8,0,6
BRDA:79,8,1,2
BRDA:99,9,0,2
BRDA:99,9,1,3
BRDA:104,10,0,3
BRDA:104,10,1,0
BRDA:104,11,0,3
BRDA:104,11,1,3
BRDA:106,12,0,1
BRDA:106,12,1,1
BRDA:140,13,0,0
BRDA:140,13,1,3
BRDA:146,14,0,2
BRDA:146,14,1,1
BRDA:157,15,0,0
BRDA:157,15,1,2
BRDA:174,16,0,3
BRDA:174,16,1,2
BRDA:174,16,2,1
BRF:35
BRH:31
end_of_record
TN:
SF:lib/config/sync.ts
FN:19,(anonymous_0)
FN:28,(anonymous_1)
FN:41,(anonymous_2)
FN:60,(anonymous_3)
FN:78,(anonymous_4)
FN:120,(anonymous_5)
FN:179,(anonymous_6)
FNF:7
FNH:7
FNDA:21,(anonymous_0)
FNDA:14,(anonymous_1)
FNDA:10,(anonymous_2)
FNDA:3,(anonymous_3)
FNDA:5,(anonymous_4)
FNDA:4,(anonymous_5)
FNDA:4,(anonymous_6)
DA:1,1
DA:2,1
DA:19,1
DA:20,21
DA:21,21
DA:22,21
DA:23,21
DA:29,14
DA:32,14
DA:33,14
DA:42,10
DA:43,1
DA:46,9
DA:47,9
DA:51,6
DA:53,3
DA:61,3
DA:62,1
DA:65,2
DA:79,5
DA:80,1
DA:83,4
DA:85,4
DA:86,1
DA:90,3
DA:96,1
DA:98,1
DA:101,1
DA:104,1
DA:107,0
DA:109,2
DA:111,1
DA:113,1
DA:121,4
DA:122,1
DA:126,3
DA:127,1
DA:131,3
DA:134,3
DA:137,3
DA:139,3
DA:141,3
DA:148,1
DA:149,1
DA:159,2
DA:161,2
DA:169,0
DA:180,4
DA:181,1
DA:184,3
DA:185,3
DA:191,1
DA:192,1
DA:203,2
DA:204,1
DA:211,1
LF:56
LH:54
BRDA:42,0,0,1
BRDA:42,0,1,9
BRDA:61,1,0,1
BRDA:61,1,1,2
BRDA:79,2,0,1
BRDA:79,2,1,4
BRDA:85,3,0,1
BRDA:85,3,1,3
BRDA:96,4,0,1
BRDA:96,4,1,0
BRDA:109,5,0,1
BRDA:109,5,1,1
BRDA:121,6,0,1
BRDA:121,6,1,3
BRDA:126,7,0,1
BRDA:126,7,1,2
BRDA:148,8,0,1
BRDA:148,8,1,0
BRDA:159,9,0,2
BRDA:159,9,1,0
BRDA:180,10,0,1
BRDA:180,10,1,3
BRDA:191,11,0,1
BRDA:191,11,1,0
BRDA:203,12,0,1
BRDA:203,12,1,1
BRF:26
BRH:22
end_of_record
TN:
SF:lib/documents/fetchers.ts
FN:7,exponentialBackoff
FN:10,(anonymous_1)
FN:16,checkGitHubRateLimit
FN:29,(anonymous_3)
FN:37,fetchWithRetry
FN:58,(anonymous_5)
FN:85,fetchHttpDocument
FN:126,fetchGitHubDocument
FN:200,fetchGitHubDirectory
FN:248,(anonymous_9)
FN:286,fetchDocument
FNF:11
FNH:8
FNDA:24,exponentialBackoff
FNDA:24,(anonymous_1)
FNDA:36,checkGitHubRateLimit
FNDA:0,(anonymous_3)
FNDA:12,fetchWithRetry
FNDA:0,(anonymous_5)
FNDA:7,fetchHttpDocument
FNDA:9,fetchGitHubDocument
FNDA:5,fetchGitHubDirectory
FNDA:0,(anonymous_9)
FNDA:7,fetchDocument
DA:8,24
DA:9,24
DA:10,24
DA:17,36
DA:18,0
DA:20,0
DA:21,0
DA:22,0
DA:23,0
DA:25,0
DA:26,0
DA:29,0
DA:42,12
DA:44,12
DA:45,36
DA:46,36
DA:49,36
DA:50,0
DA:51,0
DA:53,0
DA:57,0
DA:58,0
DA:59,0
DA:64,36
DA:66,0
DA:68,36
DA:69,36
DA:71,36
DA:72,24
DA:77,12
DA:85,1
DA:86,7
DA:87,7
DA:89,6
DA:90,1
DA:93,5
DA:97,5
DA:98,1
DA:99,1
DA:101,4
DA:105,5
DA:106,5
DA:108,5
DA:119,2
DA:126,1
DA:132,9
DA:135,9
DA:136,9
DA:137,1
DA:140,8
DA:141,8
DA:144,8
DA:146,8
DA:150,8
DA:151,1
DA:154,8
DA:156,0
DA:157,0
DA:158,0
DA:159,0
DA:160,0
DA:161,0
DA:162,0
DA:166,0
DA:169,0
DA:172,0
DA:173,0
DA:176,0
DA:178,0
DA:180,0
DA:193,9
DA:200,1
DA:207,5
DA:208,5
DA:209,5
DA:210,1
DA:213,4
DA:214,4
DA:216,4
DA:218,4
DA:222,4
DA:223,0
DA:226,4
DA:228,0
DA:229,0
DA:230,0
DA:234,0
DA:237,0
DA:239,0
DA:240,0
DA:243,0
DA:245,0
DA:246,0
DA:248,0
DA:249,0
DA:252,0
DA:253,0
DA:254,0
DA:255,0
DA:257,0
DA:260,0
DA:262,0
DA:263,0
DA:270,0
DA:272,0
DA:277,0
DA:279,5
DA:286,1
DA:287,7
DA:289,2
DA:290,1
DA:292,1
DA:295,3
DA:296,1
DA:300,2
DA:302,2
DA:304,1
DA:314,1
DA:324,1
DA:327,1
LF:120
LH:67
BRDA:7,0,0,24
BRDA:20,1,0,0
BRDA:20,1,1,0
BRDA:20,2,0,0
BRDA:20,2,1,0
BRDA:20,2,2,0
BRDA:25,3,0,0
BRDA:25,3,1,0
BRDA:40,4,0,12
BRDA:49,5,0,0
BRDA:49,5,1,36
BRDA:51,6,0,0
BRDA:51,6,1,0
BRDA:57,7,0,0
BRDA:57,7,1,0
BRDA:71,8,0,24
BRDA:71,8,1,12
BRDA:78,9,0,12
BRDA:78,9,1,0
BRDA:89,10,0,1
BRDA:89,10,1,5
BRDA:93,11,0,5
BRDA:93,11,1,0
BRDA:97,12,0,1
BRDA:97,12,1,4
BRDA:106,13,0,5
BRDA:106,13,1,1
BRDA:130,14,0,7
BRDA:136,15,0,1
BRDA:136,15,1,8
BRDA:150,16,0,1
BRDA:150,16,1,7
BRDA:156,17,0,0
BRDA:156,17,1,0
BRDA:157,18,0,0
BRDA:157,18,1,0
BRDA:159,19,0,0
BRDA:159,19,1,0
BRDA:161,20,0,0
BRDA:161,20,1,0
BRDA:172,21,0,0
BRDA:172,21,1,0
BRDA:178,22,0,0
BRDA:178,22,1,0
BRDA:204,23,0,3
BRDA:205,24,0,4
BRDA:209,25,0,1
BRDA:209,25,1,4
BRDA:222,26,0,0
BRDA:222,26,1,4
BRDA:228,27,0,0
BRDA:228,27,1,0
BRDA:229,28,0,0
BRDA:229,28,1,0
BRDA:239,29,0,0
BRDA:239,29,1,0
BRDA:246,30,0,0
BRDA:246,30,1,0
BRDA:252,31,0,0
BRDA:252,31,1,0
BRDA:260,32,0,0
BRDA:260,32,1,0
BRDA:287,33,0,2
BRDA:287,33,1,3
BRDA:287,33,2,1
BRDA:287,33,3,1
BRDA:289,34,0,1
BRDA:289,34,1,1
BRDA:295,35,0,1
BRDA:295,35,1,2
BRDA:295,36,0,3
BRDA:295,36,1,3
BRDA:302,37,0,1
BRDA:302,37,1,1
BRDA:309,38,0,1
BRDA:309,38,1,1
BRDA:318,39,0,1
BRDA:318,39,1,1
BRF:78
BRH:39
end_of_record
TN:
SF:lib/langgraph/utils/dom-analyzer.ts
FN:87,getImplicitRole
FN:153,getAccessibleLabel
FN:211,isInteractive
FN:248,buildContext
FN:265,generatePageSummary
FN:278,(anonymous_5)
FN:302,filterRelevantElements
FN:312,(anonymous_7)
FN:327,(anonymous_8)
FN:350,searchElements
FN:362,(anonymous_10)
FN:370,(anonymous_11)
FNF:12
FNH:12
FNDA:24,getImplicitRole
FNDA:11,getAccessibleLabel
FNDA:11,isInteractive
FNDA:6,buildContext
FNDA:6,generatePageSummary
FNDA:17,(anonymous_5)
FNDA:7,filterRelevantElements
FNDA:24,(anonymous_7)
FNDA:13,(anonymous_8)
FNDA:10,searchElements
FNDA:30,(anonymous_10)
FNDA:29,(anonymous_11)
DA:54,1
DA:88,24
DA:91,24
DA:92,1
DA:96,23
DA:98,1
DA:100,2
DA:102,5
DA:103,5
DA:104,1
DA:106,4
DA:107,1
DA:109,3
DA:110,1
DA:112,2
DA:113,1
DA:115,1
DA:118,1
DA:120,1
DA:122,1
DA:124,1
DA:126,1
DA:128,1
DA:130,1
DA:132,1
DA:134,1
DA:136,1
DA:138,1
DA:140,1
DA:142,1
DA:144,1
DA:146,1
DA:159,11
DA:160,1
DA:164,10
DA:167,1
DA:171,9
DA:172,1
DA:176,8
DA:177,1
DA:181,7
DA:182,1
DA:186,6
DA:187,1
DA:191,5
DA:192,1
DA:196,4
DA:197,2
DA:201,2
DA:202,1
DA:205,1
DA:213,11
DA:227,11
DA:228,3
DA:232,8
DA:233,8
DA:234,5
DA:238,3
DA:239,2
DA:242,1
DA:249,6
DA:251,6
DA:252,3
DA:255,6
DA:256,3
DA:259,6
DA:265,1
DA:266,6
DA:268,6
DA:271,6
DA:272,6
DA:275,6
DA:276,5
DA:278,17
DA:280,5
DA:284,6
DA:285,6
DA:286,6
DA:287,6
DA:288,6
DA:289,6
DA:292,6
DA:293,6
DA:296,6
DA:302,1
DA:310,7
DA:312,7
DA:314,24
DA:315,4
DA:319,20
DA:320,2
DA:323,18
DA:327,7
DA:328,13
DA:329,13
DA:331,13
DA:332,6
DA:336,7
DA:337,1
DA:341,6
DA:344,7
DA:350,1
DA:358,10
DA:360,10
DA:362,10
DA:363,30
DA:367,30
DA:369,27
DA:370,29
DA:373,3
DA:381,1
LF:111
LH:111
BRDA:91,0,0,1
BRDA:91,0,1,23
BRDA:96,1,0,1
BRDA:96,1,1,2
BRDA:96,1,2,5
BRDA:96,1,3,1
BRDA:96,1,4,1
BRDA:96,1,5,1
BRDA:96,1,6,1
BRDA:96,1,7,1
BRDA:96,1,8,1
BRDA:96,1,9,1
BRDA:96,1,10,1
BRDA:96,1,11,1
BRDA:96,1,12,1
BRDA:96,1,13,1
BRDA:96,1,14,1
BRDA:96,1,15,1
BRDA:96,1,16,1
BRDA:96,1,17,1
BRDA:100,2,0,1
BRDA:100,2,1,1
BRDA:102,3,0,5
BRDA:102,3,1,0
BRDA:103,4,0,1
BRDA:103,4,1,4
BRDA:103,5,0,5
BRDA:103,5,1,5
BRDA:103,5,2,4
BRDA:106,6,0,1
BRDA:106,6,1,3
BRDA:109,7,0,1
BRDA:109,7,1,2
BRDA:112,8,0,1
BRDA:112,8,1,1
BRDA:159,9,0,1
BRDA:159,9,1,10
BRDA:164,10,0,1
BRDA:164,10,1,9
BRDA:171,11,0,1
BRDA:171,11,1,8
BRDA:171,12,0,9
BRDA:171,12,1,1
BRDA:176,13,0,1
BRDA:176,13,1,7
BRDA:181,14,0,1
BRDA:181,14,1,6
BRDA:186,15,0,1
BRDA:186,15,1,5
BRDA:191,16,0,1
BRDA:191,16,1,4
BRDA:191,17,0,5
BRDA:191,17,1,2
BRDA:191,17,2,1
BRDA:196,18,0,2
BRDA:196,18,1,2
BRDA:201,19,0,1
BRDA:201,19,1,1
BRDA:227,20,0,3
BRDA:227,20,1,8
BRDA:233,21,0,5
BRDA:233,21,1,3
BRDA:238,22,0,2
BRDA:238,22,1,1
BRDA:238,23,0,3
BRDA:238,23,1,2
BRDA:251,24,0,3
BRDA:251,24,1,3
BRDA:255,25,0,3
BRDA:255,25,1,3
BRDA:275,26,0,5
BRDA:275,26,1,1
BRDA:292,27,0,6
BRDA:292,27,1,0
BRDA:304,28,0,4
BRDA:310,29,0,6
BRDA:310,30,0,6
BRDA:314,31,0,4
BRDA:314,31,1,20
BRDA:314,32,0,24
BRDA:314,32,1,20
BRDA:319,33,0,2
BRDA:319,33,1,18
BRDA:319,34,0,20
BRDA:319,34,1,3
BRDA:328,35,0,13
BRDA:328,35,1,0
BRDA:329,36,0,13
BRDA:329,36,1,0
BRDA:331,37,0,6
BRDA:331,37,1,7
BRDA:336,38,0,1
BRDA:336,38,1,6
BRDA:337,39,0,1
BRDA:337,39,1,0
BRDA:353,40,0,8
BRDA:358,41,0,9
BRDA:358,42,0,9
BRDA:360,43,0,1
BRDA:360,43,1,9
BRDA:363,44,0,3
BRDA:363,44,1,27
BRDA:364,45,0,3
BRDA:364,45,1,2
BRDA:364,46,0,3
BRDA:364,46,1,2
BRDA:365,47,0,27
BRDA:365,47,1,18
BRDA:365,48,0,27
BRDA:365,48,1,18
BRDA:367,49,0,27
BRDA:367,49,1,3
BRF:112
BRH:107
end_of_record
TN:
SF:lib/llm/base.ts
FN:53,(anonymous_0)
FN:104,(anonymous_1)
FN:105,(anonymous_2)
FN:131,(anonymous_3)
FN:217,(anonymous_4)
FNF:5
FNH:5
FNDA:21,(anonymous_0)
FNDA:9,(anonymous_1)
FNDA:11,(anonymous_2)
FNDA:2,(anonymous_3)
FNDA:6,(anonymous_4)
DA:46,1
DA:60,21
DA:61,21
DA:62,21
DA:63,21
DA:71,21
DA:105,9
DA:107,11
DA:108,2
DA:114,2
DA:115,2
DA:119,2
DA:120,1
DA:123,2
DA:127,9
DA:128,2
DA:131,2
DA:144,7
DA:145,2
DA:148,2
DA:149,2
DA:156,2
DA:157,3
DA:161,3
DA:163,0
DA:164,0
DA:165,0
DA:168,3
DA:177,3
DA:178,0
DA:182,0
DA:185,3
DA:194,2
DA:199,2
DA:203,2
DA:207,5
DA:218,6
LF:37
LH:32
BRDA:57,0,0,20
BRDA:71,1,0,21
BRDA:71,1,1,21
BRDA:76,2,0,21
BRDA:76,2,1,20
BRDA:77,3,0,21
BRDA:77,3,1,20
BRDA:107,4,0,2
BRDA:107,4,1,9
BRDA:114,5,0,2
BRDA:114,5,1,0
BRDA:119,6,0,1
BRDA:119,6,1,1
BRDA:127,7,0,2
BRDA:127,7,1,7
BRDA:127,8,0,9
BRDA:127,8,1,3
BRDA:127,8,2,2
BRDA:130,9,0,2
BRDA:130,9,1,1
BRDA:133,10,0,2
BRDA:133,10,1,2
BRDA:137,11,0,1
BRDA:137,11,1,1
BRDA:144,12,0,2
BRDA:144,12,1,5
BRDA:144,13,0,7
BRDA:144,13,1,3
BRDA:148,14,0,2
BRDA:148,14,1,0
BRDA:157,15,0,3
BRDA:157,15,1,0
BRDA:161,16,0,0
BRDA:161,16,1,3
BRDA:161,17,0,3
BRDA:161,17,1,3
BRDA:163,18,0,0
BRDA:163,18,1,0
BRDA:177,19,0,0
BRDA:177,19,1,3
BRDA:177,20,0,3
BRDA:177,20,1,3
BRF:42
BRH:35
end_of_record
TN:
SF:lib/llm/client.ts
FN:8,(anonymous_0)
FN:14,(anonymous_1)
FN:36,(anonymous_2)
FN:43,(anonymous_3)
FN:51,getLLMClient
FN:58,initializeLLMClient
FN:66,createProvider
FNF:7
FNH:6
FNDA:12,(anonymous_0)
FNDA:8,(anonymous_1)
FNDA:2,(anonymous_2)
FNDA:8,(anonymous_3)
FNDA:4,getLLMClient
FNDA:1,initializeLLMClient
FNDA:0,createProvider
DA:3,3
DA:5,3
DA:6,12
DA:9,12
DA:10,3
DA:15,8
DA:20,7
DA:30,7
DA:32,1
DA:37,2
DA:38,1
DA:40,1
DA:44,8
DA:49,3
DA:51,3
DA:52,4
DA:53,2
DA:55,4
DA:58,3
DA:59,1
DA:60,1
DA:66,3
DA:67,0
DA:71,0
DA:82,0
LF:25
LH:22
BRDA:9,0,0,3
BRDA:9,0,1,9
BRDA:15,1,0,5
BRDA:15,1,1,6
BRDA:15,1,2,7
BRDA:15,1,3,1
BRDA:37,2,0,1
BRDA:37,2,1,1
BRDA:52,3,0,2
BRDA:52,3,1,2
BRDA:67,4,0,0
BRDA:67,4,1,0
BRDA:67,4,2,0
BRDA:67,4,3,0
BRF:14
BRH:10
end_of_record
TN:
SF:lib/llm/http-utils.ts
FN:11,createFetchOptions
FN:23,(anonymous_10)
FN:54,(anonymous_12)
FN:87,(anonymous_13)
FN:107,(anonymous_14)
FN:120,(anonymous_15)
FN:146,(anonymous_16)
FN:173,createAuthHeader
FNF:8
FNH:4
FNDA:19,createFetchOptions
FNDA:4,(anonymous_10)
FNDA:1,(anonymous_12)
FNDA:0,(anonymous_13)
FNDA:0,(anonymous_14)
FNDA:0,(anonymous_15)
FNDA:0,(anonymous_16)
FNDA:3,createAuthHeader
DA:11,1
DA:12,19
DA:15,19
DA:16,18
DA:19,19
DA:22,19
DA:23,3
DA:24,4
DA:28,19
DA:30,19
DA:39,1
DA:46,12
DA:49,12
DA:50,12
DA:53,12
DA:54,12
DA:56,12
DA:57,12
DA:61,8
DA:62,8
DA:64,4
DA:65,4
DA:66,2
DA:71,2
DA:79,0
DA:80,0
DA:83,0
DA:84,0
DA:86,0
DA:87,0
DA:88,0
DA:91,0
DA:93,0
DA:95,0
DA:98,0
DA:103,0
DA:105,0
DA:106,0
DA:107,0
DA:108,0
DA:111,0
DA:113,0
DA:119,0
DA:120,0
DA:122,0
DA:123,0
DA:127,0
DA:128,0
DA:130,0
DA:131,0
DA:132,0
DA:137,0
DA:142,0
DA:145,0
DA:146,0
DA:148,0
DA:149,0
DA:153,0
DA:154,0
DA:156,0
DA:157,0
DA:158,0
DA:163,0
DA:173,1
DA:174,3
DA:175,1
DA:182,2
DA:183,0
DA:188,2
DA:189,0
DA:192,2
LF:71
LH:30
BRDA:11,0,0,4
BRDA:15,1,0,18
BRDA:15,1,1,1
BRDA:22,2,0,3
BRDA:22,2,1,16
BRDA:42,3,0,9
BRDA:43,4,0,10
BRDA:46,5,0,12
BRDA:46,5,1,12
BRDA:49,6,0,12
BRDA:49,6,1,0
BRDA:49,7,0,12
BRDA:49,7,1,12
BRDA:65,8,0,2
BRDA:65,8,1,2
BRDA:72,9,0,2
BRDA:72,9,1,0
BRDA:83,10,0,0
BRDA:83,10,1,0
BRDA:83,11,0,0
BRDA:83,11,1,0
BRDA:84,12,0,0
BRDA:84,12,1,0
BRDA:84,13,0,0
BRDA:84,13,1,0
BRDA:89,14,0,0
BRDA:89,14,1,0
BRDA:95,15,0,0
BRDA:95,15,1,0
BRDA:103,16,0,0
BRDA:103,16,1,0
BRDA:103,17,0,0
BRDA:103,17,1,0
BRDA:105,18,0,0
BRDA:105,18,1,0
BRDA:131,19,0,0
BRDA:131,19,1,0
BRDA:138,20,0,0
BRDA:138,20,1,0
BRDA:157,21,0,0
BRDA:157,21,1,0
BRDA:164,22,0,0
BRDA:164,22,1,0
BRDA:174,23,0,1
BRDA:174,23,1,2
BRDA:182,24,0,0
BRDA:182,24,1,2
BRDA:188,25,0,0
BRDA:188,25,1,2
BRDA:188,26,0,2
BRDA:188,26,1,2
BRF:51
BRH:21
end_of_record
TN:
SF:lib/mcp/client.ts
FN:21,(anonymous_0)
FN:28,(anonymous_1)
FN:35,(anonymous_2)
FN:57,(anonymous_3)
FN:87,(anonymous_4)
FN:101,(anonymous_5)
FN:112,(anonymous_6)
FN:143,(anonymous_7)
FN:164,(anonymous_8)
FN:186,(anonymous_9)
FN:193,(anonymous_10)
FN:200,(anonymous_11)
FN:207,(anonymous_12)
FN:214,(anonymous_13)
FNF:14
FNH:12
FNDA:16,(anonymous_0)
FNDA:0,(anonymous_1)
FNDA:0,(anonymous_2)
FNDA:3,(anonymous_3)
FNDA:6,(anonymous_4)
FNDA:3,(anonymous_5)
FNDA:2,(anonymous_6)
FNDA:3,(anonymous_7)
FNDA:2,(anonymous_8)
FNDA:16,(anonymous_9)
FNDA:5,(anonymous_10)
FNDA:1,(anonymous_11)
FNDA:1,(anonymous_12)
FNDA:2,(anonymous_13)
DA:14,1
DA:16,16
DA:17,16
DA:18,16
DA:19,16
DA:22,16
DA:29,0
DA:36,0
DA:58,3
DA:74,3
DA:76,3
DA:77,1
DA:80,2
DA:81,2
DA:88,6
DA:95,6
DA:97,6
DA:98,1
DA:101,5
DA:106,5
DA:113,2
DA:123,2
DA:125,2
DA:126,1
DA:137,1
DA:144,3
DA:151,3
DA:153,3
DA:154,1
DA:157,2
DA:158,2
DA:165,2
DA:174,2
DA:176,2
DA:177,1
DA:180,1
DA:187,16
DA:194,5
DA:201,1
DA:208,1
DA:215,2
LF:41
LH:39
BRDA:76,0,0,1
BRDA:76,0,1,2
BRDA:97,1,0,1
BRDA:97,1,1,5
BRDA:125,2,0,1
BRDA:125,2,1,1
BRDA:153,3,0,1
BRDA:153,3,1,2
BRDA:176,4,0,1
BRDA:176,4,1,1
BRF:10
BRH:10
end_of_record
TN:
SF:lib/store/chat-store.ts
FN:44,loadFromLocalStorage
FN:57,saveToLocalStorage
FN:69,loadWorkingDirectory
FN:320,(anonymous_3)
FN:370,(anonymous_4)
FN:396,(anonymous_5)
FN:425,(anonymous_6)
FN:442,(anonymous_7)
FN:459,(anonymous_8)
FN:472,(anonymous_9)
FN:485,(anonymous_10)
FN:511,(anonymous_11)
FN:534,(anonymous_12)
FN:572,(anonymous_13)
FN:593,(anonymous_14)
FN:611,(anonymous_15)
FN:612,(anonymous_16)
FN:684,(anonymous_17)
FN:686,(anonymous_18)
FN:720,(anonymous_19)
FN:747,(anonymous_20)
FN:773,(anonymous_21)
FN:779,(anonymous_22)
FN:892,(anonymous_23)
FN:907,(anonymous_24)
FN:923,(anonymous_25)
FN:924,(anonymous_26)
FN:935,(anonymous_27)
FN:936,(anonymous_28)
FN:937,(anonymous_29)
FN:948,(anonymous_30)
FN:952,(anonymous_31)
FN:953,(anonymous_32)
FN:970,(anonymous_33)
FN:1005,(anonymous_34)
FN:1019,(anonymous_35)
FN:1034,(anonymous_36)
FN:1066,(anonymous_37)
FN:1083,(anonymous_38)
FN:1092,(anonymous_39)
FN:1093,(anonymous_40)
FN:1107,(anonymous_41)
FN:1108,(anonymous_42)
FN:1117,(anonymous_43)
FN:1125,(anonymous_44)
FN:1137,(anonymous_45)
FN:1154,(anonymous_46)
FN:1159,(anonymous_47)
FN:1166,(anonymous_48)
FN:1171,(anonymous_49)
FN:1177,(anonymous_50)
FN:1181,(anonymous_51)
FN:1182,(anonymous_52)
FN:1190,(anonymous_53)
FN:1191,(anonymous_54)
FN:1205,(anonymous_55)
FN:1206,(anonymous_56)
FN:1220,(anonymous_57)
FN:1225,(anonymous_58)
FN:1231,(anonymous_59)
FN:1241,(anonymous_60)
FN:1247,(anonymous_61)
FN:1257,(anonymous_62)
FN:1263,(anonymous_63)
FN:1273,(anonymous_64)
FN:1274,(anonymous_65)
FN:1287,(anonymous_66)
FN:1297,(anonymous_67)
FN:1303,(anonymous_68)
FN:1313,(anonymous_69)
FN:1319,(anonymous_70)
FN:1329,(anonymous_71)
FN:1361,(anonymous_72)
FN:1372,(anonymous_73)
FN:1378,(anonymous_74)
FN:1388,(anonymous_75)
FN:1398,(anonymous_76)
FN:1409,(anonymous_77)
FN:1425,(anonymous_78)
FN:1429,(anonymous_79)
FN:1433,(anonymous_80)
FN:1438,(anonymous_81)
FN:1439,(anonymous_82)
FN:1446,(anonymous_83)
FN:1450,(anonymous_84)
FN:1460,(anonymous_85)
FN:1461,(anonymous_86)
FN:1468,(anonymous_87)
FN:1473,(anonymous_88)
FN:1477,(anonymous_89)
FN:1481,(anonymous_90)
FN:1486,(anonymous_91)
FN:1490,(anonymous_92)
FN:1494,(anonymous_93)
FN:1498,(anonymous_94)
FN:1503,(anonymous_95)
FN:1511,(anonymous_96)
FN:1516,(anonymous_97)
FN:1517,(anonymous_98)
FN:1518,(anonymous_99)
FN:1524,(anonymous_100)
FN:1528,(anonymous_101)
FN:1535,(anonymous_102)
FN:1541,(anonymous_103)
FN:1546,(anonymous_104)
FN:1550,(anonymous_105)
FN:1554,(anonymous_106)
FN:1559,(anonymous_107)
FN:1560,(anonymous_108)
FN:1570,(anonymous_109)
FN:1585,(anonymous_110)
FN:1586,(anonymous_111)
FN:1596,(anonymous_112)
FN:1609,(anonymous_113)
FN:1617,(anonymous_114)
FN:1622,(anonymous_115)
FN:1623,(anonymous_116)
FN:1624,(anonymous_117)
FN:1630,(anonymous_118)
FN:1634,(anonymous_119)
FN:1638,(anonymous_120)
FN:1643,(anonymous_121)
FN:1644,(anonymous_122)
FN:1653,(anonymous_123)
FN:1660,(anonymous_124)
FN:1661,(anonymous_125)
FN:1670,(anonymous_126)
FN:1677,(anonymous_127)
FN:1684,(anonymous_128)
FN:1691,(anonymous_129)
FN:1699,(anonymous_130)
FN:1704,(anonymous_131)
FN:1712,(anonymous_132)
FN:1715,(anonymous_133)
FN:1717,(anonymous_134)
FN:1744,(anonymous_135)
FN:1745,(anonymous_136)
FN:1746,(anonymous_137)
FN:1757,(anonymous_138)
FN:1761,(anonymous_139)
FN:1762,(anonymous_140)
FN:1763,(anonymous_141)
FN:1771,(anonymous_142)
FN:1772,(anonymous_143)
FN:1773,(anonymous_144)
FN:1781,(anonymous_145)
FN:1782,(anonymous_146)
FN:1783,(anonymous_147)
FN:1791,(anonymous_148)
FN:1796,(anonymous_149)
FN:1819,(anonymous_150)
FN:1835,(anonymous_151)
FN:1839,(anonymous_152)
FN:1848,(anonymous_153)
FN:1850,(anonymous_154)
FN:1873,(anonymous_155)
FN:1874,(anonymous_156)
FN:1878,(anonymous_157)
FN:1879,(anonymous_158)
FN:1887,(anonymous_159)
FN:1889,(anonymous_160)
FN:1905,(anonymous_161)
FN:1909,(anonymous_162)
FN:1910,(anonymous_163)
FN:1920,(anonymous_164)
FNF:165
FNH:85
FNDA:14,loadFromLocalStorage
FNDA:12,saveToLocalStorage
FNDA:0,loadWorkingDirectory
FNDA:1,(anonymous_3)
FNDA:1,(anonymous_4)
FNDA:1,(anonymous_5)
FNDA:1,(anonymous_6)
FNDA:1,(anonymous_7)
FNDA:1,(anonymous_8)
FNDA:1,(anonymous_9)
FNDA:1,(anonymous_10)
FNDA:4,(anonymous_11)
FNDA:3,(anonymous_12)
FNDA:3,(anonymous_13)
FNDA:3,(anonymous_14)
FNDA:3,(anonymous_15)
FNDA:4,(anonymous_16)
FNDA:0,(anonymous_17)
FNDA:0,(anonymous_18)
FNDA:0,(anonymous_19)
FNDA:0,(anonymous_20)
FNDA:3,(anonymous_21)
FNDA:3,(anonymous_22)
FNDA:3,(anonymous_23)
FNDA:1,(anonymous_24)
FNDA:1,(anonymous_25)
FNDA:1,(anonymous_26)
FNDA:0,(anonymous_27)
FNDA:0,(anonymous_28)
FNDA:0,(anonymous_29)
FNDA:0,(anonymous_30)
FNDA:0,(anonymous_31)
FNDA:0,(anonymous_32)
FNDA:5,(anonymous_33)
FNDA:5,(anonymous_34)
FNDA:1,(anonymous_35)
FNDA:4,(anonymous_36)
FNDA:2,(anonymous_37)
FNDA:2,(anonymous_38)
FNDA:2,(anonymous_39)
FNDA:2,(anonymous_40)
FNDA:2,(anonymous_41)
FNDA:2,(anonymous_42)
FNDA:0,(anonymous_43)
FNDA:1,(anonymous_44)
FNDA:1,(anonymous_45)
FNDA:1,(anonymous_46)
FNDA:1,(anonymous_47)
FNDA:0,(anonymous_48)
FNDA:1,(anonymous_49)
FNDA:1,(anonymous_50)
FNDA:0,(anonymous_51)
FNDA:0,(anonymous_52)
FNDA:4,(anonymous_53)
FNDA:4,(anonymous_54)
FNDA:2,(anonymous_55)
FNDA:2,(anonymous_56)
FNDA:6,(anonymous_57)
FNDA:2,(anonymous_58)
FNDA:0,(anonymous_59)
FNDA:2,(anonymous_60)
FNDA:0,(anonymous_61)
FNDA:2,(anonymous_62)
FNDA:0,(anonymous_63)
FNDA:0,(anonymous_64)
FNDA:0,(anonymous_65)
FNDA:0,(anonymous_66)
FNDA:0,(anonymous_67)
FNDA:0,(anonymous_68)
FNDA:0,(anonymous_69)
FNDA:0,(anonymous_70)
FNDA:2,(anonymous_71)
FNDA:0,(anonymous_72)
FNDA:0,(anonymous_73)
FNDA:0,(anonymous_74)
FNDA:2,(anonymous_75)
FNDA:1,(anonymous_76)
FNDA:3,(anonymous_77)
FNDA:2,(anonymous_78)
FNDA:1,(anonymous_79)
FNDA:2,(anonymous_80)
FNDA:3,(anonymous_81)
FNDA:3,(anonymous_82)
FNDA:2,(anonymous_83)
FNDA:2,(anonymous_84)
FNDA:1,(anonymous_85)
FNDA:1,(anonymous_86)
FNDA:4,(anonymous_87)
FNDA:3,(anonymous_88)
FNDA:2,(anonymous_89)
FNDA:0,(anonymous_90)
FNDA:0,(anonymous_91)
FNDA:0,(anonymous_92)
FNDA:0,(anonymous_93)
FNDA:0,(anonymous_94)
FNDA:3,(anonymous_95)
FNDA:3,(anonymous_96)
FNDA:1,(anonymous_97)
FNDA:1,(anonymous_98)
FNDA:1,(anonymous_99)
FNDA:1,(anonymous_100)
FNDA:0,(anonymous_101)
FNDA:0,(anonymous_102)
FNDA:0,(anonymous_103)
FNDA:0,(anonymous_104)
FNDA:0,(anonymous_105)
FNDA:0,(anonymous_106)
FNDA:0,(anonymous_107)
FNDA:0,(anonymous_108)
FNDA:0,(anonymous_109)
FNDA:0,(anonymous_110)
FNDA:0,(anonymous_111)
FNDA:0,(anonymous_112)
FNDA:0,(anonymous_113)
FNDA:0,(anonymous_114)
FNDA:0,(anonymous_115)
FNDA:0,(anonymous_116)
FNDA:0,(anonymous_117)
FNDA:0,(anonymous_118)
FNDA:0,(anonymous_119)
FNDA:0,(anonymous_120)
FNDA:0,(anonymous_121)
FNDA:0,(anonymous_122)
FNDA:0,(anonymous_123)
FNDA:0,(anonymous_124)
FNDA:0,(anonymous_125)
FNDA:0,(anonymous_126)
FNDA:0,(anonymous_127)
FNDA:0,(anonymous_128)
FNDA:0,(anonymous_129)
FNDA:0,(anonymous_130)
FNDA:0,(anonymous_131)
FNDA:19,(anonymous_132)
FNDA:19,(anonymous_133)
FNDA:7,(anonymous_134)
FNDA:3,(anonymous_135)
FNDA:3,(anonymous_136)
FNDA:5,(anonymous_137)
FNDA:1,(anonymous_138)
FNDA:1,(anonymous_139)
FNDA:1,(anonymous_140)
FNDA:1,(anonymous_141)
FNDA:2,(anonymous_142)
FNDA:2,(anonymous_143)
FNDA:2,(anonymous_144)
FNDA:1,(anonymous_145)
FNDA:1,(anonymous_146)
FNDA:1,(anonymous_147)
FNDA:1,(anonymous_148)
FNDA:0,(anonymous_149)
FNDA:0,(anonymous_150)
FNDA:0,(anonymous_151)
FNDA:0,(anonymous_152)
FNDA:0,(anonymous_153)
FNDA:0,(anonymous_154)
FNDA:0,(anonymous_155)
FNDA:0,(anonymous_156)
FNDA:0,(anonymous_157)
FNDA:0,(anonymous_158)
FNDA:0,(anonymous_159)
FNDA:0,(anonymous_160)
FNDA:0,(anonymous_161)
FNDA:0,(anonymous_162)
FNDA:0,(anonymous_163)
FNDA:0,(anonymous_164)
DA:1,1
DA:9,1
DA:11,1
DA:18,1
DA:20,1
DA:39,1
DA:45,14
DA:46,0
DA:48,14
DA:49,14
DA:50,14
DA:52,1
DA:53,1
DA:58,12
DA:59,0
DA:61,12
DA:62,12
DA:64,0
DA:70,0
DA:71,0
DA:73,0
DA:74,0
DA:75,0
DA:76,0
DA:80,0
DA:81,0
DA:82,0
DA:83,0
DA:84,0
DA:87,0
DA:88,0
DA:91,0
DA:92,0
DA:93,0
DA:98,0
DA:100,0
DA:101,0
DA:320,1
DA:371,1
DA:378,1
DA:379,0
DA:382,1
DA:383,1
DA:384,1
DA:385,0
DA:386,0
DA:389,0
DA:392,1
DA:397,1
DA:402,1
DA:403,0
DA:406,1
DA:407,1
DA:408,1
DA:409,0
DA:410,0
DA:413,0
DA:416,1
DA:426,1
DA:427,0
DA:429,1
DA:430,1
DA:431,1
DA:432,0
DA:433,0
DA:436,0
DA:438,1
DA:443,1
DA:444,0
DA:446,1
DA:447,1
DA:448,1
DA:449,0
DA:450,0
DA:453,0
DA:455,1
DA:460,1
DA:461,0
DA:463,1
DA:464,1
DA:465,1
DA:467,0
DA:469,0
DA:473,1
DA:474,0
DA:476,1
DA:477,1
DA:478,1
DA:480,0
DA:482,0
DA:486,1
DA:487,0
DA:489,1
DA:490,1
DA:491,1
DA:493,0
DA:495,0
DA:512,4
DA:513,0
DA:516,4
DA:517,4
DA:519,2
DA:520,1
DA:521,1
DA:525,2
DA:526,2
DA:529,1
DA:535,3
DA:538,3
DA:547,3
DA:556,3
DA:557,3
DA:559,2
DA:560,2
DA:561,2
DA:562,1
DA:564,1
DA:567,0
DA:572,3
DA:573,3
DA:575,3
DA:576,2
DA:579,3
DA:580,3
DA:582,3
DA:590,3
DA:594,3
DA:595,3
DA:596,3
DA:599,3
DA:600,0
DA:601,0
DA:602,0
DA:603,0
DA:605,0
DA:611,3
DA:612,4
DA:613,3
DA:616,3
DA:617,3
DA:620,3
DA:621,3
DA:624,3
DA:626,3
DA:631,3
DA:633,3
DA:646,3
DA:647,3
DA:648,3
DA:650,1
DA:655,3
DA:656,3
DA:657,0
DA:658,0
DA:659,0
DA:660,0
DA:662,0
DA:665,0
DA:670,3
DA:671,3
DA:672,3
DA:673,3
DA:675,3
DA:679,3
DA:680,3
DA:685,0
DA:686,0
DA:687,0
DA:688,0
DA:692,0
DA:693,0
DA:694,0
DA:695,0
DA:696,0
DA:697,0
DA:700,0
DA:703,0
DA:707,0
DA:711,0
DA:720,0
DA:728,0
DA:729,0
DA:730,0
DA:731,0
DA:732,0
DA:733,0
DA:735,0
DA:736,0
DA:739,0
DA:742,0
DA:747,0
DA:748,0
DA:749,0
DA:750,0
DA:752,0
DA:756,0
DA:757,0
DA:761,0
DA:762,0
DA:764,0
DA:770,0
DA:774,3
DA:775,3
DA:776,3
DA:779,3
DA:780,3
DA:781,0
DA:782,0
DA:786,3
DA:787,3
DA:789,3
DA:790,3
DA:792,3
DA:793,0
DA:794,0
DA:795,0
DA:800,0
DA:801,0
DA:802,0
DA:804,0
DA:805,0
DA:806,0
DA:811,0
DA:812,0
DA:813,0
DA:818,0
DA:819,0
DA:820,0
DA:825,0
DA:826,0
DA:827,0
DA:833,3
DA:837,3
DA:838,0
DA:849,0
DA:852,3
DA:865,3
DA:866,3
DA:867,3
DA:869,3
DA:871,1
DA:872,1
DA:873,1
DA:874,1
DA:875,1
DA:878,0
DA:883,3
DA:884,2
DA:888,2
DA:892,3
DA:893,3
DA:894,3
DA:895,3
DA:902,0
DA:903,0
DA:909,1
DA:910,1
DA:911,0
DA:912,0
DA:913,0
DA:914,0
DA:916,0
DA:919,0
DA:923,1
DA:924,1
DA:925,1
DA:928,1
DA:929,1
DA:931,1
DA:936,0
DA:937,0
DA:938,0
DA:942,0
DA:944,0
DA:952,0
DA:953,0
DA:954,0
DA:964,0
DA:966,0
DA:971,5
DA:972,2
DA:975,3
DA:976,3
DA:979,3
DA:981,5
DA:984,5
DA:986,5
DA:987,0
DA:988,0
DA:989,0
DA:990,0
DA:993,0
DA:997,5
DA:1001,5
DA:1005,5
DA:1006,5
DA:1010,5
DA:1011,4
DA:1019,3
DA:1020,1
DA:1021,1
DA:1023,1
DA:1024,1
DA:1027,0
DA:1030,3
DA:1035,4
DA:1036,4
DA:1037,1
DA:1040,3
DA:1048,3
DA:1050,2
DA:1051,2
DA:1052,1
DA:1053,1
DA:1057,1
DA:1061,1
DA:1062,1
DA:1066,2
DA:1068,2
DA:1069,2
DA:1070,2
DA:1072,2
DA:1083,2
DA:1084,2
DA:1085,2
DA:1086,1
DA:1092,2
DA:1093,2
DA:1094,2
DA:1097,2
DA:1098,1
DA:1100,2
DA:1104,2
DA:1108,2
DA:1109,2
DA:1110,2
DA:1111,0
DA:1115,2
DA:1116,2
DA:1117,2
DA:1118,0
DA:1120,2
DA:1123,2
DA:1124,1
DA:1125,1
DA:1131,1
DA:1138,1
DA:1141,1
DA:1142,0
DA:1143,0
DA:1144,0
DA:1145,0
DA:1147,1
DA:1149,1
DA:1153,1
DA:1154,1
DA:1155,1
DA:1159,1
DA:1161,1
DA:1162,1
DA:1163,1
DA:1164,1
DA:1166,0
DA:1170,1
DA:1171,1
DA:1178,1
DA:1182,0
DA:1183,0
DA:1184,0
DA:1185,0
DA:1191,4
DA:1192,4
DA:1193,4
DA:1195,4
DA:1206,2
DA:1207,2
DA:1208,2
DA:1210,2
DA:1221,6
DA:1226,2
DA:1229,2
DA:1230,2
DA:1231,0
DA:1232,0
DA:1233,0
DA:1242,2
DA:1245,2
DA:1246,2
DA:1247,0
DA:1248,0
DA:1249,0
DA:1258,2
DA:1261,2
DA:1262,2
DA:1263,0
DA:1264,0
DA:1265,0
DA:1274,0
DA:1275,0
DA:1276,0
DA:1277,0
DA:1279,0
DA:1281,0
DA:1285,0
DA:1286,0
DA:1287,0
DA:1288,0
DA:1289,0
DA:1298,0
DA:1301,0
DA:1302,0
DA:1303,0
DA:1304,0
DA:1305,0
DA:1314,0
DA:1317,0
DA:1318,0
DA:1319,0
DA:1320,0
DA:1321,0
DA:1330,2
DA:1331,2
DA:1333,1
DA:1345,1
DA:1358,2
DA:1359,2
DA:1360,0
DA:1361,0
DA:1363,0
DA:1364,0
DA:1373,0
DA:1376,0
DA:1377,0
DA:1378,0
DA:1379,0
DA:1380,0
DA:1389,2
DA:1391,2
DA:1392,1
DA:1394,1
DA:1399,1
DA:1400,1
DA:1411,3
DA:1413,1
DA:1414,1
DA:1416,1
DA:1417,1
DA:1419,1
DA:1420,1
DA:1426,2
DA:1430,1
DA:1434,2
DA:1439,3
DA:1440,3
DA:1441,3
DA:1442,3
DA:1450,2
DA:1451,2
DA:1452,2
DA:1453,2
DA:1454,1
DA:1456,2
DA:1461,1
DA:1462,1
DA:1463,1
DA:1464,1
DA:1469,4
DA:1474,3
DA:1478,2
DA:1482,0
DA:1487,0
DA:1491,0
DA:1495,0
DA:1499,0
DA:1504,3
DA:1511,3
DA:1517,1
DA:1519,1
DA:1525,1
DA:1531,0
DA:1536,0
DA:1541,0
DA:1547,0
DA:1551,0
DA:1555,0
DA:1560,0
DA:1561,0
DA:1563,0
DA:1564,0
DA:1566,0
DA:1571,0
DA:1578,0
DA:1579,0
DA:1581,0
DA:1586,0
DA:1587,0
DA:1589,0
DA:1590,0
DA:1592,0
DA:1597,0
DA:1602,0
DA:1603,0
DA:1605,0
DA:1610,0
DA:1617,0
DA:1623,0
DA:1625,0
DA:1631,0
DA:1635,0
DA:1639,0
DA:1644,0
DA:1645,0
DA:1646,0
DA:1647,0
DA:1649,0
DA:1654,0
DA:1655,0
DA:1656,0
DA:1661,0
DA:1662,0
DA:1663,0
DA:1664,0
DA:1666,0
DA:1671,0
DA:1672,0
DA:1673,0
DA:1678,0
DA:1679,0
DA:1680,0
DA:1685,0
DA:1686,0
DA:1687,0
DA:1692,0
DA:1693,0
DA:1694,0
DA:1700,0
DA:1705,0
DA:1706,0
DA:1707,0
DA:1715,19
DA:1717,19
DA:1718,19
DA:1720,2
DA:1721,1
DA:1722,1
DA:1726,1
DA:1728,1
DA:1732,17
DA:1737,17
DA:1745,3
DA:1746,5
DA:1748,3
DA:1750,3
DA:1758,1
DA:1762,1
DA:1763,1
DA:1764,1
DA:1767,1
DA:1772,2
DA:1773,2
DA:1774,2
DA:1777,2
DA:1782,1
DA:1783,1
DA:1784,1
DA:1787,1
DA:1792,1
DA:1797,0
DA:1798,0
DA:1801,0
DA:1802,0
DA:1804,0
DA:1805,0
DA:1808,0
DA:1809,0
DA:1810,0
DA:1811,0
DA:1815,0
DA:1820,0
DA:1828,0
DA:1829,0
DA:1831,0
DA:1834,0
DA:1835,0
DA:1836,0
DA:1839,0
DA:1843,0
DA:1844,0
DA:1849,0
DA:1850,0
DA:1852,0
DA:1853,0
DA:1856,0
DA:1857,0
DA:1860,0
DA:1866,0
DA:1867,0
DA:1869,0
DA:1872,0
DA:1873,0
DA:1874,0
DA:1875,0
DA:1878,0
DA:1879,0
DA:1882,0
DA:1883,0
DA:1888,0
DA:1889,0
DA:1891,0
DA:1892,0
DA:1895,0
DA:1896,0
DA:1899,0
DA:1900,0
DA:1902,0
DA:1905,0
DA:1906,0
DA:1909,0
DA:1910,0
DA:1915,0
DA:1916,0
DA:1921,0
DA:1923,0
DA:1924,0
LF:624
LH:306
BRDA:45,0,0,0
BRDA:45,0,1,14
BRDA:50,1,0,8
BRDA:50,1,1,6
BRDA:58,2,0,0
BRDA:58,2,1,12
BRDA:70,3,0,0
BRDA:70,3,1,0
BRDA:75,4,0,0
BRDA:75,4,1,0
BRDA:80,5,0,0
BRDA:80,5,1,0
BRDA:83,6,0,0
BRDA:83,6,1,0
BRDA:378,7,0,0
BRDA:378,7,1,1
BRDA:384,8,0,0
BRDA:384,8,1,1
BRDA:402,9,0,0
BRDA:402,9,1,1
BRDA:408,10,0,0
BRDA:408,10,1,1
BRDA:426,11,0,0
BRDA:426,11,1,1
BRDA:431,12,0,0
BRDA:431,12,1,1
BRDA:443,13,0,0
BRDA:443,13,1,1
BRDA:448,14,0,0
BRDA:448,14,1,1
BRDA:460,15,0,0
BRDA:460,15,1,1
BRDA:473,16,0,0
BRDA:473,16,1,1
BRDA:486,17,0,0
BRDA:486,17,1,1
BRDA:491,18,0,0
BRDA:491,18,1,1
BRDA:512,19,0,0
BRDA:512,19,1,4
BRDA:517,20,0,2
BRDA:517,20,1,2
BRDA:517,21,0,4
BRDA:517,21,1,2
BRDA:520,22,0,1
BRDA:520,22,1,0
BRDA:520,23,0,1
BRDA:520,23,1,1
BRDA:557,24,0,2
BRDA:557,24,1,1
BRDA:557,25,0,3
BRDA:557,25,1,2
BRDA:561,26,0,1
BRDA:561,26,1,1
BRDA:575,27,0,2
BRDA:575,27,1,1
BRDA:599,28,0,0
BRDA:599,28,1,3
BRDA:599,29,0,3
BRDA:599,29,1,1
BRDA:599,29,2,0
BRDA:613,30,0,3
BRDA:613,30,1,0
BRDA:613,31,0,3
BRDA:613,31,1,2
BRDA:624,32,0,1
BRDA:624,32,1,2
BRDA:626,33,0,0
BRDA:626,33,1,3
BRDA:626,34,0,3
BRDA:626,34,1,0
BRDA:627,35,0,0
BRDA:627,35,1,0
BRDA:631,36,0,1
BRDA:631,36,1,2
BRDA:631,37,0,1
BRDA:631,37,1,1
BRDA:646,38,0,3
BRDA:646,38,1,0
BRDA:648,39,0,1
BRDA:648,39,1,2
BRDA:656,40,0,0
BRDA:656,40,1,3
BRDA:656,41,0,3
BRDA:656,41,1,0
BRDA:659,42,0,0
BRDA:659,42,1,0
BRDA:670,43,0,3
BRDA:670,43,1,0
BRDA:687,44,0,0
BRDA:687,44,1,0
BRDA:693,45,0,0
BRDA:693,45,1,0
BRDA:693,46,0,0
BRDA:693,46,1,0
BRDA:696,47,0,0
BRDA:696,47,1,0
BRDA:696,48,0,0
BRDA:696,48,1,0
BRDA:707,49,0,0
BRDA:707,49,1,0
BRDA:729,50,0,0
BRDA:729,50,1,0
BRDA:729,51,0,0
BRDA:729,51,1,0
BRDA:732,52,0,0
BRDA:732,52,1,0
BRDA:749,53,0,0
BRDA:749,53,1,0
BRDA:780,54,0,0
BRDA:780,54,1,3
BRDA:792,55,0,0
BRDA:792,55,1,3
BRDA:793,56,0,0
BRDA:793,56,1,0
BRDA:800,57,0,0
BRDA:800,57,1,0
BRDA:804,58,0,0
BRDA:804,58,1,0
BRDA:811,59,0,0
BRDA:811,59,1,0
BRDA:818,60,0,0
BRDA:818,60,1,0
BRDA:825,61,0,0
BRDA:825,61,1,0
BRDA:837,62,0,0
BRDA:837,62,1,3
BRDA:837,63,0,3
BRDA:837,63,1,0
BRDA:844,64,0,0
BRDA:844,64,1,0
BRDA:845,65,0,0
BRDA:845,65,1,0
BRDA:858,66,0,0
BRDA:858,66,1,3
BRDA:859,67,0,0
BRDA:859,67,1,0
BRDA:869,68,0,1
BRDA:869,68,1,2
BRDA:869,69,0,3
BRDA:869,69,1,1
BRDA:873,70,0,1
BRDA:873,70,1,0
BRDA:873,71,0,1
BRDA:873,71,1,1
BRDA:883,72,0,2
BRDA:883,72,1,1
BRDA:888,73,0,2
BRDA:888,73,1,1
BRDA:910,74,0,0
BRDA:910,74,1,1
BRDA:910,75,0,1
BRDA:910,75,1,0
BRDA:913,76,0,0
BRDA:913,76,1,0
BRDA:925,77,0,1
BRDA:925,77,1,0
BRDA:928,78,0,1
BRDA:928,78,1,0
BRDA:938,79,0,0
BRDA:938,79,1,0
BRDA:938,80,0,0
BRDA:938,80,1,0
BRDA:954,81,0,0
BRDA:954,81,1,0
BRDA:971,82,0,2
BRDA:971,82,1,3
BRDA:986,83,0,0
BRDA:986,83,1,5
BRDA:986,84,0,5
BRDA:986,84,1,0
BRDA:989,85,0,0
BRDA:989,85,1,0
BRDA:989,86,0,0
BRDA:989,86,1,0
BRDA:1001,87,0,5
BRDA:1001,87,1,2
BRDA:1010,88,0,4
BRDA:1010,88,1,1
BRDA:1010,89,0,5
BRDA:1010,89,1,3
BRDA:1020,90,0,1
BRDA:1020,90,1,0
BRDA:1021,91,0,0
BRDA:1021,91,1,1
BRDA:1023,92,0,1
BRDA:1023,92,1,0
BRDA:1035,93,0,4
BRDA:1035,93,1,4
BRDA:1036,94,0,1
BRDA:1036,94,1,3
BRDA:1048,95,0,2
BRDA:1048,95,1,1
BRDA:1048,96,0,3
BRDA:1048,96,1,2
BRDA:1051,97,0,1
BRDA:1051,97,1,1
BRDA:1053,98,0,1
BRDA:1053,98,1,0
BRDA:1061,99,0,1
BRDA:1061,99,1,1
BRDA:1069,100,0,2
BRDA:1069,100,1,2
BRDA:1075,101,0,2
BRDA:1075,101,1,0
BRDA:1084,102,0,2
BRDA:1084,102,1,0
BRDA:1085,103,0,1
BRDA:1085,103,1,1
BRDA:1085,104,0,2
BRDA:1085,104,1,1
BRDA:1094,105,0,2
BRDA:1094,105,1,0
BRDA:1097,106,0,1
BRDA:1097,106,1,1
BRDA:1109,107,0,2
BRDA:1109,107,1,1
BRDA:1110,108,0,0
BRDA:1110,108,1,2
BRDA:1116,109,0,2
BRDA:1116,109,1,2
BRDA:1118,110,0,0
BRDA:1118,110,1,0
BRDA:1123,111,0,1
BRDA:1123,111,1,1
BRDA:1125,112,0,1
BRDA:1125,112,1,0
BRDA:1141,113,0,0
BRDA:1141,113,1,1
BRDA:1141,114,0,1
BRDA:1141,114,1,0
BRDA:1143,115,0,0
BRDA:1143,115,1,0
BRDA:1147,116,0,1
BRDA:1147,116,1,0
BRDA:1153,117,0,1
BRDA:1153,117,1,0
BRDA:1162,118,0,1
BRDA:1162,118,1,0
BRDA:1163,119,0,1
BRDA:1163,119,1,1
BRDA:1198,120,0,0
BRDA:1198,120,1,4
BRDA:1200,121,0,0
BRDA:1200,121,1,4
BRDA:1213,122,0,0
BRDA:1213,122,1,2
BRDA:1215,123,0,0
BRDA:1215,123,1,2
BRDA:1230,124,0,0
BRDA:1230,124,1,2
BRDA:1232,125,0,0
BRDA:1232,125,1,0
BRDA:1246,126,0,0
BRDA:1246,126,1,2
BRDA:1248,127,0,0
BRDA:1248,127,1,0
BRDA:1262,128,0,0
BRDA:1262,128,1,2
BRDA:1264,129,0,0
BRDA:1264,129,1,0
BRDA:1276,130,0,0
BRDA:1276,130,1,0
BRDA:1286,131,0,0
BRDA:1286,131,1,0
BRDA:1288,132,0,0
BRDA:1288,132,1,0
BRDA:1302,133,0,0
BRDA:1302,133,1,0
BRDA:1304,134,0,0
BRDA:1304,134,1,0
BRDA:1318,135,0,0
BRDA:1318,135,1,0
BRDA:1320,136,0,0
BRDA:1320,136,1,0
BRDA:1331,137,0,1
BRDA:1331,137,1,1
BRDA:1346,138,0,1
BRDA:1346,138,1,0
BRDA:1347,139,0,1
BRDA:1347,139,1,0
BRDA:1348,140,0,1
BRDA:1348,140,1,0
BRDA:1359,141,0,0
BRDA:1359,141,1,2
BRDA:1363,142,0,0
BRDA:1363,142,1,0
BRDA:1377,143,0,0
BRDA:1377,143,1,0
BRDA:1379,144,0,0
BRDA:1379,144,1,0
BRDA:1391,145,0,1
BRDA:1391,145,1,1
BRDA:1411,146,0,1
BRDA:1411,146,1,1
BRDA:1411,146,2,1
BRDA:1453,147,0,1
BRDA:1453,147,1,1
BRDA:1519,148,0,1
BRDA:1519,148,1,0
BRDA:1563,149,0,0
BRDA:1563,149,1,0
BRDA:1578,150,0,0
BRDA:1578,150,1,0
BRDA:1589,151,0,0
BRDA:1589,151,1,0
BRDA:1602,152,0,0
BRDA:1602,152,1,0
BRDA:1625,153,0,0
BRDA:1625,153,1,0
BRDA:1646,154,0,0
BRDA:1646,154,1,0
BRDA:1655,155,0,0
BRDA:1655,155,1,0
BRDA:1663,156,0,0
BRDA:1663,156,1,0
BRDA:1672,157,0,0
BRDA:1672,157,1,0
BRDA:1679,158,0,0
BRDA:1679,158,1,0
BRDA:1686,159,0,0
BRDA:1686,159,1,0
BRDA:1693,160,0,0
BRDA:1693,160,1,0
BRDA:1706,161,0,0
BRDA:1706,161,1,0
BRDA:1718,162,0,2
BRDA:1718,162,1,17
BRDA:1720,163,0,1
BRDA:1720,163,1,1
BRDA:1748,164,0,2
BRDA:1748,164,1,1
BRDA:1748,165,0,2
BRDA:1748,165,1,1
BRDA:1764,166,0,1
BRDA:1764,166,1,0
BRDA:1774,167,0,2
BRDA:1774,167,1,0
BRDA:1784,168,0,1
BRDA:1784,168,1,0
BRDA:1797,169,0,0
BRDA:1797,169,1,0
BRDA:1802,170,0,0
BRDA:1802,170,1,0
BRDA:1802,171,0,0
BRDA:1802,171,1,0
BRDA:1809,172,0,0
BRDA:1809,172,1,0
BRDA:1829,173,0,0
BRDA:1829,173,1,0
BRDA:1829,174,0,0
BRDA:1829,174,1,0
BRDA:1852,175,0,0
BRDA:1852,175,1,0
BRDA:1856,176,0,0
BRDA:1856,176,1,0
BRDA:1867,177,0,0
BRDA:1867,177,1,0
BRDA:1867,178,0,0
BRDA:1867,178,1,0
BRDA:1874,179,0,0
BRDA:1874,179,1,0
BRDA:1879,180,0,0
BRDA:1879,180,1,0
BRDA:1891,181,0,0
BRDA:1891,181,1,0
BRDA:1895,182,0,0
BRDA:1895,182,1,0
BRDA:1900,183,0,0
BRDA:1900,183,1,0
BRDA:1900,184,0,0
BRDA:1900,184,1,0
BRDA:1905,185,0,0
BRDA:1905,185,1,0
BRDA:1912,186,0,0
BRDA:1912,186,1,0
BRDA:1923,187,0,0
BRDA:1923,187,1,0
BRDA:1924,188,0,0
BRDA:1924,188,1,0
BRF:380
BRH:156
end_of_record
TN:
SF:lib/utils/error-handler.ts
FN:13,isError
FN:20,getErrorMessage
FN:39,getErrorStack
FN:49,createErrorResponse
FN:68,createSuccessResponse
FN:84,getHTTPErrorMessage
FN:109,safeAsync
FN:133,combineErrors
FN:135,(anonymous_8)
FN:143,isErrorType
FN:150,isAbortError
FN:157,isNetworkError
FNF:12
FNH:12
FNDA:45,isError
FNDA:16,getErrorMessage
FNDA:9,getErrorStack
FNDA:2,createErrorResponse
FNDA:2,createSuccessResponse
FNDA:10,getHTTPErrorMessage
FNDA:3,safeAsync
FNDA:3,combineErrors
FNDA:6,(anonymous_8)
FNDA:5,isErrorType
FNDA:2,isAbortError
FNDA:7,isNetworkError
DA:7,1
DA:13,1
DA:14,45
DA:20,1
DA:21,16
DA:22,7
DA:25,9
DA:26,2
DA:29,7
DA:30,2
DA:33,5
DA:39,1
DA:40,9
DA:41,6
DA:43,3
DA:49,1
DA:50,2
DA:51,2
DA:53,2
DA:54,1
DA:56,1
DA:59,2
DA:68,1
DA:69,2
DA:70,1
DA:76,1
DA:84,1
DA:85,10
DA:87,1
DA:89,1
DA:91,1
DA:93,1
DA:95,1
DA:100,4
DA:102,1
DA:109,1
DA:113,3
DA:114,3
DA:115,1
DA:117,2
DA:118,2
DA:120,2
DA:121,1
DA:123,1
DA:126,2
DA:133,1
DA:134,3
DA:135,6
DA:143,1
DA:144,5
DA:150,1
DA:151,2
DA:157,1
DA:158,7
DA:159,1
DA:162,6
LF:56
LH:56
BRDA:21,0,0,7
BRDA:21,0,1,9
BRDA:25,1,0,2
BRDA:25,1,1,7
BRDA:29,2,0,2
BRDA:29,2,1,5
BRDA:29,3,0,7
BRDA:29,3,1,3
BRDA:29,3,2,2
BRDA:40,4,0,6
BRDA:40,4,1,3
BRDA:53,5,0,1
BRDA:53,5,1,1
BRDA:54,6,0,1
BRDA:54,6,1,0
BRDA:56,7,0,1
BRDA:56,7,1,0
BRDA:69,8,0,1
BRDA:69,8,1,1
BRDA:85,9,0,1
BRDA:85,9,1,1
BRDA:85,9,2,1
BRDA:85,9,3,1
BRDA:85,9,4,1
BRDA:85,9,5,1
BRDA:85,9,6,2
BRDA:85,9,7,3
BRDA:85,9,8,4
BRDA:85,9,9,1
BRDA:120,10,0,1
BRDA:120,10,1,1
BRDA:121,11,0,1
BRDA:121,11,1,0
BRDA:123,12,0,1
BRDA:123,12,1,0
BRDA:144,13,0,5
BRDA:144,13,1,4
BRDA:158,14,0,1
BRDA:158,14,1,6
BRDA:163,15,0,6
BRDA:163,15,1,5
BRDA:163,15,2,4
BRDA:163,15,3,3
BRDA:163,15,4,2
BRF:44
BRH:40
end_of_record
TN:
SF:lib/utils/id-generator.ts
FN:15,generateId
FN:29,generateConversationId
FN:36,generateMessageId
FN:43,generateToolCallId
FN:52,generateImageId
FN:62,generateUUID
FN:68,(anonymous_6)
FNF:7
FNH:7
FNDA:111,generateId
FNDA:101,generateConversationId
FNDA:1,generateMessageId
FNDA:1,generateToolCallId
FNDA:3,generateImageId
FNDA:2,generateUUID
FNDA:31,(anonymous_6)
DA:7,1
DA:15,1
DA:16,111
DA:17,111
DA:19,111
DA:20,107
DA:23,4
DA:29,1
DA:30,101
DA:36,1
DA:37,1
DA:43,1
DA:44,1
DA:52,1
DA:53,3
DA:54,3
DA:62,1
DA:63,2
DA:64,1
DA:68,1
DA:69,31
DA:70,31
DA:71,31
LF:23
LH:23
BRDA:19,0,0,107
BRDA:19,0,1,4
BRDA:52,1,0,1
BRDA:53,2,0,1
BRDA:53,2,1,2
BRDA:63,3,0,1
BRDA:63,3,1,1
BRDA:63,4,0,2
BRDA:63,4,1,2
BRDA:70,5,0,30
BRDA:70,5,1,1
BRF:11
BRH:11
end_of_record
TN:
SF:lib/utils/logger.ts
FN:13,(anonymous_0)
FN:22,(anonymous_1)
FN:29,(anonymous_2)
FN:36,(anonymous_3)
FNF:4
FNH:4
FNDA:2,(anonymous_0)
FNDA:1,(anonymous_1)
FNDA:1,(anonymous_2)
FNDA:5,(anonymous_3)
DA:7,6
DA:9,6
DA:14,2
DA:15,1
DA:23,1
DA:30,1
DA:37,5
LF:7
LH:7
BRDA:14,0,0,1
BRDA:14,0,1,1
BRF:2
BRH:2
end_of_record
TN:
SF:tests/setup.ts
FN:252,(anonymous_0)
FN:253,(anonymous_1)
FN:112,(anonymous_2)
FN:120,(anonymous_3)
FN:121,(anonymous_4)
FN:122,(anonymous_5)
FN:123,(anonymous_6)
FN:183,enableElectronMode
FN:188,disableElectronMode
FN:194,(anonymous_9)
FN:195,(anonymous_10)
FN:196,(anonymous_11)
FN:197,(anonymous_12)
FN:200,(anonymous_13)
FN:207,(anonymous_14)
FN:222,(anonymous_15)
FN:223,(anonymous_16)
FN:245,(anonymous_17)
FNF:18
FNH:9
FNDA:0,(anonymous_0)
FNDA:0,(anonymous_1)
FNDA:0,(anonymous_2)
FNDA:0,(anonymous_3)
FNDA:0,(anonymous_4)
FNDA:0,(anonymous_5)
FNDA:0,(anonymous_6)
FNDA:33,enableElectronMode
FNDA:246,disableElectronMode
FNDA:5,(anonymous_9)
FNDA:9,(anonymous_10)
FNDA:4,(anonymous_11)
FNDA:14,(anonymous_12)
FNDA:5,(anonymous_13)
FNDA:128,(anonymous_14)
FNDA:0,(anonymous_15)
FNDA:3,(anonymous_16)
FNDA:0,(anonymous_17)
DA:1,5
DA:2,5
DA:3,5
DA:6,5
DA:7,5
DA:10,5
DA:13,5
DA:112,0
DA:120,0
DA:121,0
DA:122,0
DA:123,0
DA:147,5
DA:157,5
DA:167,5
DA:173,5
DA:180,5
DA:183,5
DA:184,33
DA:188,5
DA:189,246
DA:193,5
DA:194,5
DA:195,5
DA:196,5
DA:197,5
DA:200,5
DA:201,5
DA:202,5
DA:203,5
DA:207,5
DA:208,128
DA:209,128
DA:210,128
DA:211,128
DA:212,128
DA:213,128
DA:217,5
DA:220,5
DA:222,0
DA:224,3
DA:225,96
DA:227,3
DA:245,5
DA:246,0
DA:247,0
DA:248,0
DA:252,5
DA:253,0
DA:257,5
LF:50
LH:40
BRF:0
BRH:0
end_of_record
TN:
SF:types/editor-settings.ts
FNF:0
FNH:0
DA:32,1
DA:45,1
DA:67,1
LF:3
LH:3
BRF:0
BRH:0
end_of_record
TN:
SF:types/persona.ts
FNF:0
FNH:0
DA:21,1
LF:1
LH:1
BRF:0
BRH:0
end_of_record
